[0.842s] DEBUG:colcon:Command line arguments: ['/usr/bin/colcon', 'build']
[0.842s] DEBUG:colcon:Parsed command line arguments: Namespace(log_base=None, log_level=None, verb_name='build', build_base='build', install_base='install', merge_install=False, symlink_install=False, test_result_base=None, continue_on_error=False, executor='parallel', parallel_workers=3, event_handlers=None, ignore_user_meta=False, metas=['./colcon.meta'], base_paths=['.'], packages_ignore=None, packages_ignore_regex=None, paths=None, packages_up_to=None, packages_up_to_regex=None, packages_above=None, packages_above_and_dependencies=None, packages_above_depth=None, packages_select_by_dep=None, packages_skip_by_dep=None, packages_skip_up_to=None, packages_select_build_failed=False, packages_skip_build_finished=False, packages_select_test_failures=False, packages_skip_test_passed=False, packages_select=None, packages_skip=None, packages_select_regex=None, packages_skip_regex=None, packages_start=None, packages_end=None, allow_overriding=[], cmake_args=None, cmake_target=None, cmake_target_skip_unavailable=False, cmake_clean_cache=False, cmake_clean_first=False, cmake_force_configure=False, ament_cmake_args=None, catkin_cmake_args=None, catkin_skip_building_tests=False, mixin_files=None, mixin=None, verb_parser=<colcon_mixin.mixin.mixin_argument.MixinArgumentDecorator object at 0x770b2a13e3b0>, verb_extension=<colcon_core.verb.build.BuildVerb object at 0x770b2a2372e0>, main=<bound method BuildVerb.main of <colcon_core.verb.build.BuildVerb object at 0x770b2a2372e0>>, mixin_verb=('build',))
[1.395s] Level 1:colcon.colcon_core.package_discovery:discover_packages(colcon_meta) check parameters
[1.395s] Level 1:colcon.colcon_core.package_discovery:discover_packages(recursive) check parameters
[1.395s] Level 1:colcon.colcon_core.package_discovery:discover_packages(ignore) check parameters
[1.395s] Level 1:colcon.colcon_core.package_discovery:discover_packages(path) check parameters
[1.395s] Level 1:colcon.colcon_core.package_discovery:discover_packages(colcon_meta) discover
[1.395s] Level 1:colcon.colcon_core.package_discovery:discover_packages(recursive) discover
[1.395s] INFO:colcon.colcon_core.package_discovery:Crawling recursively for packages in '/home/marko/Desktop/Semester_2'
[1.395s] Level 1:colcon.colcon_core.package_identification:_identify(.) by extensions ['ignore', 'ignore_ament_install']
[1.395s] Level 1:colcon.colcon_core.package_identification:_identify(.) by extension 'ignore'
[1.395s] Level 1:colcon.colcon_core.package_identification:_identify(.) by extension 'ignore_ament_install'
[1.395s] Level 1:colcon.colcon_core.package_identification:_identify(.) by extensions ['colcon_pkg']
[1.395s] Level 1:colcon.colcon_core.package_identification:_identify(.) by extension 'colcon_pkg'
[1.395s] Level 1:colcon.colcon_core.package_identification:_identify(.) by extensions ['colcon_meta']
[1.395s] Level 1:colcon.colcon_core.package_identification:_identify(.) by extension 'colcon_meta'
[1.395s] Level 1:colcon.colcon_core.package_identification:_identify(.) by extensions ['ros']
[1.395s] Level 1:colcon.colcon_core.package_identification:_identify(.) by extension 'ros'
[1.413s] Level 1:colcon.colcon_core.package_identification:_identify(.) by extensions ['cmake', 'python']
[1.414s] Level 1:colcon.colcon_core.package_identification:_identify(.) by extension 'cmake'
[1.414s] Level 1:colcon.colcon_core.package_identification:_identify(.) by extension 'python'
[1.414s] Level 1:colcon.colcon_core.package_identification:_identify(.) by extensions ['python_setup_py']
[1.414s] Level 1:colcon.colcon_core.package_identification:_identify(.) by extension 'python_setup_py'
[1.414s] Level 1:colcon.colcon_core.package_identification:_identify(build) by extensions ['ignore', 'ignore_ament_install']
[1.414s] Level 1:colcon.colcon_core.package_identification:_identify(build) by extension 'ignore'
[1.414s] Level 1:colcon.colcon_core.package_identification:_identify(build) ignored
[1.414s] Level 1:colcon.colcon_core.package_identification:_identify(install) by extensions ['ignore', 'ignore_ament_install']
[1.414s] Level 1:colcon.colcon_core.package_identification:_identify(install) by extension 'ignore'
[1.414s] Level 1:colcon.colcon_core.package_identification:_identify(install) ignored
[1.414s] Level 1:colcon.colcon_core.package_identification:_identify(log) by extensions ['ignore', 'ignore_ament_install']
[1.414s] Level 1:colcon.colcon_core.package_identification:_identify(log) by extension 'ignore'
[1.414s] Level 1:colcon.colcon_core.package_identification:_identify(log) ignored
[1.414s] Level 1:colcon.colcon_core.package_identification:_identify(src) by extensions ['ignore', 'ignore_ament_install']
[1.414s] Level 1:colcon.colcon_core.package_identification:_identify(src) by extension 'ignore'
[1.414s] Level 1:colcon.colcon_core.package_identification:_identify(src) by extension 'ignore_ament_install'
[1.414s] Level 1:colcon.colcon_core.package_identification:_identify(src) by extensions ['colcon_pkg']
[1.414s] Level 1:colcon.colcon_core.package_identification:_identify(src) by extension 'colcon_pkg'
[1.414s] Level 1:colcon.colcon_core.package_identification:_identify(src) by extensions ['colcon_meta']
[1.414s] Level 1:colcon.colcon_core.package_identification:_identify(src) by extension 'colcon_meta'
[1.414s] Level 1:colcon.colcon_core.package_identification:_identify(src) by extensions ['ros']
[1.414s] Level 1:colcon.colcon_core.package_identification:_identify(src) by extension 'ros'
[1.415s] Level 1:colcon.colcon_core.package_identification:_identify(src) by extensions ['cmake', 'python']
[1.415s] Level 1:colcon.colcon_core.package_identification:_identify(src) by extension 'cmake'
[1.415s] Level 1:colcon.colcon_core.package_identification:_identify(src) by extension 'python'
[1.415s] Level 1:colcon.colcon_core.package_identification:_identify(src) by extensions ['python_setup_py']
[1.415s] Level 1:colcon.colcon_core.package_identification:_identify(src) by extension 'python_setup_py'
[1.415s] Level 1:colcon.colcon_core.package_identification:_identify(src/my_robot_bringup) by extensions ['ignore', 'ignore_ament_install']
[1.415s] Level 1:colcon.colcon_core.package_identification:_identify(src/my_robot_bringup) by extension 'ignore'
[1.415s] Level 1:colcon.colcon_core.package_identification:_identify(src/my_robot_bringup) by extension 'ignore_ament_install'
[1.415s] Level 1:colcon.colcon_core.package_identification:_identify(src/my_robot_bringup) by extensions ['colcon_pkg']
[1.415s] Level 1:colcon.colcon_core.package_identification:_identify(src/my_robot_bringup) by extension 'colcon_pkg'
[1.415s] Level 1:colcon.colcon_core.package_identification:_identify(src/my_robot_bringup) by extensions ['colcon_meta']
[1.415s] Level 1:colcon.colcon_core.package_identification:_identify(src/my_robot_bringup) by extension 'colcon_meta'
[1.415s] Level 1:colcon.colcon_core.package_identification:_identify(src/my_robot_bringup) by extensions ['ros']
[1.415s] Level 1:colcon.colcon_core.package_identification:_identify(src/my_robot_bringup) by extension 'ros'
[1.422s] DEBUG:colcon.colcon_core.package_identification:Package 'src/my_robot_bringup' with type 'ros.ament_cmake' and name 'my_robot_bringup'
[1.422s] Level 1:colcon.colcon_core.package_identification:_identify(src/my_robot_description) by extensions ['ignore', 'ignore_ament_install']
[1.422s] Level 1:colcon.colcon_core.package_identification:_identify(src/my_robot_description) by extension 'ignore'
[1.422s] Level 1:colcon.colcon_core.package_identification:_identify(src/my_robot_description) by extension 'ignore_ament_install'
[1.422s] Level 1:colcon.colcon_core.package_identification:_identify(src/my_robot_description) by extensions ['colcon_pkg']
[1.422s] Level 1:colcon.colcon_core.package_identification:_identify(src/my_robot_description) by extension 'colcon_pkg'
[1.423s] Level 1:colcon.colcon_core.package_identification:_identify(src/my_robot_description) by extensions ['colcon_meta']
[1.423s] Level 1:colcon.colcon_core.package_identification:_identify(src/my_robot_description) by extension 'colcon_meta'
[1.423s] Level 1:colcon.colcon_core.package_identification:_identify(src/my_robot_description) by extensions ['ros']
[1.423s] Level 1:colcon.colcon_core.package_identification:_identify(src/my_robot_description) by extension 'ros'
[1.424s] DEBUG:colcon.colcon_core.package_identification:Package 'src/my_robot_description' with type 'ros.ament_cmake' and name 'my_robot_description'
[1.424s] Level 1:colcon.colcon_core.package_identification:_identify(src/vision_rpi_bot) by extensions ['ignore', 'ignore_ament_install']
[1.424s] Level 1:colcon.colcon_core.package_identification:_identify(src/vision_rpi_bot) by extension 'ignore'
[1.424s] Level 1:colcon.colcon_core.package_identification:_identify(src/vision_rpi_bot) by extension 'ignore_ament_install'
[1.424s] Level 1:colcon.colcon_core.package_identification:_identify(src/vision_rpi_bot) by extensions ['colcon_pkg']
[1.424s] Level 1:colcon.colcon_core.package_identification:_identify(src/vision_rpi_bot) by extension 'colcon_pkg'
[1.424s] Level 1:colcon.colcon_core.package_identification:_identify(src/vision_rpi_bot) by extensions ['colcon_meta']
[1.424s] Level 1:colcon.colcon_core.package_identification:_identify(src/vision_rpi_bot) by extension 'colcon_meta'
[1.424s] Level 1:colcon.colcon_core.package_identification:_identify(src/vision_rpi_bot) by extensions ['ros']
[1.424s] Level 1:colcon.colcon_core.package_identification:_identify(src/vision_rpi_bot) by extension 'ros'
[1.426s] DEBUG:colcon.colcon_core.package_identification:Package 'src/vision_rpi_bot' with type 'ros.ament_python' and name 'vision_rpi_bot'
[1.426s] Level 1:colcon.colcon_core.package_discovery:discover_packages(recursive) using defaults
[1.426s] Level 1:colcon.colcon_core.package_discovery:discover_packages(ignore) discover
[1.426s] Level 1:colcon.colcon_core.package_discovery:discover_packages(ignore) using defaults
[1.426s] Level 1:colcon.colcon_core.package_discovery:discover_packages(path) discover
[1.426s] Level 1:colcon.colcon_core.package_discovery:discover_packages(path) using defaults
[1.494s] Level 1:colcon.colcon_core.package_discovery:discover_packages(prefix_path) check parameters
[1.494s] Level 1:colcon.colcon_core.package_discovery:discover_packages(prefix_path) discover
[1.503s] DEBUG:colcon.colcon_installed_package_information.package_discovery:Found 281 installed packages in /opt/ros/humble
[1.504s] Level 1:colcon.colcon_core.package_discovery:discover_packages(prefix_path) using defaults
[1.541s] Level 5:colcon.colcon_core.verb:set package 'my_robot_description' build argument 'cmake_args' from command line to 'None'
[1.541s] Level 5:colcon.colcon_core.verb:set package 'my_robot_description' build argument 'cmake_target' from command line to 'None'
[1.541s] Level 5:colcon.colcon_core.verb:set package 'my_robot_description' build argument 'cmake_target_skip_unavailable' from command line to 'False'
[1.541s] Level 5:colcon.colcon_core.verb:set package 'my_robot_description' build argument 'cmake_clean_cache' from command line to 'False'
[1.541s] Level 5:colcon.colcon_core.verb:set package 'my_robot_description' build argument 'cmake_clean_first' from command line to 'False'
[1.541s] Level 5:colcon.colcon_core.verb:set package 'my_robot_description' build argument 'cmake_force_configure' from command line to 'False'
[1.541s] Level 5:colcon.colcon_core.verb:set package 'my_robot_description' build argument 'ament_cmake_args' from command line to 'None'
[1.541s] Level 5:colcon.colcon_core.verb:set package 'my_robot_description' build argument 'catkin_cmake_args' from command line to 'None'
[1.541s] Level 5:colcon.colcon_core.verb:set package 'my_robot_description' build argument 'catkin_skip_building_tests' from command line to 'False'
[1.541s] DEBUG:colcon.colcon_core.verb:Building package 'my_robot_description' with the following arguments: {'ament_cmake_args': None, 'build_base': '/home/marko/Desktop/Semester_2/build/my_robot_description', 'catkin_cmake_args': None, 'catkin_skip_building_tests': False, 'cmake_args': None, 'cmake_clean_cache': False, 'cmake_clean_first': False, 'cmake_force_configure': False, 'cmake_target': None, 'cmake_target_skip_unavailable': False, 'install_base': '/home/marko/Desktop/Semester_2/install/my_robot_description', 'merge_install': False, 'path': '/home/marko/Desktop/Semester_2/src/my_robot_description', 'symlink_install': False, 'test_result_base': None}
[1.541s] Level 5:colcon.colcon_core.verb:set package 'vision_rpi_bot' build argument 'cmake_args' from command line to 'None'
[1.541s] Level 5:colcon.colcon_core.verb:set package 'vision_rpi_bot' build argument 'cmake_target' from command line to 'None'
[1.541s] Level 5:colcon.colcon_core.verb:set package 'vision_rpi_bot' build argument 'cmake_target_skip_unavailable' from command line to 'False'
[1.541s] Level 5:colcon.colcon_core.verb:set package 'vision_rpi_bot' build argument 'cmake_clean_cache' from command line to 'False'
[1.541s] Level 5:colcon.colcon_core.verb:set package 'vision_rpi_bot' build argument 'cmake_clean_first' from command line to 'False'
[1.541s] Level 5:colcon.colcon_core.verb:set package 'vision_rpi_bot' build argument 'cmake_force_configure' from command line to 'False'
[1.541s] Level 5:colcon.colcon_core.verb:set package 'vision_rpi_bot' build argument 'ament_cmake_args' from command line to 'None'
[1.541s] Level 5:colcon.colcon_core.verb:set package 'vision_rpi_bot' build argument 'catkin_cmake_args' from command line to 'None'
[1.541s] Level 5:colcon.colcon_core.verb:set package 'vision_rpi_bot' build argument 'catkin_skip_building_tests' from command line to 'False'
[1.541s] DEBUG:colcon.colcon_core.verb:Building package 'vision_rpi_bot' with the following arguments: {'ament_cmake_args': None, 'build_base': '/home/marko/Desktop/Semester_2/build/vision_rpi_bot', 'catkin_cmake_args': None, 'catkin_skip_building_tests': False, 'cmake_args': None, 'cmake_clean_cache': False, 'cmake_clean_first': False, 'cmake_force_configure': False, 'cmake_target': None, 'cmake_target_skip_unavailable': False, 'install_base': '/home/marko/Desktop/Semester_2/install/vision_rpi_bot', 'merge_install': False, 'path': '/home/marko/Desktop/Semester_2/src/vision_rpi_bot', 'symlink_install': False, 'test_result_base': None}
[1.542s] Level 5:colcon.colcon_core.verb:set package 'my_robot_bringup' build argument 'cmake_args' from command line to 'None'
[1.542s] Level 5:colcon.colcon_core.verb:set package 'my_robot_bringup' build argument 'cmake_target' from command line to 'None'
[1.542s] Level 5:colcon.colcon_core.verb:set package 'my_robot_bringup' build argument 'cmake_target_skip_unavailable' from command line to 'False'
[1.542s] Level 5:colcon.colcon_core.verb:set package 'my_robot_bringup' build argument 'cmake_clean_cache' from command line to 'False'
[1.542s] Level 5:colcon.colcon_core.verb:set package 'my_robot_bringup' build argument 'cmake_clean_first' from command line to 'False'
[1.542s] Level 5:colcon.colcon_core.verb:set package 'my_robot_bringup' build argument 'cmake_force_configure' from command line to 'False'
[1.542s] Level 5:colcon.colcon_core.verb:set package 'my_robot_bringup' build argument 'ament_cmake_args' from command line to 'None'
[1.542s] Level 5:colcon.colcon_core.verb:set package 'my_robot_bringup' build argument 'catkin_cmake_args' from command line to 'None'
[1.542s] Level 5:colcon.colcon_core.verb:set package 'my_robot_bringup' build argument 'catkin_skip_building_tests' from command line to 'False'
[1.542s] DEBUG:colcon.colcon_core.verb:Building package 'my_robot_bringup' with the following arguments: {'ament_cmake_args': None, 'build_base': '/home/marko/Desktop/Semester_2/build/my_robot_bringup', 'catkin_cmake_args': None, 'catkin_skip_building_tests': False, 'cmake_args': None, 'cmake_clean_cache': False, 'cmake_clean_first': False, 'cmake_force_configure': False, 'cmake_target': None, 'cmake_target_skip_unavailable': False, 'install_base': '/home/marko/Desktop/Semester_2/install/my_robot_bringup', 'merge_install': False, 'path': '/home/marko/Desktop/Semester_2/src/my_robot_bringup', 'symlink_install': False, 'test_result_base': None}
[1.542s] INFO:colcon.colcon_core.executor:Executing jobs using 'parallel' executor
[1.543s] DEBUG:colcon.colcon_parallel_executor.executor.parallel:run_until_complete
[1.544s] INFO:colcon.colcon_ros.task.ament_cmake.build:Building ROS package in '/home/marko/Desktop/Semester_2/src/my_robot_description' with build type 'ament_cmake'
[1.544s] INFO:colcon.colcon_cmake.task.cmake.build:Building CMake package in '/home/marko/Desktop/Semester_2/src/my_robot_description'
[1.559s] INFO:colcon.colcon_core.plugin_system:Skipping extension 'colcon_core.shell.bat': Not used on non-Windows systems
[1.559s] INFO:colcon.colcon_core.shell:Skip shell extension 'powershell' for command environment: Not usable outside of PowerShell
[1.559s] DEBUG:colcon.colcon_core.shell:Skip shell extension 'dsv' for command environment
[1.563s] INFO:colcon.colcon_ros.task.ament_python.build:Building ROS package in '/home/marko/Desktop/Semester_2/src/vision_rpi_bot' with build type 'ament_python'
[1.563s] Level 1:colcon.colcon_core.shell:create_environment_hook('vision_rpi_bot', 'ament_prefix_path')
[1.564s] INFO:colcon.colcon_core.shell:Creating environment hook '/home/marko/Desktop/Semester_2/install/vision_rpi_bot/share/vision_rpi_bot/hook/ament_prefix_path.ps1'
[1.566s] INFO:colcon.colcon_core.shell:Creating environment descriptor '/home/marko/Desktop/Semester_2/install/vision_rpi_bot/share/vision_rpi_bot/hook/ament_prefix_path.dsv'
[1.568s] INFO:colcon.colcon_core.shell:Creating environment hook '/home/marko/Desktop/Semester_2/install/vision_rpi_bot/share/vision_rpi_bot/hook/ament_prefix_path.sh'
[1.570s] INFO:colcon.colcon_core.shell:Skip shell extension 'powershell' for command environment: Not usable outside of PowerShell
[1.570s] DEBUG:colcon.colcon_core.shell:Skip shell extension 'dsv' for command environment
[1.582s] DEBUG:colcon.colcon_core.event_handler.log_command:Invoking command in '/home/marko/Desktop/Semester_2/build/my_robot_description': CMAKE_PREFIX_PATH=/opt/ros/humble /usr/bin/cmake --build /home/marko/Desktop/Semester_2/build/my_robot_description -- -j3 -l3
[1.862s] INFO:colcon.colcon_core.task.python.build:Building Python package in '/home/marko/Desktop/Semester_2/src/vision_rpi_bot'
[1.863s] INFO:colcon.colcon_core.shell:Skip shell extension 'powershell' for command environment: Not usable outside of PowerShell
[1.863s] DEBUG:colcon.colcon_core.shell:Skip shell extension 'dsv' for command environment
[1.868s] DEBUG:colcon.colcon_core.event_handler.log_command:Invoked command in '/home/marko/Desktop/Semester_2/build/my_robot_description' returned '0': CMAKE_PREFIX_PATH=/opt/ros/humble /usr/bin/cmake --build /home/marko/Desktop/Semester_2/build/my_robot_description -- -j3 -l3
[1.885s] DEBUG:colcon.colcon_core.event_handler.log_command:Invoking command in '/home/marko/Desktop/Semester_2/build/my_robot_description': CMAKE_PREFIX_PATH=/opt/ros/humble /usr/bin/cmake --install /home/marko/Desktop/Semester_2/build/my_robot_description
[1.921s] Level 1:colcon.colcon_core.environment:create_environment_scripts_only(my_robot_description)
[1.921s] DEBUG:colcon.colcon_core.event_handler.log_command:Invoked command in '/home/marko/Desktop/Semester_2/build/my_robot_description' returned '0': CMAKE_PREFIX_PATH=/opt/ros/humble /usr/bin/cmake --install /home/marko/Desktop/Semester_2/build/my_robot_description
[1.939s] Level 1:colcon.colcon_core.environment:checking '/home/marko/Desktop/Semester_2/install/my_robot_description' for CMake module files
[1.939s] Level 1:colcon.colcon_core.environment:checking '/home/marko/Desktop/Semester_2/install/my_robot_description' for CMake config files
[1.940s] Level 1:colcon.colcon_core.shell:create_environment_hook('my_robot_description', 'cmake_prefix_path')
[1.940s] INFO:colcon.colcon_core.shell:Creating environment hook '/home/marko/Desktop/Semester_2/install/my_robot_description/share/my_robot_description/hook/cmake_prefix_path.ps1'
[1.940s] INFO:colcon.colcon_core.shell:Creating environment descriptor '/home/marko/Desktop/Semester_2/install/my_robot_description/share/my_robot_description/hook/cmake_prefix_path.dsv'
[1.941s] INFO:colcon.colcon_core.shell:Creating environment hook '/home/marko/Desktop/Semester_2/install/my_robot_description/share/my_robot_description/hook/cmake_prefix_path.sh'
[1.942s] Level 1:colcon.colcon_core.environment:checking '/home/marko/Desktop/Semester_2/install/my_robot_description/bin'
[1.942s] Level 1:colcon.colcon_core.environment:checking '/home/marko/Desktop/Semester_2/install/my_robot_description/lib/pkgconfig/my_robot_description.pc'
[1.942s] Level 1:colcon.colcon_core.environment:checking '/home/marko/Desktop/Semester_2/install/my_robot_description/lib/python3.10/site-packages'
[1.942s] Level 1:colcon.colcon_core.environment:checking '/home/marko/Desktop/Semester_2/install/my_robot_description/bin'
[1.942s] INFO:colcon.colcon_core.shell:Creating package script '/home/marko/Desktop/Semester_2/install/my_robot_description/share/my_robot_description/package.ps1'
[1.944s] INFO:colcon.colcon_core.shell:Creating package descriptor '/home/marko/Desktop/Semester_2/install/my_robot_description/share/my_robot_description/package.dsv'
[1.945s] INFO:colcon.colcon_core.shell:Creating package script '/home/marko/Desktop/Semester_2/install/my_robot_description/share/my_robot_description/package.sh'
[1.946s] INFO:colcon.colcon_core.shell:Creating package script '/home/marko/Desktop/Semester_2/install/my_robot_description/share/my_robot_description/package.bash'
[1.949s] INFO:colcon.colcon_core.shell:Creating package script '/home/marko/Desktop/Semester_2/install/my_robot_description/share/my_robot_description/package.zsh'
[1.952s] Level 1:colcon.colcon_core.environment:create_file_with_runtime_dependencies(/home/marko/Desktop/Semester_2/install/my_robot_description/share/colcon-core/packages/my_robot_description)
[1.953s] Level 1:colcon.colcon_core.environment:create_environment_scripts_only(my_robot_description)
[1.953s] Level 1:colcon.colcon_core.environment:checking '/home/marko/Desktop/Semester_2/install/my_robot_description' for CMake module files
[1.954s] Level 1:colcon.colcon_core.environment:checking '/home/marko/Desktop/Semester_2/install/my_robot_description' for CMake config files
[1.954s] Level 1:colcon.colcon_core.shell:create_environment_hook('my_robot_description', 'cmake_prefix_path')
[1.954s] INFO:colcon.colcon_core.shell:Creating environment hook '/home/marko/Desktop/Semester_2/install/my_robot_description/share/my_robot_description/hook/cmake_prefix_path.ps1'
[1.955s] INFO:colcon.colcon_core.shell:Creating environment descriptor '/home/marko/Desktop/Semester_2/install/my_robot_description/share/my_robot_description/hook/cmake_prefix_path.dsv'
[1.957s] INFO:colcon.colcon_core.shell:Creating environment hook '/home/marko/Desktop/Semester_2/install/my_robot_description/share/my_robot_description/hook/cmake_prefix_path.sh'
[1.958s] Level 1:colcon.colcon_core.environment:checking '/home/marko/Desktop/Semester_2/install/my_robot_description/bin'
[1.958s] Level 1:colcon.colcon_core.environment:checking '/home/marko/Desktop/Semester_2/install/my_robot_description/lib/pkgconfig/my_robot_description.pc'
[1.958s] Level 1:colcon.colcon_core.environment:checking '/home/marko/Desktop/Semester_2/install/my_robot_description/lib/python3.10/site-packages'
[1.958s] Level 1:colcon.colcon_core.environment:checking '/home/marko/Desktop/Semester_2/install/my_robot_description/bin'
[1.958s] INFO:colcon.colcon_core.shell:Creating package script '/home/marko/Desktop/Semester_2/install/my_robot_description/share/my_robot_description/package.ps1'
[1.959s] INFO:colcon.colcon_core.shell:Creating package descriptor '/home/marko/Desktop/Semester_2/install/my_robot_description/share/my_robot_description/package.dsv'
[1.959s] INFO:colcon.colcon_core.shell:Creating package script '/home/marko/Desktop/Semester_2/install/my_robot_description/share/my_robot_description/package.sh'
[1.960s] INFO:colcon.colcon_core.shell:Creating package script '/home/marko/Desktop/Semester_2/install/my_robot_description/share/my_robot_description/package.bash'
[1.960s] INFO:colcon.colcon_core.shell:Creating package script '/home/marko/Desktop/Semester_2/install/my_robot_description/share/my_robot_description/package.zsh'
[1.961s] Level 1:colcon.colcon_core.environment:create_file_with_runtime_dependencies(/home/marko/Desktop/Semester_2/install/my_robot_description/share/colcon-core/packages/my_robot_description)
[1.962s] INFO:colcon.colcon_ros.task.ament_cmake.build:Building ROS package in '/home/marko/Desktop/Semester_2/src/my_robot_bringup' with build type 'ament_cmake'
[1.962s] INFO:colcon.colcon_cmake.task.cmake.build:Building CMake package in '/home/marko/Desktop/Semester_2/src/my_robot_bringup'
[1.962s] INFO:colcon.colcon_core.shell:Skip shell extension 'powershell' for command environment: Not usable outside of PowerShell
[1.962s] DEBUG:colcon.colcon_core.shell:Skip shell extension 'dsv' for command environment
[1.980s] DEBUG:colcon.colcon_core.event_handler.log_command:Invoking command in '/home/marko/Desktop/Semester_2/build/my_robot_bringup': AMENT_PREFIX_PATH=/home/marko/Desktop/Semester_2/install/my_robot_description:${AMENT_PREFIX_PATH} CMAKE_PREFIX_PATH=/home/marko/Desktop/Semester_2/install/my_robot_description:/opt/ros/humble /usr/bin/cmake --build /home/marko/Desktop/Semester_2/build/my_robot_bringup -- -j3 -l3
[2.044s] DEBUG:colcon.colcon_core.event_handler.log_command:Invoked command in '/home/marko/Desktop/Semester_2/build/my_robot_bringup' returned '0': AMENT_PREFIX_PATH=/home/marko/Desktop/Semester_2/install/my_robot_description:${AMENT_PREFIX_PATH} CMAKE_PREFIX_PATH=/home/marko/Desktop/Semester_2/install/my_robot_description:/opt/ros/humble /usr/bin/cmake --build /home/marko/Desktop/Semester_2/build/my_robot_bringup -- -j3 -l3
[2.052s] DEBUG:colcon.colcon_core.event_handler.log_command:Invoking command in '/home/marko/Desktop/Semester_2/build/my_robot_bringup': AMENT_PREFIX_PATH=/home/marko/Desktop/Semester_2/install/my_robot_description:${AMENT_PREFIX_PATH} CMAKE_PREFIX_PATH=/home/marko/Desktop/Semester_2/install/my_robot_description:/opt/ros/humble /usr/bin/cmake --install /home/marko/Desktop/Semester_2/build/my_robot_bringup
[2.084s] Level 1:colcon.colcon_core.environment:create_environment_scripts_only(my_robot_bringup)
[2.085s] Level 1:colcon.colcon_core.environment:checking '/home/marko/Desktop/Semester_2/install/my_robot_bringup' for CMake module files
[2.088s] DEBUG:colcon.colcon_core.event_handler.log_command:Invoked command in '/home/marko/Desktop/Semester_2/build/my_robot_bringup' returned '0': AMENT_PREFIX_PATH=/home/marko/Desktop/Semester_2/install/my_robot_description:${AMENT_PREFIX_PATH} CMAKE_PREFIX_PATH=/home/marko/Desktop/Semester_2/install/my_robot_description:/opt/ros/humble /usr/bin/cmake --install /home/marko/Desktop/Semester_2/build/my_robot_bringup
[2.088s] Level 1:colcon.colcon_core.environment:checking '/home/marko/Desktop/Semester_2/install/my_robot_bringup' for CMake config files
[2.088s] Level 1:colcon.colcon_core.shell:create_environment_hook('my_robot_bringup', 'cmake_prefix_path')
[2.090s] INFO:colcon.colcon_core.shell:Creating environment hook '/home/marko/Desktop/Semester_2/install/my_robot_bringup/share/my_robot_bringup/hook/cmake_prefix_path.ps1'
[2.090s] INFO:colcon.colcon_core.shell:Creating environment descriptor '/home/marko/Desktop/Semester_2/install/my_robot_bringup/share/my_robot_bringup/hook/cmake_prefix_path.dsv'
[2.091s] INFO:colcon.colcon_core.shell:Creating environment hook '/home/marko/Desktop/Semester_2/install/my_robot_bringup/share/my_robot_bringup/hook/cmake_prefix_path.sh'
[2.095s] Level 1:colcon.colcon_core.environment:checking '/home/marko/Desktop/Semester_2/install/my_robot_bringup/bin'
[2.095s] Level 1:colcon.colcon_core.environment:checking '/home/marko/Desktop/Semester_2/install/my_robot_bringup/lib/pkgconfig/my_robot_bringup.pc'
[2.095s] Level 1:colcon.colcon_core.environment:checking '/home/marko/Desktop/Semester_2/install/my_robot_bringup/lib/python3.10/site-packages'
[2.095s] Level 1:colcon.colcon_core.environment:checking '/home/marko/Desktop/Semester_2/install/my_robot_bringup/bin'
[2.096s] INFO:colcon.colcon_core.shell:Creating package script '/home/marko/Desktop/Semester_2/install/my_robot_bringup/share/my_robot_bringup/package.ps1'
[2.096s] INFO:colcon.colcon_core.shell:Creating package descriptor '/home/marko/Desktop/Semester_2/install/my_robot_bringup/share/my_robot_bringup/package.dsv'
[2.097s] INFO:colcon.colcon_core.shell:Creating package script '/home/marko/Desktop/Semester_2/install/my_robot_bringup/share/my_robot_bringup/package.sh'
[2.097s] INFO:colcon.colcon_core.shell:Creating package script '/home/marko/Desktop/Semester_2/install/my_robot_bringup/share/my_robot_bringup/package.bash'
[2.098s] INFO:colcon.colcon_core.shell:Creating package script '/home/marko/Desktop/Semester_2/install/my_robot_bringup/share/my_robot_bringup/package.zsh'
[2.098s] Level 1:colcon.colcon_core.environment:create_file_with_runtime_dependencies(/home/marko/Desktop/Semester_2/install/my_robot_bringup/share/colcon-core/packages/my_robot_bringup)
[2.099s] Level 1:colcon.colcon_core.environment:create_environment_scripts_only(my_robot_bringup)
[2.100s] Level 1:colcon.colcon_core.environment:checking '/home/marko/Desktop/Semester_2/install/my_robot_bringup' for CMake module files
[2.100s] Level 1:colcon.colcon_core.environment:checking '/home/marko/Desktop/Semester_2/install/my_robot_bringup' for CMake config files
[2.101s] Level 1:colcon.colcon_core.shell:create_environment_hook('my_robot_bringup', 'cmake_prefix_path')
[2.101s] INFO:colcon.colcon_core.shell:Creating environment hook '/home/marko/Desktop/Semester_2/install/my_robot_bringup/share/my_robot_bringup/hook/cmake_prefix_path.ps1'
[2.102s] INFO:colcon.colcon_core.shell:Creating environment descriptor '/home/marko/Desktop/Semester_2/install/my_robot_bringup/share/my_robot_bringup/hook/cmake_prefix_path.dsv'
[2.103s] INFO:colcon.colcon_core.shell:Creating environment hook '/home/marko/Desktop/Semester_2/install/my_robot_bringup/share/my_robot_bringup/hook/cmake_prefix_path.sh'
[2.103s] Level 1:colcon.colcon_core.environment:checking '/home/marko/Desktop/Semester_2/install/my_robot_bringup/bin'
[2.103s] Level 1:colcon.colcon_core.environment:checking '/home/marko/Desktop/Semester_2/install/my_robot_bringup/lib/pkgconfig/my_robot_bringup.pc'
[2.104s] Level 1:colcon.colcon_core.environment:checking '/home/marko/Desktop/Semester_2/install/my_robot_bringup/lib/python3.10/site-packages'
[2.104s] Level 1:colcon.colcon_core.environment:checking '/home/marko/Desktop/Semester_2/install/my_robot_bringup/bin'
[2.104s] INFO:colcon.colcon_core.shell:Creating package script '/home/marko/Desktop/Semester_2/install/my_robot_bringup/share/my_robot_bringup/package.ps1'
[2.104s] INFO:colcon.colcon_core.shell:Creating package descriptor '/home/marko/Desktop/Semester_2/install/my_robot_bringup/share/my_robot_bringup/package.dsv'
[2.105s] INFO:colcon.colcon_core.shell:Creating package script '/home/marko/Desktop/Semester_2/install/my_robot_bringup/share/my_robot_bringup/package.sh'
[2.106s] INFO:colcon.colcon_core.shell:Creating package script '/home/marko/Desktop/Semester_2/install/my_robot_bringup/share/my_robot_bringup/package.bash'
[2.106s] INFO:colcon.colcon_core.shell:Creating package script '/home/marko/Desktop/Semester_2/install/my_robot_bringup/share/my_robot_bringup/package.zsh'
[2.107s] Level 1:colcon.colcon_core.environment:create_file_with_runtime_dependencies(/home/marko/Desktop/Semester_2/install/my_robot_bringup/share/colcon-core/packages/my_robot_bringup)
[2.395s] DEBUG:colcon.colcon_core.event_handler.log_command:Invoking command in '/home/marko/Desktop/Semester_2/src/vision_rpi_bot': PYTHONPATH=/home/marko/Desktop/Semester_2/build/vision_rpi_bot/prefix_override:/usr/lib/python3/dist-packages/colcon_core/task/python/colcon_distutils_commands:/home/marko/Desktop/Semester_2/install/vision_rpi_bot/lib/python3.10/site-packages:${PYTHONPATH} /usr/bin/python3 -W ignore:setup.py install is deprecated -W ignore:easy_install command is deprecated setup.py egg_info --egg-base ../../build/vision_rpi_bot build --build-base /home/marko/Desktop/Semester_2/build/vision_rpi_bot/build install --record /home/marko/Desktop/Semester_2/build/vision_rpi_bot/install.log --single-version-externally-managed install_data
[2.594s] Level 1:colcon.colcon_core.environment:checking '/home/marko/Desktop/Semester_2/install/vision_rpi_bot' for CMake module files
[2.596s] DEBUG:colcon.colcon_core.event_handler.log_command:Invoked command in '/home/marko/Desktop/Semester_2/src/vision_rpi_bot' returned '0': PYTHONPATH=/home/marko/Desktop/Semester_2/build/vision_rpi_bot/prefix_override:/usr/lib/python3/dist-packages/colcon_core/task/python/colcon_distutils_commands:/home/marko/Desktop/Semester_2/install/vision_rpi_bot/lib/python3.10/site-packages:${PYTHONPATH} /usr/bin/python3 -W ignore:setup.py install is deprecated -W ignore:easy_install command is deprecated setup.py egg_info --egg-base ../../build/vision_rpi_bot build --build-base /home/marko/Desktop/Semester_2/build/vision_rpi_bot/build install --record /home/marko/Desktop/Semester_2/build/vision_rpi_bot/install.log --single-version-externally-managed install_data
[2.596s] Level 1:colcon.colcon_core.environment:checking '/home/marko/Desktop/Semester_2/install/vision_rpi_bot' for CMake config files
[2.597s] Level 1:colcon.colcon_core.environment:checking '/home/marko/Desktop/Semester_2/install/vision_rpi_bot/lib'
[2.598s] Level 1:colcon.colcon_core.environment:checking '/home/marko/Desktop/Semester_2/install/vision_rpi_bot/bin'
[2.598s] Level 1:colcon.colcon_core.environment:checking '/home/marko/Desktop/Semester_2/install/vision_rpi_bot/lib/pkgconfig/vision_rpi_bot.pc'
[2.598s] Level 1:colcon.colcon_core.environment:checking '/home/marko/Desktop/Semester_2/install/vision_rpi_bot/lib/python3.10/site-packages'
[2.598s] Level 1:colcon.colcon_core.shell:create_environment_hook('vision_rpi_bot', 'pythonpath')
[2.598s] INFO:colcon.colcon_core.shell:Creating environment hook '/home/marko/Desktop/Semester_2/install/vision_rpi_bot/share/vision_rpi_bot/hook/pythonpath.ps1'
[2.599s] INFO:colcon.colcon_core.shell:Creating environment descriptor '/home/marko/Desktop/Semester_2/install/vision_rpi_bot/share/vision_rpi_bot/hook/pythonpath.dsv'
[2.600s] INFO:colcon.colcon_core.shell:Creating environment hook '/home/marko/Desktop/Semester_2/install/vision_rpi_bot/share/vision_rpi_bot/hook/pythonpath.sh'
[2.600s] Level 1:colcon.colcon_core.environment:checking '/home/marko/Desktop/Semester_2/install/vision_rpi_bot/bin'
[2.600s] Level 1:colcon.colcon_core.environment:create_environment_scripts_only(vision_rpi_bot)
[2.601s] INFO:colcon.colcon_core.shell:Creating package script '/home/marko/Desktop/Semester_2/install/vision_rpi_bot/share/vision_rpi_bot/package.ps1'
[2.601s] INFO:colcon.colcon_core.shell:Creating package descriptor '/home/marko/Desktop/Semester_2/install/vision_rpi_bot/share/vision_rpi_bot/package.dsv'
[2.602s] INFO:colcon.colcon_core.shell:Creating package script '/home/marko/Desktop/Semester_2/install/vision_rpi_bot/share/vision_rpi_bot/package.sh'
[2.603s] INFO:colcon.colcon_core.shell:Creating package script '/home/marko/Desktop/Semester_2/install/vision_rpi_bot/share/vision_rpi_bot/package.bash'
[2.603s] INFO:colcon.colcon_core.shell:Creating package script '/home/marko/Desktop/Semester_2/install/vision_rpi_bot/share/vision_rpi_bot/package.zsh'
[2.604s] Level 1:colcon.colcon_core.environment:create_file_with_runtime_dependencies(/home/marko/Desktop/Semester_2/install/vision_rpi_bot/share/colcon-core/packages/vision_rpi_bot)
[2.604s] DEBUG:colcon.colcon_parallel_executor.executor.parallel:closing loop
[2.604s] DEBUG:colcon.colcon_parallel_executor.executor.parallel:loop closed
[2.604s] DEBUG:colcon.colcon_parallel_executor.executor.parallel:run_until_complete finished with '0'
[2.604s] DEBUG:colcon.colcon_core.event_reactor:joining thread
[2.614s] INFO:colcon.colcon_core.plugin_system:Skipping extension 'colcon_notification.desktop_notification.terminal_notifier': Not used on non-Darwin systems
[2.615s] INFO:colcon.colcon_core.plugin_system:Skipping extension 'colcon_notification.desktop_notification.win32': Not used on non-Windows systems
[2.615s] INFO:colcon.colcon_notification.desktop_notification:Sending desktop notification using 'notify2'
[2.639s] DEBUG:colcon.colcon_core.event_reactor:joined thread
[2.639s] INFO:colcon.colcon_core.shell:Creating prefix script '/home/marko/Desktop/Semester_2/install/local_setup.ps1'
[2.641s] INFO:colcon.colcon_core.shell:Creating prefix util module '/home/marko/Desktop/Semester_2/install/_local_setup_util_ps1.py'
[2.643s] INFO:colcon.colcon_core.shell:Creating prefix chain script '/home/marko/Desktop/Semester_2/install/setup.ps1'
[2.645s] INFO:colcon.colcon_core.shell:Creating prefix script '/home/marko/Desktop/Semester_2/install/local_setup.sh'
[2.649s] INFO:colcon.colcon_core.shell:Creating prefix util module '/home/marko/Desktop/Semester_2/install/_local_setup_util_sh.py'
[2.650s] INFO:colcon.colcon_core.shell:Creating prefix chain script '/home/marko/Desktop/Semester_2/install/setup.sh'
[2.652s] INFO:colcon.colcon_core.shell:Creating prefix script '/home/marko/Desktop/Semester_2/install/local_setup.bash'
[2.654s] INFO:colcon.colcon_core.shell:Creating prefix chain script '/home/marko/Desktop/Semester_2/install/setup.bash'
[2.656s] INFO:colcon.colcon_core.shell:Creating prefix script '/home/marko/Desktop/Semester_2/install/local_setup.zsh'
[2.657s] INFO:colcon.colcon_core.shell:Creating prefix chain script '/home/marko/Desktop/Semester_2/install/setup.zsh'
