[0.013s] Invoking command in '/home/marko/Desktop/Semester_2/build/my_robot_bringup': CMAKE_PREFIX_PATH=/home/marko/Desktop/Semester_2/install/my_robot_description:/home/marko/Desktop/Semester_2/install/my_robot_bringup:/home/marko/Desktop/Semester_2/install/vision_rpi_bot:/opt/ros/humble /usr/bin/cmake /home/marko/Desktop/Semester_2/src/my_robot_bringup -DAMENT_CMAKE_SYMLINK_INSTALL=1 -DCMAKE_INSTALL_PREFIX=/home/marko/Desktop/Semester_2/install/my_robot_bringup
[0.051s] -- Found ament_cmake: 1.3.10 (/opt/ros/humble/share/ament_cmake/cmake)
[0.228s] -- Override CMake install command with custom implementation using symlinks instead of copying resources
[0.318s] -- Configuring done
[0.332s] -- Generating done
[0.335s] -- Build files have been written to: /home/marko/Desktop/Semester_2/build/my_robot_bringup
[0.340s] Invoked command in '/home/marko/Desktop/Semester_2/build/my_robot_bringup' returned '0': CMAKE_PREFIX_PATH=/home/marko/Desktop/Semester_2/install/my_robot_description:/home/marko/Desktop/Semester_2/install/my_robot_bringup:/home/marko/Desktop/Semester_2/install/vision_rpi_bot:/opt/ros/humble /usr/bin/cmake /home/marko/Desktop/Semester_2/src/my_robot_bringup -DAMENT_CMAKE_SYMLINK_INSTALL=1 -DCMAKE_INSTALL_PREFIX=/home/marko/Desktop/Semester_2/install/my_robot_bringup
[0.341s] Invoking command in '/home/marko/Desktop/Semester_2/build/my_robot_bringup': CMAKE_PREFIX_PATH=/home/marko/Desktop/Semester_2/install/my_robot_description:/home/marko/Desktop/Semester_2/install/my_robot_bringup:/home/marko/Desktop/Semester_2/install/vision_rpi_bot:/opt/ros/humble /usr/bin/cmake --build /home/marko/Desktop/Semester_2/build/my_robot_bringup -- -j3 -l3
[0.388s] Invoked command in '/home/marko/Desktop/Semester_2/build/my_robot_bringup' returned '0': CMAKE_PREFIX_PATH=/home/marko/Desktop/Semester_2/install/my_robot_description:/home/marko/Desktop/Semester_2/install/my_robot_bringup:/home/marko/Desktop/Semester_2/install/vision_rpi_bot:/opt/ros/humble /usr/bin/cmake --build /home/marko/Desktop/Semester_2/build/my_robot_bringup -- -j3 -l3
[0.389s] Invoking command in '/home/marko/Desktop/Semester_2/build/my_robot_bringup': CMAKE_PREFIX_PATH=/home/marko/Desktop/Semester_2/install/my_robot_description:/home/marko/Desktop/Semester_2/install/my_robot_bringup:/home/marko/Desktop/Semester_2/install/vision_rpi_bot:/opt/ros/humble /usr/bin/cmake --install /home/marko/Desktop/Semester_2/build/my_robot_bringup
[0.399s] -- Install configuration: ""
[0.399s] -- Execute custom install script
[0.399s] -- Symlinking: /home/marko/Desktop/Semester_2/install/my_robot_bringup/share/my_robot_bringup//launch/my_robot_gazebo.launch.xml
[0.411s] -- Symlinking: /home/marko/Desktop/Semester_2/install/my_robot_bringup/share/my_robot_bringup//rviz/urdf_config.rviz
[0.423s] -- Symlinking: /home/marko/Desktop/Semester_2/install/my_robot_bringup/share/my_robot_bringup//worlds/test_world.world
[0.436s] -- Symlinking: /home/marko/Desktop/Semester_2/install/my_robot_bringup/share/ament_index/resource_index/package_run_dependencies/my_robot_bringup
[0.447s] -- Symlinking: /home/marko/Desktop/Semester_2/install/my_robot_bringup/share/ament_index/resource_index/parent_prefix_path/my_robot_bringup
[0.459s] -- Symlinking: /home/marko/Desktop/Semester_2/install/my_robot_bringup/share/my_robot_bringup/environment/ament_prefix_path.sh
[0.471s] -- Symlinking: /home/marko/Desktop/Semester_2/install/my_robot_bringup/share/my_robot_bringup/environment/ament_prefix_path.dsv
[0.481s] -- Symlinking: /home/marko/Desktop/Semester_2/install/my_robot_bringup/share/my_robot_bringup/environment/path.sh
[0.492s] -- Symlinking: /home/marko/Desktop/Semester_2/install/my_robot_bringup/share/my_robot_bringup/environment/path.dsv
[0.506s] -- Symlinking: /home/marko/Desktop/Semester_2/install/my_robot_bringup/share/my_robot_bringup/local_setup.bash
[0.520s] -- Symlinking: /home/marko/Desktop/Semester_2/install/my_robot_bringup/share/my_robot_bringup/local_setup.sh
[0.532s] -- Symlinking: /home/marko/Desktop/Semester_2/install/my_robot_bringup/share/my_robot_bringup/local_setup.zsh
[0.546s] -- Symlinking: /home/marko/Desktop/Semester_2/install/my_robot_bringup/share/my_robot_bringup/local_setup.dsv
[0.557s] -- Symlinking: /home/marko/Desktop/Semester_2/install/my_robot_bringup/share/my_robot_bringup/package.dsv
[0.571s] -- Symlinking: /home/marko/Desktop/Semester_2/install/my_robot_bringup/share/ament_index/resource_index/packages/my_robot_bringup
[0.582s] -- Symlinking: /home/marko/Desktop/Semester_2/install/my_robot_bringup/share/my_robot_bringup/cmake/my_robot_bringupConfig.cmake
[0.593s] -- Symlinking: /home/marko/Desktop/Semester_2/install/my_robot_bringup/share/my_robot_bringup/cmake/my_robot_bringupConfig-version.cmake
[0.616s] -- Symlinking: /home/marko/Desktop/Semester_2/install/my_robot_bringup/share/my_robot_bringup/package.xml
[0.639s] Invoked command in '/home/marko/Desktop/Semester_2/build/my_robot_bringup' returned '0': CMAKE_PREFIX_PATH=/home/marko/Desktop/Semester_2/install/my_robot_description:/home/marko/Desktop/Semester_2/install/my_robot_bringup:/home/marko/Desktop/Semester_2/install/vision_rpi_bot:/opt/ros/humble /usr/bin/cmake --install /home/marko/Desktop/Semester_2/build/my_robot_bringup
