[0.105s] Invoking command in '/home/marko/Desktop/Semester_2/build/my_robot_bringup': AMENT_PREFIX_PATH=/home/marko/Desktop/Semester_2/install/my_robot_description:${AMENT_PREFIX_PATH} CMAKE_PREFIX_PATH=/home/marko/Desktop/Semester_2/install/my_robot_description:/home/marko/Desktop/Semester_3/install/navigate_robot_interface:/home/marko/Desktop/Semester_3/install/action_py:/opt/ros/humble /usr/bin/cmake --build /home/marko/Desktop/Semester_2/build/my_robot_bringup -- -j3 -l3
[0.165s] Invoked command in '/home/marko/Desktop/Semester_2/build/my_robot_bringup' returned '0': AMENT_PREFIX_PATH=/home/marko/Desktop/Semester_2/install/my_robot_description:${AMENT_PREFIX_PATH} CMAKE_PREFIX_PATH=/home/marko/Desktop/Semester_2/install/my_robot_description:/home/marko/Desktop/Semester_3/install/navigate_robot_interface:/home/marko/Desktop/Semester_3/install/action_py:/opt/ros/humble /usr/bin/cmake --build /home/marko/Desktop/Semester_2/build/my_robot_bringup -- -j3 -l3
[0.202s] Invoking command in '/home/marko/Desktop/Semester_2/build/my_robot_bringup': AMENT_PREFIX_PATH=/home/marko/Desktop/Semester_2/install/my_robot_description:${AMENT_PREFIX_PATH} CMAKE_PREFIX_PATH=/home/marko/Desktop/Semester_2/install/my_robot_description:/home/marko/Desktop/Semester_3/install/navigate_robot_interface:/home/marko/Desktop/Semester_3/install/action_py:/opt/ros/humble /usr/bin/cmake --install /home/marko/Desktop/Semester_2/build/my_robot_bringup
[0.212s] -- Install configuration: ""
[0.214s] -- Up-to-date: /home/marko/Desktop/Semester_2/install/my_robot_bringup/share/my_robot_bringup//launch
[0.215s] -- Up-to-date: /home/marko/Desktop/Semester_2/install/my_robot_bringup/share/my_robot_bringup//launch/my_robot_gazebo.launch.xml
[0.215s] -- Up-to-date: /home/marko/Desktop/Semester_2/install/my_robot_bringup/share/my_robot_bringup//rviz
[0.216s] -- Up-to-date: /home/marko/Desktop/Semester_2/install/my_robot_bringup/share/my_robot_bringup//rviz/urdf_config.rviz
[0.216s] -- Up-to-date: /home/marko/Desktop/Semester_2/install/my_robot_bringup/share/my_robot_bringup//worlds
[0.218s] -- Up-to-date: /home/marko/Desktop/Semester_2/install/my_robot_bringup/share/my_robot_bringup//worlds/test_world.world
[0.220s] -- Up-to-date: /home/marko/Desktop/Semester_2/install/my_robot_bringup/share/ament_index/resource_index/package_run_dependencies/my_robot_bringup
[0.221s] -- Up-to-date: /home/marko/Desktop/Semester_2/install/my_robot_bringup/share/ament_index/resource_index/parent_prefix_path/my_robot_bringup
[0.222s] -- Up-to-date: /home/marko/Desktop/Semester_2/install/my_robot_bringup/share/my_robot_bringup/environment/ament_prefix_path.sh
[0.223s] -- Up-to-date: /home/marko/Desktop/Semester_2/install/my_robot_bringup/share/my_robot_bringup/environment/ament_prefix_path.dsv
[0.223s] -- Up-to-date: /home/marko/Desktop/Semester_2/install/my_robot_bringup/share/my_robot_bringup/environment/path.sh
[0.223s] -- Up-to-date: /home/marko/Desktop/Semester_2/install/my_robot_bringup/share/my_robot_bringup/environment/path.dsv
[0.223s] -- Up-to-date: /home/marko/Desktop/Semester_2/install/my_robot_bringup/share/my_robot_bringup/local_setup.bash
[0.223s] -- Up-to-date: /home/marko/Desktop/Semester_2/install/my_robot_bringup/share/my_robot_bringup/local_setup.sh
[0.223s] -- Up-to-date: /home/marko/Desktop/Semester_2/install/my_robot_bringup/share/my_robot_bringup/local_setup.zsh
[0.223s] -- Up-to-date: /home/marko/Desktop/Semester_2/install/my_robot_bringup/share/my_robot_bringup/local_setup.dsv
[0.223s] -- Installing: /home/marko/Desktop/Semester_2/install/my_robot_bringup/share/my_robot_bringup/package.dsv
[0.225s] -- Up-to-date: /home/marko/Desktop/Semester_2/install/my_robot_bringup/share/ament_index/resource_index/packages/my_robot_bringup
[0.225s] -- Up-to-date: /home/marko/Desktop/Semester_2/install/my_robot_bringup/share/my_robot_bringup/cmake/my_robot_bringupConfig.cmake
[0.225s] -- Up-to-date: /home/marko/Desktop/Semester_2/install/my_robot_bringup/share/my_robot_bringup/cmake/my_robot_bringupConfig-version.cmake
[0.225s] -- Up-to-date: /home/marko/Desktop/Semester_2/install/my_robot_bringup/share/my_robot_bringup/package.xml
[0.228s] Invoked command in '/home/marko/Desktop/Semester_2/build/my_robot_bringup' returned '0': AMENT_PREFIX_PATH=/home/marko/Desktop/Semester_2/install/my_robot_description:${AMENT_PREFIX_PATH} CMAKE_PREFIX_PATH=/home/marko/Desktop/Semester_2/install/my_robot_description:/home/marko/Desktop/Semester_3/install/navigate_robot_interface:/home/marko/Desktop/Semester_3/install/action_py:/opt/ros/humble /usr/bin/cmake --install /home/marko/Desktop/Semester_2/build/my_robot_bringup
