[0.588s] Invoking command in '/home/marko/Desktop/Semester_2/build/vision_rpi_bot': PYTHONPATH=/home/marko/Desktop/Semester_2/build/vision_rpi_bot/prefix_override:/usr/lib/python3/dist-packages/colcon_core/task/python/colcon_distutils_commands:/home/marko/Desktop/Semester_2/install/vision_rpi_bot/lib/python3.10/site-packages:${PYTHONPATH} /usr/bin/python3 -W ignore:setup.py install is deprecated -W ignore:easy_install command is deprecated setup.py develop --editable --build-directory /home/marko/Desktop/Semester_2/build/vision_rpi_bot/build --no-deps symlink_data --force
[0.855s] running develop
[1.010s] running egg_info
[1.010s] writing vision_rpi_bot.egg-info/PKG-INFO
[1.011s] writing dependency_links to vision_rpi_bot.egg-info/dependency_links.txt
[1.011s] writing entry points to vision_rpi_bot.egg-info/entry_points.txt
[1.012s] writing requirements to vision_rpi_bot.egg-info/requires.txt
[1.012s] writing top-level names to vision_rpi_bot.egg-info/top_level.txt
[1.015s] reading manifest file 'vision_rpi_bot.egg-info/SOURCES.txt'
[1.016s] writing manifest file 'vision_rpi_bot.egg-info/SOURCES.txt'
[1.018s] running build_ext
[1.018s] Creating /home/marko/Desktop/Semester_2/install/vision_rpi_bot/lib/python3.10/site-packages/vision-rpi-bot.egg-link (link to .)
[1.019s] Installing cmdVel_to_pwm_node script to /home/marko/Desktop/Semester_2/install/vision_rpi_bot/lib/vision_rpi_bot
[1.019s] Installing publisher_rpi_node script to /home/marko/Desktop/Semester_2/install/vision_rpi_bot/lib/vision_rpi_bot
[1.019s] Installing subscriber_rpi_node script to /home/marko/Desktop/Semester_2/install/vision_rpi_bot/lib/vision_rpi_bot
[1.020s] 
[1.021s] Installed /home/marko/Desktop/Semester_2/build/vision_rpi_bot
[1.022s] running symlink_data
[1.022s] symbolically linking /home/marko/Desktop/Semester_2/build/vision_rpi_bot/resource/vision_rpi_bot -> /home/marko/Desktop/Semester_2/install/vision_rpi_bot/share/ament_index/resource_index/packages
[1.022s] symbolically linking /home/marko/Desktop/Semester_2/build/vision_rpi_bot/package.xml -> /home/marko/Desktop/Semester_2/install/vision_rpi_bot/share/vision_rpi_bot
[1.070s] Invoked command in '/home/marko/Desktop/Semester_2/build/vision_rpi_bot' returned '0': PYTHONPATH=/home/marko/Desktop/Semester_2/build/vision_rpi_bot/prefix_override:/usr/lib/python3/dist-packages/colcon_core/task/python/colcon_distutils_commands:/home/marko/Desktop/Semester_2/install/vision_rpi_bot/lib/python3.10/site-packages:${PYTHONPATH} /usr/bin/python3 -W ignore:setup.py install is deprecated -W ignore:easy_install command is deprecated setup.py develop --editable --build-directory /home/marko/Desktop/Semester_2/build/vision_rpi_bot/build --no-deps symlink_data --force
