running egg_info
writing ../../build/vision_rpi_bot/vision_rpi_bot.egg-info/PKG-INFO
writing dependency_links to ../../build/vision_rpi_bot/vision_rpi_bot.egg-info/dependency_links.txt
writing entry points to ../../build/vision_rpi_bot/vision_rpi_bot.egg-info/entry_points.txt
writing requirements to ../../build/vision_rpi_bot/vision_rpi_bot.egg-info/requires.txt
writing top-level names to ../../build/vision_rpi_bot/vision_rpi_bot.egg-info/top_level.txt
reading manifest file '../../build/vision_rpi_bot/vision_rpi_bot.egg-info/SOURCES.txt'
writing manifest file '../../build/vision_rpi_bot/vision_rpi_bot.egg-info/SOURCES.txt'
running build
running build_py
running install
running install_lib
running install_data
running install_egg_info
removing '/home/marko/Desktop/Semester_2/install/vision_rpi_bot/lib/python3.10/site-packages/vision_rpi_bot-0.0.0-py3.10.egg-info' (and everything under it)
Copying ../../build/vision_rpi_bot/vision_rpi_bot.egg-info to /home/marko/Desktop/Semester_2/install/vision_rpi_bot/lib/python3.10/site-packages/vision_rpi_bot-0.0.0-py3.10.egg-info
running install_scripts
Installing cmdVel_to_pwm_node script to /home/marko/Desktop/Semester_2/install/vision_rpi_bot/lib/vision_rpi_bot
Installing publisher_rpi_node script to /home/marko/Desktop/Semester_2/install/vision_rpi_bot/lib/vision_rpi_bot
Installing subscriber_rpi_node script to /home/marko/Desktop/Semester_2/install/vision_rpi_bot/lib/vision_rpi_bot
writing list of installed files to '/home/marko/Desktop/Semester_2/build/vision_rpi_bot/install.log'
