[0.059s] Invoking command in '/home/marko/Desktop/Semester_2/build/my_robot_description': CMAKE_PREFIX_PATH=${CMAKE_PREFIX_PATH}:/home/marko/Desktop/Semester_2/install/vision_rpi_bot:/opt/ros/humble /usr/bin/cmake --build /home/marko/Desktop/Semester_2/build/my_robot_description -- -j3 -l3
[0.319s] Invoked command in '/home/marko/Desktop/Semester_2/build/my_robot_description' returned '0': CMAKE_PREFIX_PATH=${CMAKE_PREFIX_PATH}:/home/marko/Desktop/Semester_2/install/vision_rpi_bot:/opt/ros/humble /usr/bin/cmake --build /home/marko/Desktop/Semester_2/build/my_robot_description -- -j3 -l3
[0.333s] Invoking command in '/home/marko/Desktop/Semester_2/build/my_robot_description': CMAKE_PREFIX_PATH=${CMAKE_PREFIX_PATH}:/home/marko/Desktop/Semester_2/install/vision_rpi_bot:/opt/ros/humble /usr/bin/cmake --install /home/marko/Desktop/Semester_2/build/my_robot_description
[0.344s] -- Install configuration: ""
[0.358s] -- Execute custom install script
[0.363s] -- Up-to-date symlink: /home/marko/Desktop/Semester_2/install/my_robot_description/share/my_robot_description//urdf/camera.xacro
[0.364s] -- Up-to-date symlink: /home/marko/Desktop/Semester_2/install/my_robot_description/share/my_robot_description//urdf/common_properties.xacro
[0.367s] -- Up-to-date symlink: /home/marko/Desktop/Semester_2/install/my_robot_description/share/my_robot_description//urdf/lidar.xacro
[0.367s] -- Up-to-date symlink: /home/marko/Desktop/Semester_2/install/my_robot_description/share/my_robot_description//urdf/mobile_base.xacro
[0.368s] -- Up-to-date symlink: /home/marko/Desktop/Semester_2/install/my_robot_description/share/my_robot_description//urdf/mobile_base_gazebo.xacro
[0.369s] -- Up-to-date symlink: /home/marko/Desktop/Semester_2/install/my_robot_description/share/my_robot_description//urdf/my_robot.urdf.xacro
[0.372s] -- Up-to-date symlink: /home/marko/Desktop/Semester_2/install/my_robot_description/share/my_robot_description//launch/display.launch.py
[0.373s] -- Up-to-date symlink: /home/marko/Desktop/Semester_2/install/my_robot_description/share/my_robot_description//launch/display.launch.xml
[0.375s] -- Up-to-date symlink: /home/marko/Desktop/Semester_2/install/my_robot_description/share/my_robot_description//rviz/urdf_config.rviz
[0.376s] -- Up-to-date symlink: /home/marko/Desktop/Semester_2/install/my_robot_description/share/ament_index/resource_index/package_run_dependencies/my_robot_description
[0.380s] -- Up-to-date symlink: /home/marko/Desktop/Semester_2/install/my_robot_description/share/ament_index/resource_index/parent_prefix_path/my_robot_description
[0.385s] -- Up-to-date symlink: /home/marko/Desktop/Semester_2/install/my_robot_description/share/my_robot_description/environment/ament_prefix_path.sh
[0.385s] -- Up-to-date symlink: /home/marko/Desktop/Semester_2/install/my_robot_description/share/my_robot_description/environment/ament_prefix_path.dsv
[0.385s] -- Up-to-date symlink: /home/marko/Desktop/Semester_2/install/my_robot_description/share/my_robot_description/environment/path.sh
[0.385s] -- Up-to-date symlink: /home/marko/Desktop/Semester_2/install/my_robot_description/share/my_robot_description/environment/path.dsv
[0.385s] -- Up-to-date symlink: /home/marko/Desktop/Semester_2/install/my_robot_description/share/my_robot_description/local_setup.bash
[0.386s] -- Up-to-date symlink: /home/marko/Desktop/Semester_2/install/my_robot_description/share/my_robot_description/local_setup.sh
[0.387s] -- Up-to-date symlink: /home/marko/Desktop/Semester_2/install/my_robot_description/share/my_robot_description/local_setup.zsh
[0.388s] -- Up-to-date symlink: /home/marko/Desktop/Semester_2/install/my_robot_description/share/my_robot_description/local_setup.dsv
[0.389s] -- Symlinking: /home/marko/Desktop/Semester_2/install/my_robot_description/share/my_robot_description/package.dsv
[0.404s] -- Up-to-date symlink: /home/marko/Desktop/Semester_2/install/my_robot_description/share/ament_index/resource_index/packages/my_robot_description
[0.405s] -- Up-to-date symlink: /home/marko/Desktop/Semester_2/install/my_robot_description/share/my_robot_description/cmake/my_robot_descriptionConfig.cmake
[0.406s] -- Up-to-date symlink: /home/marko/Desktop/Semester_2/install/my_robot_description/share/my_robot_description/cmake/my_robot_descriptionConfig-version.cmake
[0.407s] -- Up-to-date symlink: /home/marko/Desktop/Semester_2/install/my_robot_description/share/my_robot_description/package.xml
[0.411s] Invoked command in '/home/marko/Desktop/Semester_2/build/my_robot_description' returned '0': CMAKE_PREFIX_PATH=${CMAKE_PREFIX_PATH}:/home/marko/Desktop/Semester_2/install/vision_rpi_bot:/opt/ros/humble /usr/bin/cmake --install /home/marko/Desktop/Semester_2/build/my_robot_description
