[0.096s] DEBUG:colcon:Command line arguments: ['/usr/bin/colcon', 'build']
[0.096s] DEBUG:colcon:Parsed command line arguments: Namespace(log_base=None, log_level=None, verb_name='build', build_base='build', install_base='install', merge_install=False, symlink_install=False, test_result_base=None, continue_on_error=False, executor='parallel', parallel_workers=3, event_handlers=None, ignore_user_meta=False, metas=['./colcon.meta'], base_paths=['.'], packages_ignore=None, packages_ignore_regex=None, paths=None, packages_up_to=None, packages_up_to_regex=None, packages_above=None, packages_above_and_dependencies=None, packages_above_depth=None, packages_select_by_dep=None, packages_skip_by_dep=None, packages_skip_up_to=None, packages_select_build_failed=False, packages_skip_build_finished=False, packages_select_test_failures=False, packages_skip_test_passed=False, packages_select=None, packages_skip=None, packages_select_regex=None, packages_skip_regex=None, packages_start=None, packages_end=None, allow_overriding=[], cmake_args=None, cmake_target=None, cmake_target_skip_unavailable=False, cmake_clean_cache=False, cmake_clean_first=False, cmake_force_configure=False, ament_cmake_args=None, catkin_cmake_args=None, catkin_skip_building_tests=False, mixin_files=None, mixin=None, verb_parser=<colcon_mixin.mixin.mixin_argument.MixinArgumentDecorator object at 0x749a70d424a0>, verb_extension=<colcon_core.verb.build.BuildVerb object at 0x749a70d41ff0>, main=<bound method BuildVerb.main of <colcon_core.verb.build.BuildVerb object at 0x749a70d41ff0>>, mixin_verb=('build',))
[0.251s] Level 1:colcon.colcon_core.package_discovery:discover_packages(colcon_meta) check parameters
[0.251s] Level 1:colcon.colcon_core.package_discovery:discover_packages(recursive) check parameters
[0.251s] Level 1:colcon.colcon_core.package_discovery:discover_packages(ignore) check parameters
[0.251s] Level 1:colcon.colcon_core.package_discovery:discover_packages(path) check parameters
[0.251s] Level 1:colcon.colcon_core.package_discovery:discover_packages(colcon_meta) discover
[0.251s] Level 1:colcon.colcon_core.package_discovery:discover_packages(recursive) discover
[0.251s] INFO:colcon.colcon_core.package_discovery:Crawling recursively for packages in '/home/marko/Desktop/Semester_2'
[0.251s] Level 1:colcon.colcon_core.package_identification:_identify(.) by extensions ['ignore', 'ignore_ament_install']
[0.251s] Level 1:colcon.colcon_core.package_identification:_identify(.) by extension 'ignore'
[0.251s] Level 1:colcon.colcon_core.package_identification:_identify(.) by extension 'ignore_ament_install'
[0.251s] Level 1:colcon.colcon_core.package_identification:_identify(.) by extensions ['colcon_pkg']
[0.251s] Level 1:colcon.colcon_core.package_identification:_identify(.) by extension 'colcon_pkg'
[0.251s] Level 1:colcon.colcon_core.package_identification:_identify(.) by extensions ['colcon_meta']
[0.251s] Level 1:colcon.colcon_core.package_identification:_identify(.) by extension 'colcon_meta'
[0.252s] Level 1:colcon.colcon_core.package_identification:_identify(.) by extensions ['ros']
[0.252s] Level 1:colcon.colcon_core.package_identification:_identify(.) by extension 'ros'
[0.270s] Level 1:colcon.colcon_core.package_identification:_identify(.) by extensions ['cmake', 'python']
[0.270s] Level 1:colcon.colcon_core.package_identification:_identify(.) by extension 'cmake'
[0.270s] Level 1:colcon.colcon_core.package_identification:_identify(.) by extension 'python'
[0.271s] Level 1:colcon.colcon_core.package_identification:_identify(.) by extensions ['python_setup_py']
[0.271s] Level 1:colcon.colcon_core.package_identification:_identify(.) by extension 'python_setup_py'
[0.271s] Level 1:colcon.colcon_core.package_identification:_identify(build) by extensions ['ignore', 'ignore_ament_install']
[0.271s] Level 1:colcon.colcon_core.package_identification:_identify(build) by extension 'ignore'
[0.271s] Level 1:colcon.colcon_core.package_identification:_identify(build) ignored
[0.271s] Level 1:colcon.colcon_core.package_identification:_identify(install) by extensions ['ignore', 'ignore_ament_install']
[0.271s] Level 1:colcon.colcon_core.package_identification:_identify(install) by extension 'ignore'
[0.271s] Level 1:colcon.colcon_core.package_identification:_identify(install) ignored
[0.271s] Level 1:colcon.colcon_core.package_identification:_identify(log) by extensions ['ignore', 'ignore_ament_install']
[0.271s] Level 1:colcon.colcon_core.package_identification:_identify(log) by extension 'ignore'
[0.271s] Level 1:colcon.colcon_core.package_identification:_identify(log) ignored
[0.271s] Level 1:colcon.colcon_core.package_identification:_identify(src) by extensions ['ignore', 'ignore_ament_install']
[0.271s] Level 1:colcon.colcon_core.package_identification:_identify(src) by extension 'ignore'
[0.271s] Level 1:colcon.colcon_core.package_identification:_identify(src) by extension 'ignore_ament_install'
[0.271s] Level 1:colcon.colcon_core.package_identification:_identify(src) by extensions ['colcon_pkg']
[0.271s] Level 1:colcon.colcon_core.package_identification:_identify(src) by extension 'colcon_pkg'
[0.271s] Level 1:colcon.colcon_core.package_identification:_identify(src) by extensions ['colcon_meta']
[0.271s] Level 1:colcon.colcon_core.package_identification:_identify(src) by extension 'colcon_meta'
[0.272s] Level 1:colcon.colcon_core.package_identification:_identify(src) by extensions ['ros']
[0.272s] Level 1:colcon.colcon_core.package_identification:_identify(src) by extension 'ros'
[0.272s] Level 1:colcon.colcon_core.package_identification:_identify(src) by extensions ['cmake', 'python']
[0.272s] Level 1:colcon.colcon_core.package_identification:_identify(src) by extension 'cmake'
[0.272s] Level 1:colcon.colcon_core.package_identification:_identify(src) by extension 'python'
[0.272s] Level 1:colcon.colcon_core.package_identification:_identify(src) by extensions ['python_setup_py']
[0.272s] Level 1:colcon.colcon_core.package_identification:_identify(src) by extension 'python_setup_py'
[0.272s] Level 1:colcon.colcon_core.package_identification:_identify(src/my_robot_bringup) by extensions ['ignore', 'ignore_ament_install']
[0.272s] Level 1:colcon.colcon_core.package_identification:_identify(src/my_robot_bringup) by extension 'ignore'
[0.272s] Level 1:colcon.colcon_core.package_identification:_identify(src/my_robot_bringup) by extension 'ignore_ament_install'
[0.272s] Level 1:colcon.colcon_core.package_identification:_identify(src/my_robot_bringup) by extensions ['colcon_pkg']
[0.272s] Level 1:colcon.colcon_core.package_identification:_identify(src/my_robot_bringup) by extension 'colcon_pkg'
[0.272s] Level 1:colcon.colcon_core.package_identification:_identify(src/my_robot_bringup) by extensions ['colcon_meta']
[0.272s] Level 1:colcon.colcon_core.package_identification:_identify(src/my_robot_bringup) by extension 'colcon_meta'
[0.272s] Level 1:colcon.colcon_core.package_identification:_identify(src/my_robot_bringup) by extensions ['ros']
[0.272s] Level 1:colcon.colcon_core.package_identification:_identify(src/my_robot_bringup) by extension 'ros'
[0.275s] DEBUG:colcon.colcon_core.package_identification:Package 'src/my_robot_bringup' with type 'ros.ament_cmake' and name 'my_robot_bringup'
[0.275s] Level 1:colcon.colcon_core.package_identification:_identify(src/my_robot_description) by extensions ['ignore', 'ignore_ament_install']
[0.275s] Level 1:colcon.colcon_core.package_identification:_identify(src/my_robot_description) by extension 'ignore'
[0.275s] Level 1:colcon.colcon_core.package_identification:_identify(src/my_robot_description) by extension 'ignore_ament_install'
[0.275s] Level 1:colcon.colcon_core.package_identification:_identify(src/my_robot_description) by extensions ['colcon_pkg']
[0.275s] Level 1:colcon.colcon_core.package_identification:_identify(src/my_robot_description) by extension 'colcon_pkg'
[0.275s] Level 1:colcon.colcon_core.package_identification:_identify(src/my_robot_description) by extensions ['colcon_meta']
[0.275s] Level 1:colcon.colcon_core.package_identification:_identify(src/my_robot_description) by extension 'colcon_meta'
[0.275s] Level 1:colcon.colcon_core.package_identification:_identify(src/my_robot_description) by extensions ['ros']
[0.275s] Level 1:colcon.colcon_core.package_identification:_identify(src/my_robot_description) by extension 'ros'
[0.275s] DEBUG:colcon.colcon_core.package_identification:Package 'src/my_robot_description' with type 'ros.ament_cmake' and name 'my_robot_description'
[0.275s] Level 1:colcon.colcon_core.package_identification:_identify(src/vision_rpi_bot) by extensions ['ignore', 'ignore_ament_install']
[0.276s] Level 1:colcon.colcon_core.package_identification:_identify(src/vision_rpi_bot) by extension 'ignore'
[0.276s] Level 1:colcon.colcon_core.package_identification:_identify(src/vision_rpi_bot) by extension 'ignore_ament_install'
[0.276s] Level 1:colcon.colcon_core.package_identification:_identify(src/vision_rpi_bot) by extensions ['colcon_pkg']
[0.276s] Level 1:colcon.colcon_core.package_identification:_identify(src/vision_rpi_bot) by extension 'colcon_pkg'
[0.276s] Level 1:colcon.colcon_core.package_identification:_identify(src/vision_rpi_bot) by extensions ['colcon_meta']
[0.276s] Level 1:colcon.colcon_core.package_identification:_identify(src/vision_rpi_bot) by extension 'colcon_meta'
[0.276s] Level 1:colcon.colcon_core.package_identification:_identify(src/vision_rpi_bot) by extensions ['ros']
[0.276s] Level 1:colcon.colcon_core.package_identification:_identify(src/vision_rpi_bot) by extension 'ros'
[0.276s] DEBUG:colcon.colcon_core.package_identification:Package 'src/vision_rpi_bot' with type 'ros.ament_python' and name 'vision_rpi_bot'
[0.276s] Level 1:colcon.colcon_core.package_discovery:discover_packages(recursive) using defaults
[0.276s] Level 1:colcon.colcon_core.package_discovery:discover_packages(ignore) discover
[0.276s] Level 1:colcon.colcon_core.package_discovery:discover_packages(ignore) using defaults
[0.276s] Level 1:colcon.colcon_core.package_discovery:discover_packages(path) discover
[0.276s] Level 1:colcon.colcon_core.package_discovery:discover_packages(path) using defaults
[0.306s] Level 1:colcon.colcon_core.package_discovery:discover_packages(prefix_path) check parameters
[0.306s] Level 1:colcon.colcon_core.package_discovery:discover_packages(prefix_path) discover
[0.310s] DEBUG:colcon.colcon_installed_package_information.package_discovery:Found 278 installed packages in /opt/ros/humble
[0.313s] Level 1:colcon.colcon_core.package_discovery:discover_packages(prefix_path) using defaults
[0.345s] Level 5:colcon.colcon_core.verb:set package 'my_robot_description' build argument 'cmake_args' from command line to 'None'
[0.345s] Level 5:colcon.colcon_core.verb:set package 'my_robot_description' build argument 'cmake_target' from command line to 'None'
[0.346s] Level 5:colcon.colcon_core.verb:set package 'my_robot_description' build argument 'cmake_target_skip_unavailable' from command line to 'False'
[0.346s] Level 5:colcon.colcon_core.verb:set package 'my_robot_description' build argument 'cmake_clean_cache' from command line to 'False'
[0.346s] Level 5:colcon.colcon_core.verb:set package 'my_robot_description' build argument 'cmake_clean_first' from command line to 'False'
[0.346s] Level 5:colcon.colcon_core.verb:set package 'my_robot_description' build argument 'cmake_force_configure' from command line to 'False'
[0.346s] Level 5:colcon.colcon_core.verb:set package 'my_robot_description' build argument 'ament_cmake_args' from command line to 'None'
[0.346s] Level 5:colcon.colcon_core.verb:set package 'my_robot_description' build argument 'catkin_cmake_args' from command line to 'None'
[0.346s] Level 5:colcon.colcon_core.verb:set package 'my_robot_description' build argument 'catkin_skip_building_tests' from command line to 'False'
[0.346s] DEBUG:colcon.colcon_core.verb:Building package 'my_robot_description' with the following arguments: {'ament_cmake_args': None, 'build_base': '/home/marko/Desktop/Semester_2/build/my_robot_description', 'catkin_cmake_args': None, 'catkin_skip_building_tests': False, 'cmake_args': None, 'cmake_clean_cache': False, 'cmake_clean_first': False, 'cmake_force_configure': False, 'cmake_target': None, 'cmake_target_skip_unavailable': False, 'install_base': '/home/marko/Desktop/Semester_2/install/my_robot_description', 'merge_install': False, 'path': '/home/marko/Desktop/Semester_2/src/my_robot_description', 'symlink_install': False, 'test_result_base': None}
[0.346s] Level 5:colcon.colcon_core.verb:set package 'vision_rpi_bot' build argument 'cmake_args' from command line to 'None'
[0.346s] Level 5:colcon.colcon_core.verb:set package 'vision_rpi_bot' build argument 'cmake_target' from command line to 'None'
[0.346s] Level 5:colcon.colcon_core.verb:set package 'vision_rpi_bot' build argument 'cmake_target_skip_unavailable' from command line to 'False'
[0.346s] Level 5:colcon.colcon_core.verb:set package 'vision_rpi_bot' build argument 'cmake_clean_cache' from command line to 'False'
[0.346s] Level 5:colcon.colcon_core.verb:set package 'vision_rpi_bot' build argument 'cmake_clean_first' from command line to 'False'
[0.346s] Level 5:colcon.colcon_core.verb:set package 'vision_rpi_bot' build argument 'cmake_force_configure' from command line to 'False'
[0.346s] Level 5:colcon.colcon_core.verb:set package 'vision_rpi_bot' build argument 'ament_cmake_args' from command line to 'None'
[0.346s] Level 5:colcon.colcon_core.verb:set package 'vision_rpi_bot' build argument 'catkin_cmake_args' from command line to 'None'
[0.346s] Level 5:colcon.colcon_core.verb:set package 'vision_rpi_bot' build argument 'catkin_skip_building_tests' from command line to 'False'
[0.346s] DEBUG:colcon.colcon_core.verb:Building package 'vision_rpi_bot' with the following arguments: {'ament_cmake_args': None, 'build_base': '/home/marko/Desktop/Semester_2/build/vision_rpi_bot', 'catkin_cmake_args': None, 'catkin_skip_building_tests': False, 'cmake_args': None, 'cmake_clean_cache': False, 'cmake_clean_first': False, 'cmake_force_configure': False, 'cmake_target': None, 'cmake_target_skip_unavailable': False, 'install_base': '/home/marko/Desktop/Semester_2/install/vision_rpi_bot', 'merge_install': False, 'path': '/home/marko/Desktop/Semester_2/src/vision_rpi_bot', 'symlink_install': False, 'test_result_base': None}
[0.346s] Level 5:colcon.colcon_core.verb:set package 'my_robot_bringup' build argument 'cmake_args' from command line to 'None'
[0.346s] Level 5:colcon.colcon_core.verb:set package 'my_robot_bringup' build argument 'cmake_target' from command line to 'None'
[0.346s] Level 5:colcon.colcon_core.verb:set package 'my_robot_bringup' build argument 'cmake_target_skip_unavailable' from command line to 'False'
[0.346s] Level 5:colcon.colcon_core.verb:set package 'my_robot_bringup' build argument 'cmake_clean_cache' from command line to 'False'
[0.346s] Level 5:colcon.colcon_core.verb:set package 'my_robot_bringup' build argument 'cmake_clean_first' from command line to 'False'
[0.346s] Level 5:colcon.colcon_core.verb:set package 'my_robot_bringup' build argument 'cmake_force_configure' from command line to 'False'
[0.346s] Level 5:colcon.colcon_core.verb:set package 'my_robot_bringup' build argument 'ament_cmake_args' from command line to 'None'
[0.346s] Level 5:colcon.colcon_core.verb:set package 'my_robot_bringup' build argument 'catkin_cmake_args' from command line to 'None'
[0.346s] Level 5:colcon.colcon_core.verb:set package 'my_robot_bringup' build argument 'catkin_skip_building_tests' from command line to 'False'
[0.346s] DEBUG:colcon.colcon_core.verb:Building package 'my_robot_bringup' with the following arguments: {'ament_cmake_args': None, 'build_base': '/home/marko/Desktop/Semester_2/build/my_robot_bringup', 'catkin_cmake_args': None, 'catkin_skip_building_tests': False, 'cmake_args': None, 'cmake_clean_cache': False, 'cmake_clean_first': False, 'cmake_force_configure': False, 'cmake_target': None, 'cmake_target_skip_unavailable': False, 'install_base': '/home/marko/Desktop/Semester_2/install/my_robot_bringup', 'merge_install': False, 'path': '/home/marko/Desktop/Semester_2/src/my_robot_bringup', 'symlink_install': False, 'test_result_base': None}
[0.347s] INFO:colcon.colcon_core.executor:Executing jobs using 'parallel' executor
[0.349s] DEBUG:colcon.colcon_parallel_executor.executor.parallel:run_until_complete
[0.349s] INFO:colcon.colcon_ros.task.ament_cmake.build:Building ROS package in '/home/marko/Desktop/Semester_2/src/my_robot_description' with build type 'ament_cmake'
[0.349s] INFO:colcon.colcon_cmake.task.cmake.build:Building CMake package in '/home/marko/Desktop/Semester_2/src/my_robot_description'
[0.352s] INFO:colcon.colcon_core.plugin_system:Skipping extension 'colcon_core.shell.bat': Not used on non-Windows systems
[0.352s] INFO:colcon.colcon_core.shell:Skip shell extension 'powershell' for command environment: Not usable outside of PowerShell
[0.352s] DEBUG:colcon.colcon_core.shell:Skip shell extension 'dsv' for command environment
[0.359s] INFO:colcon.colcon_ros.task.ament_python.build:Building ROS package in '/home/marko/Desktop/Semester_2/src/vision_rpi_bot' with build type 'ament_python'
[0.359s] Level 1:colcon.colcon_core.shell:create_environment_hook('vision_rpi_bot', 'ament_prefix_path')
[0.359s] INFO:colcon.colcon_core.shell:Creating environment hook '/home/marko/Desktop/Semester_2/install/vision_rpi_bot/share/vision_rpi_bot/hook/ament_prefix_path.ps1'
[0.360s] INFO:colcon.colcon_core.shell:Creating environment descriptor '/home/marko/Desktop/Semester_2/install/vision_rpi_bot/share/vision_rpi_bot/hook/ament_prefix_path.dsv'
[0.361s] INFO:colcon.colcon_core.shell:Creating environment hook '/home/marko/Desktop/Semester_2/install/vision_rpi_bot/share/vision_rpi_bot/hook/ament_prefix_path.sh'
[0.362s] INFO:colcon.colcon_core.shell:Skip shell extension 'powershell' for command environment: Not usable outside of PowerShell
[0.362s] DEBUG:colcon.colcon_core.shell:Skip shell extension 'dsv' for command environment
[0.377s] DEBUG:colcon.colcon_core.event_handler.log_command:Invoking command in '/home/marko/Desktop/Semester_2/build/my_robot_description': CMAKE_PREFIX_PATH=/opt/ros/humble /usr/bin/cmake /home/marko/Desktop/Semester_2/src/my_robot_description -DCMAKE_INSTALL_PREFIX=/home/marko/Desktop/Semester_2/install/my_robot_description
[0.628s] INFO:colcon.colcon_core.task.python.build:Building Python package in '/home/marko/Desktop/Semester_2/src/vision_rpi_bot'
[0.628s] INFO:colcon.colcon_core.shell:Skip shell extension 'powershell' for command environment: Not usable outside of PowerShell
[0.628s] DEBUG:colcon.colcon_core.shell:Skip shell extension 'dsv' for command environment
[0.985s] DEBUG:colcon.colcon_core.event_handler.log_command:Invoking command in '/home/marko/Desktop/Semester_2/src/vision_rpi_bot': PYTHONPATH=/home/marko/Desktop/Semester_2/build/vision_rpi_bot/prefix_override:/usr/lib/python3/dist-packages/colcon_core/task/python/colcon_distutils_commands:/home/marko/Desktop/Semester_2/install/vision_rpi_bot/lib/python3.10/site-packages:${PYTHONPATH} /usr/bin/python3 -W ignore:setup.py install is deprecated setup.py egg_info --egg-base ../../build/vision_rpi_bot build --build-base /home/marko/Desktop/Semester_2/build/vision_rpi_bot/build install --record /home/marko/Desktop/Semester_2/build/vision_rpi_bot/install.log --single-version-externally-managed install_data
[1.359s] DEBUG:colcon.colcon_core.event_handler.log_command:Invoked command in '/home/marko/Desktop/Semester_2/src/vision_rpi_bot' returned '0': PYTHONPATH=/home/marko/Desktop/Semester_2/build/vision_rpi_bot/prefix_override:/usr/lib/python3/dist-packages/colcon_core/task/python/colcon_distutils_commands:/home/marko/Desktop/Semester_2/install/vision_rpi_bot/lib/python3.10/site-packages:${PYTHONPATH} /usr/bin/python3 -W ignore:setup.py install is deprecated setup.py egg_info --egg-base ../../build/vision_rpi_bot build --build-base /home/marko/Desktop/Semester_2/build/vision_rpi_bot/build install --record /home/marko/Desktop/Semester_2/build/vision_rpi_bot/install.log --single-version-externally-managed install_data
[1.360s] Level 1:colcon.colcon_core.environment:checking '/home/marko/Desktop/Semester_2/install/vision_rpi_bot' for CMake module files
[1.361s] Level 1:colcon.colcon_core.environment:checking '/home/marko/Desktop/Semester_2/install/vision_rpi_bot' for CMake config files
[1.361s] Level 1:colcon.colcon_core.environment:checking '/home/marko/Desktop/Semester_2/install/vision_rpi_bot/lib'
[1.361s] Level 1:colcon.colcon_core.environment:checking '/home/marko/Desktop/Semester_2/install/vision_rpi_bot/bin'
[1.361s] Level 1:colcon.colcon_core.environment:checking '/home/marko/Desktop/Semester_2/install/vision_rpi_bot/lib/pkgconfig/vision_rpi_bot.pc'
[1.361s] Level 1:colcon.colcon_core.environment:checking '/home/marko/Desktop/Semester_2/install/vision_rpi_bot/lib/python3.10/site-packages'
[1.362s] Level 1:colcon.colcon_core.shell:create_environment_hook('vision_rpi_bot', 'pythonpath')
[1.362s] INFO:colcon.colcon_core.shell:Creating environment hook '/home/marko/Desktop/Semester_2/install/vision_rpi_bot/share/vision_rpi_bot/hook/pythonpath.ps1'
[1.363s] INFO:colcon.colcon_core.shell:Creating environment descriptor '/home/marko/Desktop/Semester_2/install/vision_rpi_bot/share/vision_rpi_bot/hook/pythonpath.dsv'
[1.363s] INFO:colcon.colcon_core.shell:Creating environment hook '/home/marko/Desktop/Semester_2/install/vision_rpi_bot/share/vision_rpi_bot/hook/pythonpath.sh'
[1.364s] Level 1:colcon.colcon_core.environment:checking '/home/marko/Desktop/Semester_2/install/vision_rpi_bot/bin'
[1.364s] Level 1:colcon.colcon_core.environment:create_environment_scripts_only(vision_rpi_bot)
[1.364s] INFO:colcon.colcon_core.shell:Creating package script '/home/marko/Desktop/Semester_2/install/vision_rpi_bot/share/vision_rpi_bot/package.ps1'
[1.365s] INFO:colcon.colcon_core.shell:Creating package descriptor '/home/marko/Desktop/Semester_2/install/vision_rpi_bot/share/vision_rpi_bot/package.dsv'
[1.365s] INFO:colcon.colcon_core.shell:Creating package script '/home/marko/Desktop/Semester_2/install/vision_rpi_bot/share/vision_rpi_bot/package.sh'
[1.366s] INFO:colcon.colcon_core.shell:Creating package script '/home/marko/Desktop/Semester_2/install/vision_rpi_bot/share/vision_rpi_bot/package.bash'
[1.366s] INFO:colcon.colcon_core.shell:Creating package script '/home/marko/Desktop/Semester_2/install/vision_rpi_bot/share/vision_rpi_bot/package.zsh'
[1.367s] Level 1:colcon.colcon_core.environment:create_file_with_runtime_dependencies(/home/marko/Desktop/Semester_2/install/vision_rpi_bot/share/colcon-core/packages/vision_rpi_bot)
[2.018s] DEBUG:colcon.colcon_core.event_handler.log_command:Invoked command in '/home/marko/Desktop/Semester_2/build/my_robot_description' returned '0': CMAKE_PREFIX_PATH=/opt/ros/humble /usr/bin/cmake /home/marko/Desktop/Semester_2/src/my_robot_description -DCMAKE_INSTALL_PREFIX=/home/marko/Desktop/Semester_2/install/my_robot_description
[2.023s] DEBUG:colcon.colcon_core.event_handler.log_command:Invoking command in '/home/marko/Desktop/Semester_2/build/my_robot_description': CMAKE_PREFIX_PATH=/opt/ros/humble /usr/bin/cmake --build /home/marko/Desktop/Semester_2/build/my_robot_description -- -j3 -l3
[2.081s] DEBUG:colcon.colcon_core.event_handler.log_command:Invoked command in '/home/marko/Desktop/Semester_2/build/my_robot_description' returned '0': CMAKE_PREFIX_PATH=/opt/ros/humble /usr/bin/cmake --build /home/marko/Desktop/Semester_2/build/my_robot_description -- -j3 -l3
[2.159s] DEBUG:colcon.colcon_core.event_handler.log_command:Invoking command in '/home/marko/Desktop/Semester_2/build/my_robot_description': CMAKE_PREFIX_PATH=/opt/ros/humble /usr/bin/cmake --install /home/marko/Desktop/Semester_2/build/my_robot_description
[2.179s] Level 1:colcon.colcon_core.environment:create_environment_scripts_only(my_robot_description)
[2.179s] Level 1:colcon.colcon_core.environment:checking '/home/marko/Desktop/Semester_2/install/my_robot_description' for CMake module files
[2.179s] Level 1:colcon.colcon_core.environment:checking '/home/marko/Desktop/Semester_2/install/my_robot_description' for CMake config files
[2.180s] Level 1:colcon.colcon_core.shell:create_environment_hook('my_robot_description', 'cmake_prefix_path')
[2.180s] INFO:colcon.colcon_core.shell:Creating environment hook '/home/marko/Desktop/Semester_2/install/my_robot_description/share/my_robot_description/hook/cmake_prefix_path.ps1'
[2.180s] INFO:colcon.colcon_core.shell:Creating environment descriptor '/home/marko/Desktop/Semester_2/install/my_robot_description/share/my_robot_description/hook/cmake_prefix_path.dsv'
[2.181s] DEBUG:colcon.colcon_core.event_handler.log_command:Invoked command in '/home/marko/Desktop/Semester_2/build/my_robot_description' returned '0': CMAKE_PREFIX_PATH=/opt/ros/humble /usr/bin/cmake --install /home/marko/Desktop/Semester_2/build/my_robot_description
[2.181s] INFO:colcon.colcon_core.shell:Creating environment hook '/home/marko/Desktop/Semester_2/install/my_robot_description/share/my_robot_description/hook/cmake_prefix_path.sh'
[2.182s] Level 1:colcon.colcon_core.environment:checking '/home/marko/Desktop/Semester_2/install/my_robot_description/bin'
[2.182s] Level 1:colcon.colcon_core.environment:checking '/home/marko/Desktop/Semester_2/install/my_robot_description/lib/pkgconfig/my_robot_description.pc'
[2.182s] Level 1:colcon.colcon_core.environment:checking '/home/marko/Desktop/Semester_2/install/my_robot_description/lib/python3.10/site-packages'
[2.182s] Level 1:colcon.colcon_core.environment:checking '/home/marko/Desktop/Semester_2/install/my_robot_description/bin'
[2.182s] INFO:colcon.colcon_core.shell:Creating package script '/home/marko/Desktop/Semester_2/install/my_robot_description/share/my_robot_description/package.ps1'
[2.183s] INFO:colcon.colcon_core.shell:Creating package descriptor '/home/marko/Desktop/Semester_2/install/my_robot_description/share/my_robot_description/package.dsv'
[2.184s] INFO:colcon.colcon_core.shell:Creating package script '/home/marko/Desktop/Semester_2/install/my_robot_description/share/my_robot_description/package.sh'
[2.184s] INFO:colcon.colcon_core.shell:Creating package script '/home/marko/Desktop/Semester_2/install/my_robot_description/share/my_robot_description/package.bash'
[2.184s] INFO:colcon.colcon_core.shell:Creating package script '/home/marko/Desktop/Semester_2/install/my_robot_description/share/my_robot_description/package.zsh'
[2.185s] Level 1:colcon.colcon_core.environment:create_file_with_runtime_dependencies(/home/marko/Desktop/Semester_2/install/my_robot_description/share/colcon-core/packages/my_robot_description)
[2.237s] Level 1:colcon.colcon_core.environment:create_environment_scripts_only(my_robot_description)
[2.237s] Level 1:colcon.colcon_core.environment:checking '/home/marko/Desktop/Semester_2/install/my_robot_description' for CMake module files
[2.237s] Level 1:colcon.colcon_core.environment:checking '/home/marko/Desktop/Semester_2/install/my_robot_description' for CMake config files
[2.237s] Level 1:colcon.colcon_core.shell:create_environment_hook('my_robot_description', 'cmake_prefix_path')
[2.238s] INFO:colcon.colcon_core.shell:Creating environment hook '/home/marko/Desktop/Semester_2/install/my_robot_description/share/my_robot_description/hook/cmake_prefix_path.ps1'
[2.238s] INFO:colcon.colcon_core.shell:Creating environment descriptor '/home/marko/Desktop/Semester_2/install/my_robot_description/share/my_robot_description/hook/cmake_prefix_path.dsv'
[2.240s] INFO:colcon.colcon_core.shell:Creating environment hook '/home/marko/Desktop/Semester_2/install/my_robot_description/share/my_robot_description/hook/cmake_prefix_path.sh'
[2.241s] Level 1:colcon.colcon_core.environment:checking '/home/marko/Desktop/Semester_2/install/my_robot_description/bin'
[2.241s] Level 1:colcon.colcon_core.environment:checking '/home/marko/Desktop/Semester_2/install/my_robot_description/lib/pkgconfig/my_robot_description.pc'
[2.242s] Level 1:colcon.colcon_core.environment:checking '/home/marko/Desktop/Semester_2/install/my_robot_description/lib/python3.10/site-packages'
[2.242s] Level 1:colcon.colcon_core.environment:checking '/home/marko/Desktop/Semester_2/install/my_robot_description/bin'
[2.242s] INFO:colcon.colcon_core.shell:Creating package script '/home/marko/Desktop/Semester_2/install/my_robot_description/share/my_robot_description/package.ps1'
[2.243s] INFO:colcon.colcon_core.shell:Creating package descriptor '/home/marko/Desktop/Semester_2/install/my_robot_description/share/my_robot_description/package.dsv'
[2.243s] INFO:colcon.colcon_core.shell:Creating package script '/home/marko/Desktop/Semester_2/install/my_robot_description/share/my_robot_description/package.sh'
[2.244s] INFO:colcon.colcon_core.shell:Creating package script '/home/marko/Desktop/Semester_2/install/my_robot_description/share/my_robot_description/package.bash'
[2.245s] INFO:colcon.colcon_core.shell:Creating package script '/home/marko/Desktop/Semester_2/install/my_robot_description/share/my_robot_description/package.zsh'
[2.245s] Level 1:colcon.colcon_core.environment:create_file_with_runtime_dependencies(/home/marko/Desktop/Semester_2/install/my_robot_description/share/colcon-core/packages/my_robot_description)
[2.247s] INFO:colcon.colcon_ros.task.ament_cmake.build:Building ROS package in '/home/marko/Desktop/Semester_2/src/my_robot_bringup' with build type 'ament_cmake'
[2.247s] INFO:colcon.colcon_cmake.task.cmake.build:Building CMake package in '/home/marko/Desktop/Semester_2/src/my_robot_bringup'
[2.247s] INFO:colcon.colcon_core.shell:Skip shell extension 'powershell' for command environment: Not usable outside of PowerShell
[2.247s] DEBUG:colcon.colcon_core.shell:Skip shell extension 'dsv' for command environment
[2.262s] DEBUG:colcon.colcon_core.event_handler.log_command:Invoking command in '/home/marko/Desktop/Semester_2/build/my_robot_bringup': AMENT_PREFIX_PATH=/home/marko/Desktop/Semester_2/install/my_robot_description:${AMENT_PREFIX_PATH} CMAKE_PREFIX_PATH=/home/marko/Desktop/Semester_2/install/my_robot_description:/opt/ros/humble /usr/bin/cmake /home/marko/Desktop/Semester_2/src/my_robot_bringup -DCMAKE_INSTALL_PREFIX=/home/marko/Desktop/Semester_2/install/my_robot_bringup
[2.953s] DEBUG:colcon.colcon_core.event_handler.log_command:Invoked command in '/home/marko/Desktop/Semester_2/build/my_robot_bringup' returned '0': AMENT_PREFIX_PATH=/home/marko/Desktop/Semester_2/install/my_robot_description:${AMENT_PREFIX_PATH} CMAKE_PREFIX_PATH=/home/marko/Desktop/Semester_2/install/my_robot_description:/opt/ros/humble /usr/bin/cmake /home/marko/Desktop/Semester_2/src/my_robot_bringup -DCMAKE_INSTALL_PREFIX=/home/marko/Desktop/Semester_2/install/my_robot_bringup
[2.953s] DEBUG:colcon.colcon_core.event_handler.log_command:Invoking command in '/home/marko/Desktop/Semester_2/build/my_robot_bringup': AMENT_PREFIX_PATH=/home/marko/Desktop/Semester_2/install/my_robot_description:${AMENT_PREFIX_PATH} CMAKE_PREFIX_PATH=/home/marko/Desktop/Semester_2/install/my_robot_description:/opt/ros/humble /usr/bin/cmake --build /home/marko/Desktop/Semester_2/build/my_robot_bringup -- -j3 -l3
[3.008s] DEBUG:colcon.colcon_core.event_handler.log_command:Invoked command in '/home/marko/Desktop/Semester_2/build/my_robot_bringup' returned '0': AMENT_PREFIX_PATH=/home/marko/Desktop/Semester_2/install/my_robot_description:${AMENT_PREFIX_PATH} CMAKE_PREFIX_PATH=/home/marko/Desktop/Semester_2/install/my_robot_description:/opt/ros/humble /usr/bin/cmake --build /home/marko/Desktop/Semester_2/build/my_robot_bringup -- -j3 -l3
[3.073s] DEBUG:colcon.colcon_core.event_handler.log_command:Invoking command in '/home/marko/Desktop/Semester_2/build/my_robot_bringup': AMENT_PREFIX_PATH=/home/marko/Desktop/Semester_2/install/my_robot_description:${AMENT_PREFIX_PATH} CMAKE_PREFIX_PATH=/home/marko/Desktop/Semester_2/install/my_robot_description:/opt/ros/humble /usr/bin/cmake --install /home/marko/Desktop/Semester_2/build/my_robot_bringup
[3.090s] Level 1:colcon.colcon_core.environment:create_environment_scripts_only(my_robot_bringup)
[3.090s] Level 1:colcon.colcon_core.environment:checking '/home/marko/Desktop/Semester_2/install/my_robot_bringup' for CMake module files
[3.091s] Level 1:colcon.colcon_core.environment:checking '/home/marko/Desktop/Semester_2/install/my_robot_bringup' for CMake config files
[3.091s] Level 1:colcon.colcon_core.shell:create_environment_hook('my_robot_bringup', 'cmake_prefix_path')
[3.091s] INFO:colcon.colcon_core.shell:Creating environment hook '/home/marko/Desktop/Semester_2/install/my_robot_bringup/share/my_robot_bringup/hook/cmake_prefix_path.ps1'
[3.092s] DEBUG:colcon.colcon_core.event_handler.log_command:Invoked command in '/home/marko/Desktop/Semester_2/build/my_robot_bringup' returned '0': AMENT_PREFIX_PATH=/home/marko/Desktop/Semester_2/install/my_robot_description:${AMENT_PREFIX_PATH} CMAKE_PREFIX_PATH=/home/marko/Desktop/Semester_2/install/my_robot_description:/opt/ros/humble /usr/bin/cmake --install /home/marko/Desktop/Semester_2/build/my_robot_bringup
[3.093s] INFO:colcon.colcon_core.shell:Creating environment descriptor '/home/marko/Desktop/Semester_2/install/my_robot_bringup/share/my_robot_bringup/hook/cmake_prefix_path.dsv'
[3.093s] INFO:colcon.colcon_core.shell:Creating environment hook '/home/marko/Desktop/Semester_2/install/my_robot_bringup/share/my_robot_bringup/hook/cmake_prefix_path.sh'
[3.094s] Level 1:colcon.colcon_core.environment:checking '/home/marko/Desktop/Semester_2/install/my_robot_bringup/bin'
[3.094s] Level 1:colcon.colcon_core.environment:checking '/home/marko/Desktop/Semester_2/install/my_robot_bringup/lib/pkgconfig/my_robot_bringup.pc'
[3.094s] Level 1:colcon.colcon_core.environment:checking '/home/marko/Desktop/Semester_2/install/my_robot_bringup/lib/python3.10/site-packages'
[3.094s] Level 1:colcon.colcon_core.environment:checking '/home/marko/Desktop/Semester_2/install/my_robot_bringup/bin'
[3.095s] INFO:colcon.colcon_core.shell:Creating package script '/home/marko/Desktop/Semester_2/install/my_robot_bringup/share/my_robot_bringup/package.ps1'
[3.095s] INFO:colcon.colcon_core.shell:Creating package descriptor '/home/marko/Desktop/Semester_2/install/my_robot_bringup/share/my_robot_bringup/package.dsv'
[3.096s] INFO:colcon.colcon_core.shell:Creating package script '/home/marko/Desktop/Semester_2/install/my_robot_bringup/share/my_robot_bringup/package.sh'
[3.096s] INFO:colcon.colcon_core.shell:Creating package script '/home/marko/Desktop/Semester_2/install/my_robot_bringup/share/my_robot_bringup/package.bash'
[3.096s] INFO:colcon.colcon_core.shell:Creating package script '/home/marko/Desktop/Semester_2/install/my_robot_bringup/share/my_robot_bringup/package.zsh'
[3.097s] Level 1:colcon.colcon_core.environment:create_file_with_runtime_dependencies(/home/marko/Desktop/Semester_2/install/my_robot_bringup/share/colcon-core/packages/my_robot_bringup)
[3.157s] Level 1:colcon.colcon_core.environment:create_environment_scripts_only(my_robot_bringup)
[3.157s] Level 1:colcon.colcon_core.environment:checking '/home/marko/Desktop/Semester_2/install/my_robot_bringup' for CMake module files
[3.157s] Level 1:colcon.colcon_core.environment:checking '/home/marko/Desktop/Semester_2/install/my_robot_bringup' for CMake config files
[3.157s] Level 1:colcon.colcon_core.shell:create_environment_hook('my_robot_bringup', 'cmake_prefix_path')
[3.158s] INFO:colcon.colcon_core.shell:Creating environment hook '/home/marko/Desktop/Semester_2/install/my_robot_bringup/share/my_robot_bringup/hook/cmake_prefix_path.ps1'
[3.159s] INFO:colcon.colcon_core.shell:Creating environment descriptor '/home/marko/Desktop/Semester_2/install/my_robot_bringup/share/my_robot_bringup/hook/cmake_prefix_path.dsv'
[3.160s] INFO:colcon.colcon_core.shell:Creating environment hook '/home/marko/Desktop/Semester_2/install/my_robot_bringup/share/my_robot_bringup/hook/cmake_prefix_path.sh'
[3.160s] Level 1:colcon.colcon_core.environment:checking '/home/marko/Desktop/Semester_2/install/my_robot_bringup/bin'
[3.161s] Level 1:colcon.colcon_core.environment:checking '/home/marko/Desktop/Semester_2/install/my_robot_bringup/lib/pkgconfig/my_robot_bringup.pc'
[3.161s] Level 1:colcon.colcon_core.environment:checking '/home/marko/Desktop/Semester_2/install/my_robot_bringup/lib/python3.10/site-packages'
[3.161s] Level 1:colcon.colcon_core.environment:checking '/home/marko/Desktop/Semester_2/install/my_robot_bringup/bin'
[3.161s] INFO:colcon.colcon_core.shell:Creating package script '/home/marko/Desktop/Semester_2/install/my_robot_bringup/share/my_robot_bringup/package.ps1'
[3.162s] INFO:colcon.colcon_core.shell:Creating package descriptor '/home/marko/Desktop/Semester_2/install/my_robot_bringup/share/my_robot_bringup/package.dsv'
[3.162s] INFO:colcon.colcon_core.shell:Creating package script '/home/marko/Desktop/Semester_2/install/my_robot_bringup/share/my_robot_bringup/package.sh'
[3.163s] INFO:colcon.colcon_core.shell:Creating package script '/home/marko/Desktop/Semester_2/install/my_robot_bringup/share/my_robot_bringup/package.bash'
[3.164s] INFO:colcon.colcon_core.shell:Creating package script '/home/marko/Desktop/Semester_2/install/my_robot_bringup/share/my_robot_bringup/package.zsh'
[3.164s] Level 1:colcon.colcon_core.environment:create_file_with_runtime_dependencies(/home/marko/Desktop/Semester_2/install/my_robot_bringup/share/colcon-core/packages/my_robot_bringup)
[3.165s] DEBUG:colcon.colcon_parallel_executor.executor.parallel:closing loop
[3.165s] DEBUG:colcon.colcon_parallel_executor.executor.parallel:loop closed
[3.165s] DEBUG:colcon.colcon_parallel_executor.executor.parallel:run_until_complete finished with '0'
[3.165s] DEBUG:colcon.colcon_core.event_reactor:joining thread
[3.171s] INFO:colcon.colcon_core.plugin_system:Skipping extension 'colcon_notification.desktop_notification.terminal_notifier': Not used on non-Darwin systems
[3.171s] INFO:colcon.colcon_core.plugin_system:Skipping extension 'colcon_notification.desktop_notification.win32': Not used on non-Windows systems
[3.171s] INFO:colcon.colcon_notification.desktop_notification:Sending desktop notification using 'notify2'
[3.227s] DEBUG:colcon.colcon_core.event_reactor:joined thread
[3.228s] INFO:colcon.colcon_core.shell:Creating prefix script '/home/marko/Desktop/Semester_2/install/local_setup.ps1'
[3.229s] INFO:colcon.colcon_core.shell:Creating prefix util module '/home/marko/Desktop/Semester_2/install/_local_setup_util_ps1.py'
[3.231s] INFO:colcon.colcon_core.shell:Creating prefix chain script '/home/marko/Desktop/Semester_2/install/setup.ps1'
[3.232s] INFO:colcon.colcon_core.shell:Creating prefix script '/home/marko/Desktop/Semester_2/install/local_setup.sh'
[3.233s] INFO:colcon.colcon_core.shell:Creating prefix util module '/home/marko/Desktop/Semester_2/install/_local_setup_util_sh.py'
[3.234s] INFO:colcon.colcon_core.shell:Creating prefix chain script '/home/marko/Desktop/Semester_2/install/setup.sh'
[3.235s] INFO:colcon.colcon_core.shell:Creating prefix script '/home/marko/Desktop/Semester_2/install/local_setup.bash'
[3.235s] INFO:colcon.colcon_core.shell:Creating prefix chain script '/home/marko/Desktop/Semester_2/install/setup.bash'
[3.236s] INFO:colcon.colcon_core.shell:Creating prefix script '/home/marko/Desktop/Semester_2/install/local_setup.zsh'
[3.236s] INFO:colcon.colcon_core.shell:Creating prefix chain script '/home/marko/Desktop/Semester_2/install/setup.zsh'
