[0.592s] Invoking command in '/home/marko/Desktop/Semester_2/build/vision_rpi_bot': PYTHONPATH=/home/marko/Desktop/Semester_2/build/vision_rpi_bot/prefix_override:/usr/lib/python3/dist-packages/colcon_core/task/python/colcon_distutils_commands:/home/marko/Desktop/Semester_2/install/vision_rpi_bot/lib/python3.10/site-packages:${PYTHONPATH} /usr/bin/python3 -W ignore:setup.py install is deprecated -W ignore:easy_install command is deprecated setup.py develop --uninstall --editable --build-directory /home/marko/Desktop/Semester_2/build/vision_rpi_bot/build
[0.850s] running develop
[0.984s] Removing /home/marko/Desktop/Semester_2/install/vision_rpi_bot/lib/python3.10/site-packages/vision-rpi-bot.egg-link (link to .)
[1.011s] Invoked command in '/home/marko/Desktop/Semester_2/build/vision_rpi_bot' returned '0': PYTHONPATH=/home/marko/Desktop/Semester_2/build/vision_rpi_bot/prefix_override:/usr/lib/python3/dist-packages/colcon_core/task/python/colcon_distutils_commands:/home/marko/Desktop/Semester_2/install/vision_rpi_bot/lib/python3.10/site-packages:${PYTHONPATH} /usr/bin/python3 -W ignore:setup.py install is deprecated -W ignore:easy_install command is deprecated setup.py develop --uninstall --editable --build-directory /home/marko/Desktop/Semester_2/build/vision_rpi_bot/build
[1.014s] Invoking command in '/home/marko/Desktop/Semester_2/src/vision_rpi_bot': PYTHONPATH=/home/marko/Desktop/Semester_2/build/vision_rpi_bot/prefix_override:/usr/lib/python3/dist-packages/colcon_core/task/python/colcon_distutils_commands:/home/marko/Desktop/Semester_2/install/vision_rpi_bot/lib/python3.10/site-packages:${PYTHONPATH} /usr/bin/python3 -W ignore:setup.py install is deprecated -W ignore:easy_install command is deprecated setup.py egg_info --egg-base ../../build/vision_rpi_bot build --build-base /home/marko/Desktop/Semester_2/build/vision_rpi_bot/build install --record /home/marko/Desktop/Semester_2/build/vision_rpi_bot/install.log --single-version-externally-managed install_data --force
[1.213s] running egg_info
[1.214s] writing ../../build/vision_rpi_bot/vision_rpi_bot.egg-info/PKG-INFO
[1.215s] writing dependency_links to ../../build/vision_rpi_bot/vision_rpi_bot.egg-info/dependency_links.txt
[1.216s] writing entry points to ../../build/vision_rpi_bot/vision_rpi_bot.egg-info/entry_points.txt
[1.217s] writing requirements to ../../build/vision_rpi_bot/vision_rpi_bot.egg-info/requires.txt
[1.217s] writing top-level names to ../../build/vision_rpi_bot/vision_rpi_bot.egg-info/top_level.txt
[1.219s] reading manifest file '../../build/vision_rpi_bot/vision_rpi_bot.egg-info/SOURCES.txt'
[1.220s] writing manifest file '../../build/vision_rpi_bot/vision_rpi_bot.egg-info/SOURCES.txt'
[1.221s] running build
[1.221s] running build_py
[1.221s] running install
[1.221s] running install_lib
[1.222s] creating /home/marko/Desktop/Semester_2/install/vision_rpi_bot/lib/python3.10/site-packages/vision_rpi_bot
[1.222s] copying /home/marko/Desktop/Semester_2/build/vision_rpi_bot/build/lib/vision_rpi_bot/cmd_to_pwm_driver.py -> /home/marko/Desktop/Semester_2/install/vision_rpi_bot/lib/python3.10/site-packages/vision_rpi_bot
[1.225s] copying /home/marko/Desktop/Semester_2/build/vision_rpi_bot/build/lib/vision_rpi_bot/publisher.py -> /home/marko/Desktop/Semester_2/install/vision_rpi_bot/lib/python3.10/site-packages/vision_rpi_bot
[1.226s] copying /home/marko/Desktop/Semester_2/build/vision_rpi_bot/build/lib/vision_rpi_bot/__init__.py -> /home/marko/Desktop/Semester_2/install/vision_rpi_bot/lib/python3.10/site-packages/vision_rpi_bot
[1.226s] copying /home/marko/Desktop/Semester_2/build/vision_rpi_bot/build/lib/vision_rpi_bot/subscriber.py -> /home/marko/Desktop/Semester_2/install/vision_rpi_bot/lib/python3.10/site-packages/vision_rpi_bot
[1.227s] byte-compiling /home/marko/Desktop/Semester_2/install/vision_rpi_bot/lib/python3.10/site-packages/vision_rpi_bot/cmd_to_pwm_driver.py to cmd_to_pwm_driver.cpython-310.pyc
[1.228s] byte-compiling /home/marko/Desktop/Semester_2/install/vision_rpi_bot/lib/python3.10/site-packages/vision_rpi_bot/publisher.py to publisher.cpython-310.pyc
[1.228s] byte-compiling /home/marko/Desktop/Semester_2/install/vision_rpi_bot/lib/python3.10/site-packages/vision_rpi_bot/__init__.py to __init__.cpython-310.pyc
[1.229s] byte-compiling /home/marko/Desktop/Semester_2/install/vision_rpi_bot/lib/python3.10/site-packages/vision_rpi_bot/subscriber.py to subscriber.cpython-310.pyc
[1.229s] running install_data
[1.229s] copying resource/vision_rpi_bot -> /home/marko/Desktop/Semester_2/install/vision_rpi_bot/share/ament_index/resource_index/packages
[1.229s] copying package.xml -> /home/marko/Desktop/Semester_2/install/vision_rpi_bot/share/vision_rpi_bot
[1.229s] running install_egg_info
[1.231s] Copying ../../build/vision_rpi_bot/vision_rpi_bot.egg-info to /home/marko/Desktop/Semester_2/install/vision_rpi_bot/lib/python3.10/site-packages/vision_rpi_bot-0.0.0-py3.10.egg-info
[1.232s] running install_scripts
[1.252s] Installing cmdVel_to_pwm_node script to /home/marko/Desktop/Semester_2/install/vision_rpi_bot/lib/vision_rpi_bot
[1.253s] Installing publisher_rpi_node script to /home/marko/Desktop/Semester_2/install/vision_rpi_bot/lib/vision_rpi_bot
[1.254s] Installing subscriber_rpi_node script to /home/marko/Desktop/Semester_2/install/vision_rpi_bot/lib/vision_rpi_bot
[1.256s] writing list of installed files to '/home/marko/Desktop/Semester_2/build/vision_rpi_bot/install.log'
[1.284s] Invoked command in '/home/marko/Desktop/Semester_2/src/vision_rpi_bot' returned '0': PYTHONPATH=/home/marko/Desktop/Semester_2/build/vision_rpi_bot/prefix_override:/usr/lib/python3/dist-packages/colcon_core/task/python/colcon_distutils_commands:/home/marko/Desktop/Semester_2/install/vision_rpi_bot/lib/python3.10/site-packages:${PYTHONPATH} /usr/bin/python3 -W ignore:setup.py install is deprecated -W ignore:easy_install command is deprecated setup.py egg_info --egg-base ../../build/vision_rpi_bot build --build-base /home/marko/Desktop/Semester_2/build/vision_rpi_bot/build install --record /home/marko/Desktop/Semester_2/build/vision_rpi_bot/install.log --single-version-externally-managed install_data --force
