[0.671s] Invoking command in '/home/marko/Desktop/Semester_2/src/vision_rpi_bot': PYTHONPATH=/home/marko/Desktop/Semester_2/build/vision_rpi_bot/prefix_override:/usr/lib/python3/dist-packages/colcon_core/task/python/colcon_distutils_commands:/home/marko/Desktop/Semester_2/install/vision_rpi_bot/lib/python3.10/site-packages:${PYTHONPATH} /usr/bin/python3 -W ignore:setup.py install is deprecated -W ignore:easy_install command is deprecated setup.py egg_info --egg-base ../../build/vision_rpi_bot build --build-base /home/marko/Desktop/Semester_2/build/vision_rpi_bot/build install --record /home/marko/Desktop/Semester_2/build/vision_rpi_bot/install.log --single-version-externally-managed install_data
[0.893s] running egg_info
[0.895s] writing ../../build/vision_rpi_bot/vision_rpi_bot.egg-info/PKG-INFO
[0.895s] writing dependency_links to ../../build/vision_rpi_bot/vision_rpi_bot.egg-info/dependency_links.txt
[0.895s] writing entry points to ../../build/vision_rpi_bot/vision_rpi_bot.egg-info/entry_points.txt
[0.895s] writing requirements to ../../build/vision_rpi_bot/vision_rpi_bot.egg-info/requires.txt
[0.896s] writing top-level names to ../../build/vision_rpi_bot/vision_rpi_bot.egg-info/top_level.txt
[0.899s] reading manifest file '../../build/vision_rpi_bot/vision_rpi_bot.egg-info/SOURCES.txt'
[0.899s] writing manifest file '../../build/vision_rpi_bot/vision_rpi_bot.egg-info/SOURCES.txt'
[0.899s] running build
[0.901s] running build_py
[0.901s] running install
[0.901s] running install_lib
[0.901s] running install_data
[0.901s] running install_egg_info
[0.904s] removing '/home/marko/Desktop/Semester_2/install/vision_rpi_bot/lib/python3.10/site-packages/vision_rpi_bot-0.0.0-py3.10.egg-info' (and everything under it)
[0.904s] Copying ../../build/vision_rpi_bot/vision_rpi_bot.egg-info to /home/marko/Desktop/Semester_2/install/vision_rpi_bot/lib/python3.10/site-packages/vision_rpi_bot-0.0.0-py3.10.egg-info
[0.904s] running install_scripts
[0.924s] Installing cmdVel_to_pwm_node script to /home/marko/Desktop/Semester_2/install/vision_rpi_bot/lib/vision_rpi_bot
[0.925s] Installing publisher_rpi_node script to /home/marko/Desktop/Semester_2/install/vision_rpi_bot/lib/vision_rpi_bot
[0.926s] Installing subscriber_rpi_node script to /home/marko/Desktop/Semester_2/install/vision_rpi_bot/lib/vision_rpi_bot
[0.926s] writing list of installed files to '/home/marko/Desktop/Semester_2/build/vision_rpi_bot/install.log'
[0.955s] Invoked command in '/home/marko/Desktop/Semester_2/src/vision_rpi_bot' returned '0': PYTHONPATH=/home/marko/Desktop/Semester_2/build/vision_rpi_bot/prefix_override:/usr/lib/python3/dist-packages/colcon_core/task/python/colcon_distutils_commands:/home/marko/Desktop/Semester_2/install/vision_rpi_bot/lib/python3.10/site-packages:${PYTHONPATH} /usr/bin/python3 -W ignore:setup.py install is deprecated -W ignore:easy_install command is deprecated setup.py egg_info --egg-base ../../build/vision_rpi_bot build --build-base /home/marko/Desktop/Semester_2/build/vision_rpi_bot/build install --record /home/marko/Desktop/Semester_2/build/vision_rpi_bot/install.log --single-version-externally-managed install_data
