[0.019s] Invoking command in '/home/marko/Desktop/Semester_2/build/my_robot_bringup': CMAKE_PREFIX_PATH=/home/marko/Desktop/Semester_2/install/my_robot_description:/home/marko/Desktop/Semester_2/install/my_robot_bringup:/home/marko/Desktop/Semester_3/install/navigate_robot_interface:/home/marko/Desktop/Semester_2/install/vision_rpi_bot:/home/marko/Desktop/Semester_3/install/action_py:/opt/ros/humble /usr/bin/cmake --build /home/marko/Desktop/Semester_2/build/my_robot_bringup -- -j3 -l3
[0.104s] Invoked command in '/home/marko/Desktop/Semester_2/build/my_robot_bringup' returned '0': CMAKE_PREFIX_PATH=/home/marko/Desktop/Semester_2/install/my_robot_description:/home/marko/Desktop/Semester_2/install/my_robot_bringup:/home/marko/Desktop/Semester_3/install/navigate_robot_interface:/home/marko/Desktop/Semester_2/install/vision_rpi_bot:/home/marko/Desktop/Semester_3/install/action_py:/opt/ros/humble /usr/bin/cmake --build /home/marko/Desktop/Semester_2/build/my_robot_bringup -- -j3 -l3
[0.147s] Invoking command in '/home/marko/Desktop/Semester_2/build/my_robot_bringup': CMAKE_PREFIX_PATH=/home/marko/Desktop/Semester_2/install/my_robot_description:/home/marko/Desktop/Semester_2/install/my_robot_bringup:/home/marko/Desktop/Semester_3/install/navigate_robot_interface:/home/marko/Desktop/Semester_2/install/vision_rpi_bot:/home/marko/Desktop/Semester_3/install/action_py:/opt/ros/humble /usr/bin/cmake --install /home/marko/Desktop/Semester_2/build/my_robot_bringup
[0.153s] -- Install configuration: ""
[0.153s] -- Up-to-date: /home/marko/Desktop/Semester_2/install/my_robot_bringup/share/my_robot_bringup//launch
[0.153s] -- Up-to-date: /home/marko/Desktop/Semester_2/install/my_robot_bringup/share/my_robot_bringup//launch/my_robot_gazebo.launch.xml
[0.153s] -- Up-to-date: /home/marko/Desktop/Semester_2/install/my_robot_bringup/share/my_robot_bringup//rviz
[0.153s] -- Up-to-date: /home/marko/Desktop/Semester_2/install/my_robot_bringup/share/my_robot_bringup//rviz/urdf_config.rviz
[0.153s] -- Up-to-date: /home/marko/Desktop/Semester_2/install/my_robot_bringup/share/my_robot_bringup//worlds
[0.153s] -- Up-to-date: /home/marko/Desktop/Semester_2/install/my_robot_bringup/share/my_robot_bringup//worlds/test_world.world
[0.153s] -- Up-to-date: /home/marko/Desktop/Semester_2/install/my_robot_bringup/share/ament_index/resource_index/package_run_dependencies/my_robot_bringup
[0.153s] -- Up-to-date: /home/marko/Desktop/Semester_2/install/my_robot_bringup/share/ament_index/resource_index/parent_prefix_path/my_robot_bringup
[0.153s] -- Up-to-date: /home/marko/Desktop/Semester_2/install/my_robot_bringup/share/my_robot_bringup/environment/ament_prefix_path.sh
[0.153s] -- Up-to-date: /home/marko/Desktop/Semester_2/install/my_robot_bringup/share/my_robot_bringup/environment/ament_prefix_path.dsv
[0.153s] -- Up-to-date: /home/marko/Desktop/Semester_2/install/my_robot_bringup/share/my_robot_bringup/environment/path.sh
[0.153s] -- Up-to-date: /home/marko/Desktop/Semester_2/install/my_robot_bringup/share/my_robot_bringup/environment/path.dsv
[0.154s] -- Up-to-date: /home/marko/Desktop/Semester_2/install/my_robot_bringup/share/my_robot_bringup/local_setup.bash
[0.154s] -- Up-to-date: /home/marko/Desktop/Semester_2/install/my_robot_bringup/share/my_robot_bringup/local_setup.sh
[0.154s] -- Up-to-date: /home/marko/Desktop/Semester_2/install/my_robot_bringup/share/my_robot_bringup/local_setup.zsh
[0.154s] -- Up-to-date: /home/marko/Desktop/Semester_2/install/my_robot_bringup/share/my_robot_bringup/local_setup.dsv
[0.154s] -- Installing: /home/marko/Desktop/Semester_2/install/my_robot_bringup/share/my_robot_bringup/package.dsv
[0.154s] -- Up-to-date: /home/marko/Desktop/Semester_2/install/my_robot_bringup/share/ament_index/resource_index/packages/my_robot_bringup
[0.154s] -- Up-to-date: /home/marko/Desktop/Semester_2/install/my_robot_bringup/share/my_robot_bringup/cmake/my_robot_bringupConfig.cmake
[0.154s] -- Up-to-date: /home/marko/Desktop/Semester_2/install/my_robot_bringup/share/my_robot_bringup/cmake/my_robot_bringupConfig-version.cmake
[0.154s] -- Up-to-date: /home/marko/Desktop/Semester_2/install/my_robot_bringup/share/my_robot_bringup/package.xml
[0.156s] Invoked command in '/home/marko/Desktop/Semester_2/build/my_robot_bringup' returned '0': CMAKE_PREFIX_PATH=/home/marko/Desktop/Semester_2/install/my_robot_description:/home/marko/Desktop/Semester_2/install/my_robot_bringup:/home/marko/Desktop/Semester_3/install/navigate_robot_interface:/home/marko/Desktop/Semester_2/install/vision_rpi_bot:/home/marko/Desktop/Semester_3/install/action_py:/opt/ros/humble /usr/bin/cmake --install /home/marko/Desktop/Semester_2/build/my_robot_bringup
