[0.006s] Invoking command in '/home/marko/Desktop/Semester_2/build/my_robot_bringup': CMAKE_PREFIX_PATH=/home/marko/Desktop/Semester_2/install/my_robot_description:/home/marko/Desktop/Semester_2/install/my_robot_bringup:/home/marko/Desktop/Semester_2/install/vision_rpi_bot:/opt/ros/humble /usr/bin/cmake /home/marko/Desktop/Semester_2/src/my_robot_bringup -DCMAKE_INSTALL_PREFIX=/home/marko/Desktop/Semester_2/install/my_robot_bringup
[0.017s] -- Found ament_cmake: 1.3.10 (/opt/ros/humble/share/ament_cmake/cmake)
[0.135s] -- Override CMake install command with custom implementation using symlinks instead of copying resources
[0.210s] -- Configuring done
[0.215s] -- Generating done
[0.216s] -- Build files have been written to: /home/marko/Desktop/Semester_2/build/my_robot_bringup
[0.221s] Invoked command in '/home/marko/Desktop/Semester_2/build/my_robot_bringup' returned '0': CMAKE_PREFIX_PATH=/home/marko/Desktop/Semester_2/install/my_robot_description:/home/marko/Desktop/Semester_2/install/my_robot_bringup:/home/marko/Desktop/Semester_2/install/vision_rpi_bot:/opt/ros/humble /usr/bin/cmake /home/marko/Desktop/Semester_2/src/my_robot_bringup -DCMAKE_INSTALL_PREFIX=/home/marko/Desktop/Semester_2/install/my_robot_bringup
[0.221s] Invoking command in '/home/marko/Desktop/Semester_2/build/my_robot_bringup': CMAKE_PREFIX_PATH=/home/marko/Desktop/Semester_2/install/my_robot_description:/home/marko/Desktop/Semester_2/install/my_robot_bringup:/home/marko/Desktop/Semester_2/install/vision_rpi_bot:/opt/ros/humble /usr/bin/cmake --build /home/marko/Desktop/Semester_2/build/my_robot_bringup -- -j3 -l3
[0.276s] Invoked command in '/home/marko/Desktop/Semester_2/build/my_robot_bringup' returned '0': CMAKE_PREFIX_PATH=/home/marko/Desktop/Semester_2/install/my_robot_description:/home/marko/Desktop/Semester_2/install/my_robot_bringup:/home/marko/Desktop/Semester_2/install/vision_rpi_bot:/opt/ros/humble /usr/bin/cmake --build /home/marko/Desktop/Semester_2/build/my_robot_bringup -- -j3 -l3
[0.277s] Invoking command in '/home/marko/Desktop/Semester_2/build/my_robot_bringup': CMAKE_PREFIX_PATH=/home/marko/Desktop/Semester_2/install/my_robot_description:/home/marko/Desktop/Semester_2/install/my_robot_bringup:/home/marko/Desktop/Semester_2/install/vision_rpi_bot:/opt/ros/humble /usr/bin/cmake --install /home/marko/Desktop/Semester_2/build/my_robot_bringup
[0.285s] -- Install configuration: ""
[0.286s] -- Execute custom install script
[0.286s] -- Up-to-date symlink: /home/marko/Desktop/Semester_2/install/my_robot_bringup/share/my_robot_bringup//launch/my_robot_gazebo.launch.xml
[0.286s] -- Up-to-date symlink: /home/marko/Desktop/Semester_2/install/my_robot_bringup/share/my_robot_bringup//rviz/urdf_config.rviz
[0.287s] -- Up-to-date symlink: /home/marko/Desktop/Semester_2/install/my_robot_bringup/share/my_robot_bringup//worlds/test_world.world
[0.287s] -- Up-to-date symlink: /home/marko/Desktop/Semester_2/install/my_robot_bringup/share/ament_index/resource_index/package_run_dependencies/my_robot_bringup
[0.287s] -- Up-to-date symlink: /home/marko/Desktop/Semester_2/install/my_robot_bringup/share/ament_index/resource_index/parent_prefix_path/my_robot_bringup
[0.287s] -- Up-to-date symlink: /home/marko/Desktop/Semester_2/install/my_robot_bringup/share/my_robot_bringup/environment/ament_prefix_path.sh
[0.287s] -- Up-to-date symlink: /home/marko/Desktop/Semester_2/install/my_robot_bringup/share/my_robot_bringup/environment/ament_prefix_path.dsv
[0.287s] -- Up-to-date symlink: /home/marko/Desktop/Semester_2/install/my_robot_bringup/share/my_robot_bringup/environment/path.sh
[0.288s] -- Up-to-date symlink: /home/marko/Desktop/Semester_2/install/my_robot_bringup/share/my_robot_bringup/environment/path.dsv
[0.288s] -- Up-to-date symlink: /home/marko/Desktop/Semester_2/install/my_robot_bringup/share/my_robot_bringup/local_setup.bash
[0.288s] -- Up-to-date symlink: /home/marko/Desktop/Semester_2/install/my_robot_bringup/share/my_robot_bringup/local_setup.sh
[0.288s] -- Up-to-date symlink: /home/marko/Desktop/Semester_2/install/my_robot_bringup/share/my_robot_bringup/local_setup.zsh
[0.288s] -- Up-to-date symlink: /home/marko/Desktop/Semester_2/install/my_robot_bringup/share/my_robot_bringup/local_setup.dsv
[0.288s] -- Symlinking: /home/marko/Desktop/Semester_2/install/my_robot_bringup/share/my_robot_bringup/package.dsv
[0.300s] -- Up-to-date symlink: /home/marko/Desktop/Semester_2/install/my_robot_bringup/share/ament_index/resource_index/packages/my_robot_bringup
[0.302s] -- Up-to-date symlink: /home/marko/Desktop/Semester_2/install/my_robot_bringup/share/my_robot_bringup/cmake/my_robot_bringupConfig.cmake
[0.303s] -- Up-to-date symlink: /home/marko/Desktop/Semester_2/install/my_robot_bringup/share/my_robot_bringup/cmake/my_robot_bringupConfig-version.cmake
[0.303s] -- Up-to-date symlink: /home/marko/Desktop/Semester_2/install/my_robot_bringup/share/my_robot_bringup/package.xml
[0.305s] Invoked command in '/home/marko/Desktop/Semester_2/build/my_robot_bringup' returned '0': CMAKE_PREFIX_PATH=/home/marko/Desktop/Semester_2/install/my_robot_description:/home/marko/Desktop/Semester_2/install/my_robot_bringup:/home/marko/Desktop/Semester_2/install/vision_rpi_bot:/opt/ros/humble /usr/bin/cmake --install /home/marko/Desktop/Semester_2/build/my_robot_bringup
