/home/marko/Desktop/Semester_2/install/vision_rpi_bot/lib/python3.10/site-packages/vision_rpi_bot/cmd_to_pwm_driver.py
/home/marko/Desktop/Semester_2/install/vision_rpi_bot/lib/python3.10/site-packages/vision_rpi_bot/publisher.py
/home/marko/Desktop/Semester_2/install/vision_rpi_bot/lib/python3.10/site-packages/vision_rpi_bot/__init__.py
/home/marko/Desktop/Semester_2/install/vision_rpi_bot/lib/python3.10/site-packages/vision_rpi_bot/subscriber.py
/home/marko/Desktop/Semester_2/install/vision_rpi_bot/lib/python3.10/site-packages/vision_rpi_bot/__pycache__/cmd_to_pwm_driver.cpython-310.pyc
/home/marko/Desktop/Semester_2/install/vision_rpi_bot/lib/python3.10/site-packages/vision_rpi_bot/__pycache__/publisher.cpython-310.pyc
/home/marko/Desktop/Semester_2/install/vision_rpi_bot/lib/python3.10/site-packages/vision_rpi_bot/__pycache__/__init__.cpython-310.pyc
/home/marko/Desktop/Semester_2/install/vision_rpi_bot/lib/python3.10/site-packages/vision_rpi_bot/__pycache__/subscriber.cpython-310.pyc
/home/marko/Desktop/Semester_2/install/vision_rpi_bot/share/ament_index/resource_index/packages/vision_rpi_bot
/home/marko/Desktop/Semester_2/install/vision_rpi_bot/share/vision_rpi_bot/package.xml
/home/marko/Desktop/Semester_2/install/vision_rpi_bot/lib/python3.10/site-packages/vision_rpi_bot-0.0.0-py3.10.egg-info/zip-safe
/home/marko/Desktop/Semester_2/install/vision_rpi_bot/lib/python3.10/site-packages/vision_rpi_bot-0.0.0-py3.10.egg-info/dependency_links.txt
/home/marko/Desktop/Semester_2/install/vision_rpi_bot/lib/python3.10/site-packages/vision_rpi_bot-0.0.0-py3.10.egg-info/entry_points.txt
/home/marko/Desktop/Semester_2/install/vision_rpi_bot/lib/python3.10/site-packages/vision_rpi_bot-0.0.0-py3.10.egg-info/requires.txt
/home/marko/Desktop/Semester_2/install/vision_rpi_bot/lib/python3.10/site-packages/vision_rpi_bot-0.0.0-py3.10.egg-info/top_level.txt
/home/marko/Desktop/Semester_2/install/vision_rpi_bot/lib/python3.10/site-packages/vision_rpi_bot-0.0.0-py3.10.egg-info/PKG-INFO
/home/marko/Desktop/Semester_2/install/vision_rpi_bot/lib/python3.10/site-packages/vision_rpi_bot-0.0.0-py3.10.egg-info/SOURCES.txt
/home/marko/Desktop/Semester_2/install/vision_rpi_bot/lib/vision_rpi_bot/cmdVel_to_pwm_node
/home/marko/Desktop/Semester_2/install/vision_rpi_bot/lib/vision_rpi_bot/publisher_rpi_node
/home/marko/Desktop/Semester_2/install/vision_rpi_bot/lib/vision_rpi_bot/subscriber_rpi_node
