[0.089s] DEBUG:colcon:Command line arguments: ['/usr/bin/colcon', 'build']
[0.089s] DEBUG:colcon:Parsed command line arguments: Namespace(log_base=None, log_level=None, verb_name='build', build_base='build', install_base='install', merge_install=False, symlink_install=False, test_result_base=None, continue_on_error=False, executor='parallel', parallel_workers=3, event_handlers=None, ignore_user_meta=False, metas=['./colcon.meta'], base_paths=['.'], packages_ignore=None, packages_ignore_regex=None, paths=None, packages_up_to=None, packages_up_to_regex=None, packages_above=None, packages_above_and_dependencies=None, packages_above_depth=None, packages_select_by_dep=None, packages_skip_by_dep=None, packages_skip_up_to=None, packages_select_build_failed=False, packages_skip_build_finished=False, packages_select_test_failures=False, packages_skip_test_passed=False, packages_select=None, packages_skip=None, packages_select_regex=None, packages_skip_regex=None, packages_start=None, packages_end=None, allow_overriding=[], cmake_args=None, cmake_target=None, cmake_target_skip_unavailable=False, cmake_clean_cache=False, cmake_clean_first=False, cmake_force_configure=False, ament_cmake_args=None, catkin_cmake_args=None, catkin_skip_building_tests=False, mixin_files=None, mixin=None, verb_parser=<colcon_mixin.mixin.mixin_argument.MixinArgumentDecorator object at 0x7827853467d0>, verb_extension=<colcon_core.verb.build.BuildVerb object at 0x782785346320>, main=<bound method BuildVerb.main of <colcon_core.verb.build.BuildVerb object at 0x782785346320>>, mixin_verb=('build',))
[0.197s] Level 1:colcon.colcon_core.package_discovery:discover_packages(colcon_meta) check parameters
[0.197s] Level 1:colcon.colcon_core.package_discovery:discover_packages(recursive) check parameters
[0.197s] Level 1:colcon.colcon_core.package_discovery:discover_packages(ignore) check parameters
[0.197s] Level 1:colcon.colcon_core.package_discovery:discover_packages(path) check parameters
[0.197s] Level 1:colcon.colcon_core.package_discovery:discover_packages(colcon_meta) discover
[0.197s] Level 1:colcon.colcon_core.package_discovery:discover_packages(recursive) discover
[0.197s] INFO:colcon.colcon_core.package_discovery:Crawling recursively for packages in '/home/marko/Desktop/Semester_2/Semester-2'
[0.197s] Level 1:colcon.colcon_core.package_identification:_identify(.) by extensions ['ignore', 'ignore_ament_install']
[0.197s] Level 1:colcon.colcon_core.package_identification:_identify(.) by extension 'ignore'
[0.197s] Level 1:colcon.colcon_core.package_identification:_identify(.) by extension 'ignore_ament_install'
[0.197s] Level 1:colcon.colcon_core.package_identification:_identify(.) by extensions ['colcon_pkg']
[0.197s] Level 1:colcon.colcon_core.package_identification:_identify(.) by extension 'colcon_pkg'
[0.197s] Level 1:colcon.colcon_core.package_identification:_identify(.) by extensions ['colcon_meta']
[0.197s] Level 1:colcon.colcon_core.package_identification:_identify(.) by extension 'colcon_meta'
[0.197s] Level 1:colcon.colcon_core.package_identification:_identify(.) by extensions ['ros']
[0.197s] Level 1:colcon.colcon_core.package_identification:_identify(.) by extension 'ros'
[0.205s] Level 1:colcon.colcon_core.package_identification:_identify(.) by extensions ['cmake', 'python']
[0.205s] Level 1:colcon.colcon_core.package_identification:_identify(.) by extension 'cmake'
[0.205s] Level 1:colcon.colcon_core.package_identification:_identify(.) by extension 'python'
[0.205s] Level 1:colcon.colcon_core.package_identification:_identify(.) by extensions ['python_setup_py']
[0.205s] Level 1:colcon.colcon_core.package_identification:_identify(.) by extension 'python_setup_py'
[0.205s] Level 1:colcon.colcon_core.package_identification:_identify(build) by extensions ['ignore', 'ignore_ament_install']
[0.205s] Level 1:colcon.colcon_core.package_identification:_identify(build) by extension 'ignore'
[0.205s] Level 1:colcon.colcon_core.package_identification:_identify(build) ignored
[0.205s] Level 1:colcon.colcon_core.package_identification:_identify(install) by extensions ['ignore', 'ignore_ament_install']
[0.205s] Level 1:colcon.colcon_core.package_identification:_identify(install) by extension 'ignore'
[0.205s] Level 1:colcon.colcon_core.package_identification:_identify(install) ignored
[0.206s] Level 1:colcon.colcon_core.package_identification:_identify(log) by extensions ['ignore', 'ignore_ament_install']
[0.206s] Level 1:colcon.colcon_core.package_identification:_identify(log) by extension 'ignore'
[0.206s] Level 1:colcon.colcon_core.package_identification:_identify(log) ignored
[0.206s] Level 1:colcon.colcon_core.package_identification:_identify(src) by extensions ['ignore', 'ignore_ament_install']
[0.206s] Level 1:colcon.colcon_core.package_identification:_identify(src) by extension 'ignore'
[0.206s] Level 1:colcon.colcon_core.package_identification:_identify(src) by extension 'ignore_ament_install'
[0.206s] Level 1:colcon.colcon_core.package_identification:_identify(src) by extensions ['colcon_pkg']
[0.206s] Level 1:colcon.colcon_core.package_identification:_identify(src) by extension 'colcon_pkg'
[0.206s] Level 1:colcon.colcon_core.package_identification:_identify(src) by extensions ['colcon_meta']
[0.206s] Level 1:colcon.colcon_core.package_identification:_identify(src) by extension 'colcon_meta'
[0.206s] Level 1:colcon.colcon_core.package_identification:_identify(src) by extensions ['ros']
[0.206s] Level 1:colcon.colcon_core.package_identification:_identify(src) by extension 'ros'
[0.206s] Level 1:colcon.colcon_core.package_identification:_identify(src) by extensions ['cmake', 'python']
[0.206s] Level 1:colcon.colcon_core.package_identification:_identify(src) by extension 'cmake'
[0.206s] Level 1:colcon.colcon_core.package_identification:_identify(src) by extension 'python'
[0.206s] Level 1:colcon.colcon_core.package_identification:_identify(src) by extensions ['python_setup_py']
[0.206s] Level 1:colcon.colcon_core.package_identification:_identify(src) by extension 'python_setup_py'
[0.206s] Level 1:colcon.colcon_core.package_identification:_identify(src/ROS_ROBOT_RPI) by extensions ['ignore', 'ignore_ament_install']
[0.206s] Level 1:colcon.colcon_core.package_identification:_identify(src/ROS_ROBOT_RPI) by extension 'ignore'
[0.206s] Level 1:colcon.colcon_core.package_identification:_identify(src/ROS_ROBOT_RPI) by extension 'ignore_ament_install'
[0.206s] Level 1:colcon.colcon_core.package_identification:_identify(src/ROS_ROBOT_RPI) by extensions ['colcon_pkg']
[0.206s] Level 1:colcon.colcon_core.package_identification:_identify(src/ROS_ROBOT_RPI) by extension 'colcon_pkg'
[0.206s] Level 1:colcon.colcon_core.package_identification:_identify(src/ROS_ROBOT_RPI) by extensions ['colcon_meta']
[0.206s] Level 1:colcon.colcon_core.package_identification:_identify(src/ROS_ROBOT_RPI) by extension 'colcon_meta'
[0.206s] Level 1:colcon.colcon_core.package_identification:_identify(src/ROS_ROBOT_RPI) by extensions ['ros']
[0.206s] Level 1:colcon.colcon_core.package_identification:_identify(src/ROS_ROBOT_RPI) by extension 'ros'
[0.206s] Level 1:colcon.colcon_core.package_identification:_identify(src/ROS_ROBOT_RPI) by extensions ['cmake', 'python']
[0.206s] Level 1:colcon.colcon_core.package_identification:_identify(src/ROS_ROBOT_RPI) by extension 'cmake'
[0.206s] Level 1:colcon.colcon_core.package_identification:_identify(src/ROS_ROBOT_RPI) by extension 'python'
[0.206s] Level 1:colcon.colcon_core.package_identification:_identify(src/ROS_ROBOT_RPI) by extensions ['python_setup_py']
[0.206s] Level 1:colcon.colcon_core.package_identification:_identify(src/ROS_ROBOT_RPI) by extension 'python_setup_py'
[0.206s] Level 1:colcon.colcon_core.package_identification:_identify(src/ROS_ROBOT_RPI/vision_rpi_bot) by extensions ['ignore', 'ignore_ament_install']
[0.206s] Level 1:colcon.colcon_core.package_identification:_identify(src/ROS_ROBOT_RPI/vision_rpi_bot) by extension 'ignore'
[0.206s] Level 1:colcon.colcon_core.package_identification:_identify(src/ROS_ROBOT_RPI/vision_rpi_bot) by extension 'ignore_ament_install'
[0.207s] Level 1:colcon.colcon_core.package_identification:_identify(src/ROS_ROBOT_RPI/vision_rpi_bot) by extensions ['colcon_pkg']
[0.207s] Level 1:colcon.colcon_core.package_identification:_identify(src/ROS_ROBOT_RPI/vision_rpi_bot) by extension 'colcon_pkg'
[0.207s] Level 1:colcon.colcon_core.package_identification:_identify(src/ROS_ROBOT_RPI/vision_rpi_bot) by extensions ['colcon_meta']
[0.207s] Level 1:colcon.colcon_core.package_identification:_identify(src/ROS_ROBOT_RPI/vision_rpi_bot) by extension 'colcon_meta'
[0.207s] Level 1:colcon.colcon_core.package_identification:_identify(src/ROS_ROBOT_RPI/vision_rpi_bot) by extensions ['ros']
[0.207s] Level 1:colcon.colcon_core.package_identification:_identify(src/ROS_ROBOT_RPI/vision_rpi_bot) by extension 'ros'
[0.208s] DEBUG:colcon.colcon_core.package_identification:Package 'src/ROS_ROBOT_RPI/vision_rpi_bot' with type 'ros.ament_python' and name 'vision_rpi_bot'
[0.208s] Level 1:colcon.colcon_core.package_identification:_identify(src/Ros_Robot_simulation) by extensions ['ignore', 'ignore_ament_install']
[0.208s] Level 1:colcon.colcon_core.package_identification:_identify(src/Ros_Robot_simulation) by extension 'ignore'
[0.209s] Level 1:colcon.colcon_core.package_identification:_identify(src/Ros_Robot_simulation) by extension 'ignore_ament_install'
[0.209s] Level 1:colcon.colcon_core.package_identification:_identify(src/Ros_Robot_simulation) by extensions ['colcon_pkg']
[0.209s] Level 1:colcon.colcon_core.package_identification:_identify(src/Ros_Robot_simulation) by extension 'colcon_pkg'
[0.209s] Level 1:colcon.colcon_core.package_identification:_identify(src/Ros_Robot_simulation) by extensions ['colcon_meta']
[0.209s] Level 1:colcon.colcon_core.package_identification:_identify(src/Ros_Robot_simulation) by extension 'colcon_meta'
[0.209s] Level 1:colcon.colcon_core.package_identification:_identify(src/Ros_Robot_simulation) by extensions ['ros']
[0.209s] Level 1:colcon.colcon_core.package_identification:_identify(src/Ros_Robot_simulation) by extension 'ros'
[0.209s] Level 1:colcon.colcon_core.package_identification:_identify(src/Ros_Robot_simulation) by extensions ['cmake', 'python']
[0.209s] Level 1:colcon.colcon_core.package_identification:_identify(src/Ros_Robot_simulation) by extension 'cmake'
[0.209s] Level 1:colcon.colcon_core.package_identification:_identify(src/Ros_Robot_simulation) by extension 'python'
[0.209s] Level 1:colcon.colcon_core.package_identification:_identify(src/Ros_Robot_simulation) by extensions ['python_setup_py']
[0.209s] Level 1:colcon.colcon_core.package_identification:_identify(src/Ros_Robot_simulation) by extension 'python_setup_py'
[0.209s] Level 1:colcon.colcon_core.package_identification:_identify(src/Ros_Robot_simulation/src) by extensions ['ignore', 'ignore_ament_install']
[0.209s] Level 1:colcon.colcon_core.package_identification:_identify(src/Ros_Robot_simulation/src) by extension 'ignore'
[0.209s] Level 1:colcon.colcon_core.package_identification:_identify(src/Ros_Robot_simulation/src) by extension 'ignore_ament_install'
[0.209s] Level 1:colcon.colcon_core.package_identification:_identify(src/Ros_Robot_simulation/src) by extensions ['colcon_pkg']
[0.209s] Level 1:colcon.colcon_core.package_identification:_identify(src/Ros_Robot_simulation/src) by extension 'colcon_pkg'
[0.209s] Level 1:colcon.colcon_core.package_identification:_identify(src/Ros_Robot_simulation/src) by extensions ['colcon_meta']
[0.209s] Level 1:colcon.colcon_core.package_identification:_identify(src/Ros_Robot_simulation/src) by extension 'colcon_meta'
[0.209s] Level 1:colcon.colcon_core.package_identification:_identify(src/Ros_Robot_simulation/src) by extensions ['ros']
[0.209s] Level 1:colcon.colcon_core.package_identification:_identify(src/Ros_Robot_simulation/src) by extension 'ros'
[0.209s] Level 1:colcon.colcon_core.package_identification:_identify(src/Ros_Robot_simulation/src) by extensions ['cmake', 'python']
[0.209s] Level 1:colcon.colcon_core.package_identification:_identify(src/Ros_Robot_simulation/src) by extension 'cmake'
[0.209s] Level 1:colcon.colcon_core.package_identification:_identify(src/Ros_Robot_simulation/src) by extension 'python'
[0.209s] Level 1:colcon.colcon_core.package_identification:_identify(src/Ros_Robot_simulation/src) by extensions ['python_setup_py']
[0.209s] Level 1:colcon.colcon_core.package_identification:_identify(src/Ros_Robot_simulation/src) by extension 'python_setup_py'
[0.209s] Level 1:colcon.colcon_core.package_identification:_identify(src/Ros_Robot_simulation/src/my_robot_bringup) by extensions ['ignore', 'ignore_ament_install']
[0.209s] Level 1:colcon.colcon_core.package_identification:_identify(src/Ros_Robot_simulation/src/my_robot_bringup) by extension 'ignore'
[0.209s] Level 1:colcon.colcon_core.package_identification:_identify(src/Ros_Robot_simulation/src/my_robot_bringup) by extension 'ignore_ament_install'
[0.209s] Level 1:colcon.colcon_core.package_identification:_identify(src/Ros_Robot_simulation/src/my_robot_bringup) by extensions ['colcon_pkg']
[0.209s] Level 1:colcon.colcon_core.package_identification:_identify(src/Ros_Robot_simulation/src/my_robot_bringup) by extension 'colcon_pkg'
[0.209s] Level 1:colcon.colcon_core.package_identification:_identify(src/Ros_Robot_simulation/src/my_robot_bringup) by extensions ['colcon_meta']
[0.209s] Level 1:colcon.colcon_core.package_identification:_identify(src/Ros_Robot_simulation/src/my_robot_bringup) by extension 'colcon_meta'
[0.209s] Level 1:colcon.colcon_core.package_identification:_identify(src/Ros_Robot_simulation/src/my_robot_bringup) by extensions ['ros']
[0.209s] Level 1:colcon.colcon_core.package_identification:_identify(src/Ros_Robot_simulation/src/my_robot_bringup) by extension 'ros'
[0.210s] DEBUG:colcon.colcon_core.package_identification:Package 'src/Ros_Robot_simulation/src/my_robot_bringup' with type 'ros.ament_cmake' and name 'my_robot_bringup'
[0.210s] Level 1:colcon.colcon_core.package_identification:_identify(src/Ros_Robot_simulation/src/my_robot_description) by extensions ['ignore', 'ignore_ament_install']
[0.210s] Level 1:colcon.colcon_core.package_identification:_identify(src/Ros_Robot_simulation/src/my_robot_description) by extension 'ignore'
[0.210s] Level 1:colcon.colcon_core.package_identification:_identify(src/Ros_Robot_simulation/src/my_robot_description) by extension 'ignore_ament_install'
[0.210s] Level 1:colcon.colcon_core.package_identification:_identify(src/Ros_Robot_simulation/src/my_robot_description) by extensions ['colcon_pkg']
[0.210s] Level 1:colcon.colcon_core.package_identification:_identify(src/Ros_Robot_simulation/src/my_robot_description) by extension 'colcon_pkg'
[0.210s] Level 1:colcon.colcon_core.package_identification:_identify(src/Ros_Robot_simulation/src/my_robot_description) by extensions ['colcon_meta']
[0.210s] Level 1:colcon.colcon_core.package_identification:_identify(src/Ros_Robot_simulation/src/my_robot_description) by extension 'colcon_meta'
[0.210s] Level 1:colcon.colcon_core.package_identification:_identify(src/Ros_Robot_simulation/src/my_robot_description) by extensions ['ros']
[0.210s] Level 1:colcon.colcon_core.package_identification:_identify(src/Ros_Robot_simulation/src/my_robot_description) by extension 'ros'
[0.210s] DEBUG:colcon.colcon_core.package_identification:Package 'src/Ros_Robot_simulation/src/my_robot_description' with type 'ros.ament_cmake' and name 'my_robot_description'
[0.210s] Level 1:colcon.colcon_core.package_discovery:discover_packages(recursive) using defaults
[0.210s] Level 1:colcon.colcon_core.package_discovery:discover_packages(ignore) discover
[0.210s] Level 1:colcon.colcon_core.package_discovery:discover_packages(ignore) using defaults
[0.211s] Level 1:colcon.colcon_core.package_discovery:discover_packages(path) discover
[0.211s] Level 1:colcon.colcon_core.package_discovery:discover_packages(path) using defaults
[0.233s] Level 1:colcon.colcon_core.package_discovery:discover_packages(prefix_path) check parameters
[0.233s] Level 1:colcon.colcon_core.package_discovery:discover_packages(prefix_path) discover
[0.234s] DEBUG:colcon.colcon_installed_package_information.package_discovery:Found 3 installed packages in /home/marko/Desktop/Semester_2/Semester-2/install
[0.235s] DEBUG:colcon.colcon_installed_package_information.package_discovery:Found 278 installed packages in /opt/ros/humble
[0.236s] Level 1:colcon.colcon_core.package_discovery:discover_packages(prefix_path) using defaults
[0.267s] Level 5:colcon.colcon_core.verb:set package 'my_robot_description' build argument 'cmake_args' from command line to 'None'
[0.267s] Level 5:colcon.colcon_core.verb:set package 'my_robot_description' build argument 'cmake_target' from command line to 'None'
[0.267s] Level 5:colcon.colcon_core.verb:set package 'my_robot_description' build argument 'cmake_target_skip_unavailable' from command line to 'False'
[0.267s] Level 5:colcon.colcon_core.verb:set package 'my_robot_description' build argument 'cmake_clean_cache' from command line to 'False'
[0.267s] Level 5:colcon.colcon_core.verb:set package 'my_robot_description' build argument 'cmake_clean_first' from command line to 'False'
[0.267s] Level 5:colcon.colcon_core.verb:set package 'my_robot_description' build argument 'cmake_force_configure' from command line to 'False'
[0.267s] Level 5:colcon.colcon_core.verb:set package 'my_robot_description' build argument 'ament_cmake_args' from command line to 'None'
[0.267s] Level 5:colcon.colcon_core.verb:set package 'my_robot_description' build argument 'catkin_cmake_args' from command line to 'None'
[0.267s] Level 5:colcon.colcon_core.verb:set package 'my_robot_description' build argument 'catkin_skip_building_tests' from command line to 'False'
[0.267s] DEBUG:colcon.colcon_core.verb:Building package 'my_robot_description' with the following arguments: {'ament_cmake_args': None, 'build_base': '/home/marko/Desktop/Semester_2/Semester-2/build/my_robot_description', 'catkin_cmake_args': None, 'catkin_skip_building_tests': False, 'cmake_args': None, 'cmake_clean_cache': False, 'cmake_clean_first': False, 'cmake_force_configure': False, 'cmake_target': None, 'cmake_target_skip_unavailable': False, 'install_base': '/home/marko/Desktop/Semester_2/Semester-2/install/my_robot_description', 'merge_install': False, 'path': '/home/marko/Desktop/Semester_2/Semester-2/src/Ros_Robot_simulation/src/my_robot_description', 'symlink_install': False, 'test_result_base': None}
[0.267s] Level 5:colcon.colcon_core.verb:set package 'vision_rpi_bot' build argument 'cmake_args' from command line to 'None'
[0.267s] Level 5:colcon.colcon_core.verb:set package 'vision_rpi_bot' build argument 'cmake_target' from command line to 'None'
[0.267s] Level 5:colcon.colcon_core.verb:set package 'vision_rpi_bot' build argument 'cmake_target_skip_unavailable' from command line to 'False'
[0.267s] Level 5:colcon.colcon_core.verb:set package 'vision_rpi_bot' build argument 'cmake_clean_cache' from command line to 'False'
[0.267s] Level 5:colcon.colcon_core.verb:set package 'vision_rpi_bot' build argument 'cmake_clean_first' from command line to 'False'
[0.267s] Level 5:colcon.colcon_core.verb:set package 'vision_rpi_bot' build argument 'cmake_force_configure' from command line to 'False'
[0.267s] Level 5:colcon.colcon_core.verb:set package 'vision_rpi_bot' build argument 'ament_cmake_args' from command line to 'None'
[0.267s] Level 5:colcon.colcon_core.verb:set package 'vision_rpi_bot' build argument 'catkin_cmake_args' from command line to 'None'
[0.267s] Level 5:colcon.colcon_core.verb:set package 'vision_rpi_bot' build argument 'catkin_skip_building_tests' from command line to 'False'
[0.267s] DEBUG:colcon.colcon_core.verb:Building package 'vision_rpi_bot' with the following arguments: {'ament_cmake_args': None, 'build_base': '/home/marko/Desktop/Semester_2/Semester-2/build/vision_rpi_bot', 'catkin_cmake_args': None, 'catkin_skip_building_tests': False, 'cmake_args': None, 'cmake_clean_cache': False, 'cmake_clean_first': False, 'cmake_force_configure': False, 'cmake_target': None, 'cmake_target_skip_unavailable': False, 'install_base': '/home/marko/Desktop/Semester_2/Semester-2/install/vision_rpi_bot', 'merge_install': False, 'path': '/home/marko/Desktop/Semester_2/Semester-2/src/ROS_ROBOT_RPI/vision_rpi_bot', 'symlink_install': False, 'test_result_base': None}
[0.268s] Level 5:colcon.colcon_core.verb:set package 'my_robot_bringup' build argument 'cmake_args' from command line to 'None'
[0.268s] Level 5:colcon.colcon_core.verb:set package 'my_robot_bringup' build argument 'cmake_target' from command line to 'None'
[0.268s] Level 5:colcon.colcon_core.verb:set package 'my_robot_bringup' build argument 'cmake_target_skip_unavailable' from command line to 'False'
[0.268s] Level 5:colcon.colcon_core.verb:set package 'my_robot_bringup' build argument 'cmake_clean_cache' from command line to 'False'
[0.268s] Level 5:colcon.colcon_core.verb:set package 'my_robot_bringup' build argument 'cmake_clean_first' from command line to 'False'
[0.268s] Level 5:colcon.colcon_core.verb:set package 'my_robot_bringup' build argument 'cmake_force_configure' from command line to 'False'
[0.268s] Level 5:colcon.colcon_core.verb:set package 'my_robot_bringup' build argument 'ament_cmake_args' from command line to 'None'
[0.268s] Level 5:colcon.colcon_core.verb:set package 'my_robot_bringup' build argument 'catkin_cmake_args' from command line to 'None'
[0.268s] Level 5:colcon.colcon_core.verb:set package 'my_robot_bringup' build argument 'catkin_skip_building_tests' from command line to 'False'
[0.268s] DEBUG:colcon.colcon_core.verb:Building package 'my_robot_bringup' with the following arguments: {'ament_cmake_args': None, 'build_base': '/home/marko/Desktop/Semester_2/Semester-2/build/my_robot_bringup', 'catkin_cmake_args': None, 'catkin_skip_building_tests': False, 'cmake_args': None, 'cmake_clean_cache': False, 'cmake_clean_first': False, 'cmake_force_configure': False, 'cmake_target': None, 'cmake_target_skip_unavailable': False, 'install_base': '/home/marko/Desktop/Semester_2/Semester-2/install/my_robot_bringup', 'merge_install': False, 'path': '/home/marko/Desktop/Semester_2/Semester-2/src/Ros_Robot_simulation/src/my_robot_bringup', 'symlink_install': False, 'test_result_base': None}
[0.268s] INFO:colcon.colcon_core.executor:Executing jobs using 'parallel' executor
[0.270s] DEBUG:colcon.colcon_parallel_executor.executor.parallel:run_until_complete
[0.271s] INFO:colcon.colcon_ros.task.ament_cmake.build:Building ROS package in '/home/marko/Desktop/Semester_2/Semester-2/src/Ros_Robot_simulation/src/my_robot_description' with build type 'ament_cmake'
[0.271s] INFO:colcon.colcon_cmake.task.cmake.build:Building CMake package in '/home/marko/Desktop/Semester_2/Semester-2/src/Ros_Robot_simulation/src/my_robot_description'
[0.273s] INFO:colcon.colcon_core.plugin_system:Skipping extension 'colcon_core.shell.bat': Not used on non-Windows systems
[0.273s] INFO:colcon.colcon_core.shell:Skip shell extension 'powershell' for command environment: Not usable outside of PowerShell
[0.273s] DEBUG:colcon.colcon_core.shell:Skip shell extension 'dsv' for command environment
[0.277s] INFO:colcon.colcon_ros.task.ament_python.build:Building ROS package in '/home/marko/Desktop/Semester_2/Semester-2/src/ROS_ROBOT_RPI/vision_rpi_bot' with build type 'ament_python'
[0.277s] Level 1:colcon.colcon_core.shell:create_environment_hook('vision_rpi_bot', 'ament_prefix_path')
[0.277s] INFO:colcon.colcon_core.shell:Creating environment hook '/home/marko/Desktop/Semester_2/Semester-2/install/vision_rpi_bot/share/vision_rpi_bot/hook/ament_prefix_path.ps1'
[0.279s] INFO:colcon.colcon_core.shell:Creating environment descriptor '/home/marko/Desktop/Semester_2/Semester-2/install/vision_rpi_bot/share/vision_rpi_bot/hook/ament_prefix_path.dsv'
[0.280s] INFO:colcon.colcon_core.shell:Creating environment hook '/home/marko/Desktop/Semester_2/Semester-2/install/vision_rpi_bot/share/vision_rpi_bot/hook/ament_prefix_path.sh'
[0.281s] INFO:colcon.colcon_core.shell:Skip shell extension 'powershell' for command environment: Not usable outside of PowerShell
[0.281s] DEBUG:colcon.colcon_core.shell:Skip shell extension 'dsv' for command environment
[0.294s] DEBUG:colcon.colcon_core.event_handler.log_command:Invoking command in '/home/marko/Desktop/Semester_2/Semester-2/build/my_robot_description': CMAKE_PREFIX_PATH=${CMAKE_PREFIX_PATH}:/home/marko/Desktop/Semester_2/Semester-2/install/vision_rpi_bot:/opt/ros/humble /usr/bin/cmake --build /home/marko/Desktop/Semester_2/Semester-2/build/my_robot_description -- -j3 -l3
[0.482s] INFO:colcon.colcon_core.task.python.build:Building Python package in '/home/marko/Desktop/Semester_2/Semester-2/src/ROS_ROBOT_RPI/vision_rpi_bot'
[0.482s] INFO:colcon.colcon_core.shell:Skip shell extension 'powershell' for command environment: Not usable outside of PowerShell
[0.482s] DEBUG:colcon.colcon_core.shell:Skip shell extension 'dsv' for command environment
[0.487s] DEBUG:colcon.colcon_core.event_handler.log_command:Invoked command in '/home/marko/Desktop/Semester_2/Semester-2/build/my_robot_description' returned '0': CMAKE_PREFIX_PATH=${CMAKE_PREFIX_PATH}:/home/marko/Desktop/Semester_2/Semester-2/install/vision_rpi_bot:/opt/ros/humble /usr/bin/cmake --build /home/marko/Desktop/Semester_2/Semester-2/build/my_robot_description -- -j3 -l3
[0.546s] DEBUG:colcon.colcon_core.event_handler.log_command:Invoking command in '/home/marko/Desktop/Semester_2/Semester-2/build/my_robot_description': CMAKE_PREFIX_PATH=${CMAKE_PREFIX_PATH}:/home/marko/Desktop/Semester_2/Semester-2/install/vision_rpi_bot:/opt/ros/humble /usr/bin/cmake --install /home/marko/Desktop/Semester_2/Semester-2/build/my_robot_description
[0.575s] Level 1:colcon.colcon_core.environment:create_environment_scripts_only(my_robot_description)
[0.576s] DEBUG:colcon.colcon_core.event_handler.log_command:Invoked command in '/home/marko/Desktop/Semester_2/Semester-2/build/my_robot_description' returned '0': CMAKE_PREFIX_PATH=${CMAKE_PREFIX_PATH}:/home/marko/Desktop/Semester_2/Semester-2/install/vision_rpi_bot:/opt/ros/humble /usr/bin/cmake --install /home/marko/Desktop/Semester_2/Semester-2/build/my_robot_description
[0.578s] Level 1:colcon.colcon_core.environment:checking '/home/marko/Desktop/Semester_2/Semester-2/install/my_robot_description' for CMake module files
[0.579s] Level 1:colcon.colcon_core.environment:checking '/home/marko/Desktop/Semester_2/Semester-2/install/my_robot_description' for CMake config files
[0.579s] Level 1:colcon.colcon_core.shell:create_environment_hook('my_robot_description', 'cmake_prefix_path')
[0.579s] INFO:colcon.colcon_core.shell:Creating environment hook '/home/marko/Desktop/Semester_2/Semester-2/install/my_robot_description/share/my_robot_description/hook/cmake_prefix_path.ps1'
[0.580s] INFO:colcon.colcon_core.shell:Creating environment descriptor '/home/marko/Desktop/Semester_2/Semester-2/install/my_robot_description/share/my_robot_description/hook/cmake_prefix_path.dsv'
[0.580s] INFO:colcon.colcon_core.shell:Creating environment hook '/home/marko/Desktop/Semester_2/Semester-2/install/my_robot_description/share/my_robot_description/hook/cmake_prefix_path.sh'
[0.581s] Level 1:colcon.colcon_core.environment:checking '/home/marko/Desktop/Semester_2/Semester-2/install/my_robot_description/bin'
[0.581s] Level 1:colcon.colcon_core.environment:checking '/home/marko/Desktop/Semester_2/Semester-2/install/my_robot_description/lib/pkgconfig/my_robot_description.pc'
[0.581s] Level 1:colcon.colcon_core.environment:checking '/home/marko/Desktop/Semester_2/Semester-2/install/my_robot_description/lib/python3.10/site-packages'
[0.582s] Level 1:colcon.colcon_core.environment:checking '/home/marko/Desktop/Semester_2/Semester-2/install/my_robot_description/bin'
[0.582s] INFO:colcon.colcon_core.shell:Creating package script '/home/marko/Desktop/Semester_2/Semester-2/install/my_robot_description/share/my_robot_description/package.ps1'
[0.582s] INFO:colcon.colcon_core.shell:Creating package descriptor '/home/marko/Desktop/Semester_2/Semester-2/install/my_robot_description/share/my_robot_description/package.dsv'
[0.583s] INFO:colcon.colcon_core.shell:Creating package script '/home/marko/Desktop/Semester_2/Semester-2/install/my_robot_description/share/my_robot_description/package.sh'
[0.585s] INFO:colcon.colcon_core.shell:Creating package script '/home/marko/Desktop/Semester_2/Semester-2/install/my_robot_description/share/my_robot_description/package.bash'
[0.586s] INFO:colcon.colcon_core.shell:Creating package script '/home/marko/Desktop/Semester_2/Semester-2/install/my_robot_description/share/my_robot_description/package.zsh'
[0.588s] Level 1:colcon.colcon_core.environment:create_file_with_runtime_dependencies(/home/marko/Desktop/Semester_2/Semester-2/install/my_robot_description/share/colcon-core/packages/my_robot_description)
[0.645s] Level 1:colcon.colcon_core.environment:create_environment_scripts_only(my_robot_description)
[0.645s] Level 1:colcon.colcon_core.environment:checking '/home/marko/Desktop/Semester_2/Semester-2/install/my_robot_description' for CMake module files
[0.645s] Level 1:colcon.colcon_core.environment:checking '/home/marko/Desktop/Semester_2/Semester-2/install/my_robot_description' for CMake config files
[0.645s] Level 1:colcon.colcon_core.shell:create_environment_hook('my_robot_description', 'cmake_prefix_path')
[0.646s] INFO:colcon.colcon_core.shell:Creating environment hook '/home/marko/Desktop/Semester_2/Semester-2/install/my_robot_description/share/my_robot_description/hook/cmake_prefix_path.ps1'
[0.647s] INFO:colcon.colcon_core.shell:Creating environment descriptor '/home/marko/Desktop/Semester_2/Semester-2/install/my_robot_description/share/my_robot_description/hook/cmake_prefix_path.dsv'
[0.647s] INFO:colcon.colcon_core.shell:Creating environment hook '/home/marko/Desktop/Semester_2/Semester-2/install/my_robot_description/share/my_robot_description/hook/cmake_prefix_path.sh'
[0.648s] Level 1:colcon.colcon_core.environment:checking '/home/marko/Desktop/Semester_2/Semester-2/install/my_robot_description/bin'
[0.648s] Level 1:colcon.colcon_core.environment:checking '/home/marko/Desktop/Semester_2/Semester-2/install/my_robot_description/lib/pkgconfig/my_robot_description.pc'
[0.649s] Level 1:colcon.colcon_core.environment:checking '/home/marko/Desktop/Semester_2/Semester-2/install/my_robot_description/lib/python3.10/site-packages'
[0.649s] Level 1:colcon.colcon_core.environment:checking '/home/marko/Desktop/Semester_2/Semester-2/install/my_robot_description/bin'
[0.649s] INFO:colcon.colcon_core.shell:Creating package script '/home/marko/Desktop/Semester_2/Semester-2/install/my_robot_description/share/my_robot_description/package.ps1'
[0.651s] INFO:colcon.colcon_core.shell:Creating package descriptor '/home/marko/Desktop/Semester_2/Semester-2/install/my_robot_description/share/my_robot_description/package.dsv'
[0.652s] INFO:colcon.colcon_core.shell:Creating package script '/home/marko/Desktop/Semester_2/Semester-2/install/my_robot_description/share/my_robot_description/package.sh'
[0.653s] INFO:colcon.colcon_core.shell:Creating package script '/home/marko/Desktop/Semester_2/Semester-2/install/my_robot_description/share/my_robot_description/package.bash'
[0.654s] INFO:colcon.colcon_core.shell:Creating package script '/home/marko/Desktop/Semester_2/Semester-2/install/my_robot_description/share/my_robot_description/package.zsh'
[0.654s] Level 1:colcon.colcon_core.environment:create_file_with_runtime_dependencies(/home/marko/Desktop/Semester_2/Semester-2/install/my_robot_description/share/colcon-core/packages/my_robot_description)
[0.655s] INFO:colcon.colcon_ros.task.ament_cmake.build:Building ROS package in '/home/marko/Desktop/Semester_2/Semester-2/src/Ros_Robot_simulation/src/my_robot_bringup' with build type 'ament_cmake'
[0.655s] INFO:colcon.colcon_cmake.task.cmake.build:Building CMake package in '/home/marko/Desktop/Semester_2/Semester-2/src/Ros_Robot_simulation/src/my_robot_bringup'
[0.655s] INFO:colcon.colcon_core.shell:Skip shell extension 'powershell' for command environment: Not usable outside of PowerShell
[0.656s] DEBUG:colcon.colcon_core.shell:Skip shell extension 'dsv' for command environment
[0.679s] DEBUG:colcon.colcon_core.event_handler.log_command:Invoking command in '/home/marko/Desktop/Semester_2/Semester-2/build/my_robot_bringup': CMAKE_PREFIX_PATH=/home/marko/Desktop/Semester_2/Semester-2/install/my_robot_description:/home/marko/Desktop/Semester_2/Semester-2/install/my_robot_bringup:/home/marko/Desktop/Semester_2/Semester-2/install/vision_rpi_bot:/opt/ros/humble /usr/bin/cmake --build /home/marko/Desktop/Semester_2/Semester-2/build/my_robot_bringup -- -j3 -l3
[0.750s] DEBUG:colcon.colcon_core.event_handler.log_command:Invoked command in '/home/marko/Desktop/Semester_2/Semester-2/build/my_robot_bringup' returned '0': CMAKE_PREFIX_PATH=/home/marko/Desktop/Semester_2/Semester-2/install/my_robot_description:/home/marko/Desktop/Semester_2/Semester-2/install/my_robot_bringup:/home/marko/Desktop/Semester_2/Semester-2/install/vision_rpi_bot:/opt/ros/humble /usr/bin/cmake --build /home/marko/Desktop/Semester_2/Semester-2/build/my_robot_bringup -- -j3 -l3
[0.797s] DEBUG:colcon.colcon_core.event_handler.log_command:Invoking command in '/home/marko/Desktop/Semester_2/Semester-2/build/my_robot_bringup': CMAKE_PREFIX_PATH=/home/marko/Desktop/Semester_2/Semester-2/install/my_robot_description:/home/marko/Desktop/Semester_2/Semester-2/install/my_robot_bringup:/home/marko/Desktop/Semester_2/Semester-2/install/vision_rpi_bot:/opt/ros/humble /usr/bin/cmake --install /home/marko/Desktop/Semester_2/Semester-2/build/my_robot_bringup
[0.817s] Level 1:colcon.colcon_core.environment:create_environment_scripts_only(my_robot_bringup)
[0.817s] Level 1:colcon.colcon_core.environment:checking '/home/marko/Desktop/Semester_2/Semester-2/install/my_robot_bringup' for CMake module files
[0.817s] Level 1:colcon.colcon_core.environment:checking '/home/marko/Desktop/Semester_2/Semester-2/install/my_robot_bringup' for CMake config files
[0.817s] Level 1:colcon.colcon_core.shell:create_environment_hook('my_robot_bringup', 'cmake_prefix_path')
[0.818s] INFO:colcon.colcon_core.shell:Creating environment hook '/home/marko/Desktop/Semester_2/Semester-2/install/my_robot_bringup/share/my_robot_bringup/hook/cmake_prefix_path.ps1'
[0.819s] DEBUG:colcon.colcon_core.event_handler.log_command:Invoked command in '/home/marko/Desktop/Semester_2/Semester-2/build/my_robot_bringup' returned '0': CMAKE_PREFIX_PATH=/home/marko/Desktop/Semester_2/Semester-2/install/my_robot_description:/home/marko/Desktop/Semester_2/Semester-2/install/my_robot_bringup:/home/marko/Desktop/Semester_2/Semester-2/install/vision_rpi_bot:/opt/ros/humble /usr/bin/cmake --install /home/marko/Desktop/Semester_2/Semester-2/build/my_robot_bringup
[0.819s] INFO:colcon.colcon_core.shell:Creating environment descriptor '/home/marko/Desktop/Semester_2/Semester-2/install/my_robot_bringup/share/my_robot_bringup/hook/cmake_prefix_path.dsv'
[0.819s] INFO:colcon.colcon_core.shell:Creating environment hook '/home/marko/Desktop/Semester_2/Semester-2/install/my_robot_bringup/share/my_robot_bringup/hook/cmake_prefix_path.sh'
[0.820s] Level 1:colcon.colcon_core.environment:checking '/home/marko/Desktop/Semester_2/Semester-2/install/my_robot_bringup/bin'
[0.820s] Level 1:colcon.colcon_core.environment:checking '/home/marko/Desktop/Semester_2/Semester-2/install/my_robot_bringup/lib/pkgconfig/my_robot_bringup.pc'
[0.821s] Level 1:colcon.colcon_core.environment:checking '/home/marko/Desktop/Semester_2/Semester-2/install/my_robot_bringup/lib/python3.10/site-packages'
[0.821s] Level 1:colcon.colcon_core.environment:checking '/home/marko/Desktop/Semester_2/Semester-2/install/my_robot_bringup/bin'
[0.821s] INFO:colcon.colcon_core.shell:Creating package script '/home/marko/Desktop/Semester_2/Semester-2/install/my_robot_bringup/share/my_robot_bringup/package.ps1'
[0.822s] INFO:colcon.colcon_core.shell:Creating package descriptor '/home/marko/Desktop/Semester_2/Semester-2/install/my_robot_bringup/share/my_robot_bringup/package.dsv'
[0.822s] INFO:colcon.colcon_core.shell:Creating package script '/home/marko/Desktop/Semester_2/Semester-2/install/my_robot_bringup/share/my_robot_bringup/package.sh'
[0.823s] INFO:colcon.colcon_core.shell:Creating package script '/home/marko/Desktop/Semester_2/Semester-2/install/my_robot_bringup/share/my_robot_bringup/package.bash'
[0.823s] INFO:colcon.colcon_core.shell:Creating package script '/home/marko/Desktop/Semester_2/Semester-2/install/my_robot_bringup/share/my_robot_bringup/package.zsh'
[0.824s] Level 1:colcon.colcon_core.environment:create_file_with_runtime_dependencies(/home/marko/Desktop/Semester_2/Semester-2/install/my_robot_bringup/share/colcon-core/packages/my_robot_bringup)
[0.838s] DEBUG:colcon.colcon_core.event_handler.log_command:Invoking command in '/home/marko/Desktop/Semester_2/Semester-2/src/ROS_ROBOT_RPI/vision_rpi_bot': PYTHONPATH=/home/marko/Desktop/Semester_2/Semester-2/build/vision_rpi_bot/prefix_override:/usr/lib/python3/dist-packages/colcon_core/task/python/colcon_distutils_commands:/home/marko/Desktop/Semester_2/Semester-2/install/vision_rpi_bot/lib/python3.10/site-packages:${PYTHONPATH} /usr/bin/python3 -W ignore:setup.py install is deprecated setup.py egg_info --egg-base ../../../build/vision_rpi_bot build --build-base /home/marko/Desktop/Semester_2/Semester-2/build/vision_rpi_bot/build install --record /home/marko/Desktop/Semester_2/Semester-2/build/vision_rpi_bot/install.log --single-version-externally-managed install_data
[0.870s] Level 1:colcon.colcon_core.environment:create_environment_scripts_only(my_robot_bringup)
[0.871s] Level 1:colcon.colcon_core.environment:checking '/home/marko/Desktop/Semester_2/Semester-2/install/my_robot_bringup' for CMake module files
[0.871s] Level 1:colcon.colcon_core.environment:checking '/home/marko/Desktop/Semester_2/Semester-2/install/my_robot_bringup' for CMake config files
[0.871s] Level 1:colcon.colcon_core.shell:create_environment_hook('my_robot_bringup', 'cmake_prefix_path')
[0.871s] INFO:colcon.colcon_core.shell:Creating environment hook '/home/marko/Desktop/Semester_2/Semester-2/install/my_robot_bringup/share/my_robot_bringup/hook/cmake_prefix_path.ps1'
[0.872s] INFO:colcon.colcon_core.shell:Creating environment descriptor '/home/marko/Desktop/Semester_2/Semester-2/install/my_robot_bringup/share/my_robot_bringup/hook/cmake_prefix_path.dsv'
[0.873s] INFO:colcon.colcon_core.shell:Creating environment hook '/home/marko/Desktop/Semester_2/Semester-2/install/my_robot_bringup/share/my_robot_bringup/hook/cmake_prefix_path.sh'
[0.874s] Level 1:colcon.colcon_core.environment:checking '/home/marko/Desktop/Semester_2/Semester-2/install/my_robot_bringup/bin'
[0.874s] Level 1:colcon.colcon_core.environment:checking '/home/marko/Desktop/Semester_2/Semester-2/install/my_robot_bringup/lib/pkgconfig/my_robot_bringup.pc'
[0.874s] Level 1:colcon.colcon_core.environment:checking '/home/marko/Desktop/Semester_2/Semester-2/install/my_robot_bringup/lib/python3.10/site-packages'
[0.874s] Level 1:colcon.colcon_core.environment:checking '/home/marko/Desktop/Semester_2/Semester-2/install/my_robot_bringup/bin'
[0.874s] INFO:colcon.colcon_core.shell:Creating package script '/home/marko/Desktop/Semester_2/Semester-2/install/my_robot_bringup/share/my_robot_bringup/package.ps1'
[0.875s] INFO:colcon.colcon_core.shell:Creating package descriptor '/home/marko/Desktop/Semester_2/Semester-2/install/my_robot_bringup/share/my_robot_bringup/package.dsv'
[0.875s] INFO:colcon.colcon_core.shell:Creating package script '/home/marko/Desktop/Semester_2/Semester-2/install/my_robot_bringup/share/my_robot_bringup/package.sh'
[0.876s] INFO:colcon.colcon_core.shell:Creating package script '/home/marko/Desktop/Semester_2/Semester-2/install/my_robot_bringup/share/my_robot_bringup/package.bash'
[0.877s] INFO:colcon.colcon_core.shell:Creating package script '/home/marko/Desktop/Semester_2/Semester-2/install/my_robot_bringup/share/my_robot_bringup/package.zsh'
[0.877s] Level 1:colcon.colcon_core.environment:create_file_with_runtime_dependencies(/home/marko/Desktop/Semester_2/Semester-2/install/my_robot_bringup/share/colcon-core/packages/my_robot_bringup)
[1.074s] Level 1:colcon.colcon_core.environment:checking '/home/marko/Desktop/Semester_2/Semester-2/install/vision_rpi_bot' for CMake module files
[1.075s] DEBUG:colcon.colcon_core.event_handler.log_command:Invoked command in '/home/marko/Desktop/Semester_2/Semester-2/src/ROS_ROBOT_RPI/vision_rpi_bot' returned '0': PYTHONPATH=/home/marko/Desktop/Semester_2/Semester-2/build/vision_rpi_bot/prefix_override:/usr/lib/python3/dist-packages/colcon_core/task/python/colcon_distutils_commands:/home/marko/Desktop/Semester_2/Semester-2/install/vision_rpi_bot/lib/python3.10/site-packages:${PYTHONPATH} /usr/bin/python3 -W ignore:setup.py install is deprecated setup.py egg_info --egg-base ../../../build/vision_rpi_bot build --build-base /home/marko/Desktop/Semester_2/Semester-2/build/vision_rpi_bot/build install --record /home/marko/Desktop/Semester_2/Semester-2/build/vision_rpi_bot/install.log --single-version-externally-managed install_data
[1.075s] Level 1:colcon.colcon_core.environment:checking '/home/marko/Desktop/Semester_2/Semester-2/install/vision_rpi_bot' for CMake config files
[1.076s] Level 1:colcon.colcon_core.environment:checking '/home/marko/Desktop/Semester_2/Semester-2/install/vision_rpi_bot/lib'
[1.076s] Level 1:colcon.colcon_core.environment:checking '/home/marko/Desktop/Semester_2/Semester-2/install/vision_rpi_bot/bin'
[1.076s] Level 1:colcon.colcon_core.environment:checking '/home/marko/Desktop/Semester_2/Semester-2/install/vision_rpi_bot/lib/pkgconfig/vision_rpi_bot.pc'
[1.076s] Level 1:colcon.colcon_core.environment:checking '/home/marko/Desktop/Semester_2/Semester-2/install/vision_rpi_bot/lib/python3.10/site-packages'
[1.076s] Level 1:colcon.colcon_core.shell:create_environment_hook('vision_rpi_bot', 'pythonpath')
[1.076s] INFO:colcon.colcon_core.shell:Creating environment hook '/home/marko/Desktop/Semester_2/Semester-2/install/vision_rpi_bot/share/vision_rpi_bot/hook/pythonpath.ps1'
[1.077s] INFO:colcon.colcon_core.shell:Creating environment descriptor '/home/marko/Desktop/Semester_2/Semester-2/install/vision_rpi_bot/share/vision_rpi_bot/hook/pythonpath.dsv'
[1.077s] INFO:colcon.colcon_core.shell:Creating environment hook '/home/marko/Desktop/Semester_2/Semester-2/install/vision_rpi_bot/share/vision_rpi_bot/hook/pythonpath.sh'
[1.079s] Level 1:colcon.colcon_core.environment:checking '/home/marko/Desktop/Semester_2/Semester-2/install/vision_rpi_bot/bin'
[1.079s] Level 1:colcon.colcon_core.environment:create_environment_scripts_only(vision_rpi_bot)
[1.079s] INFO:colcon.colcon_core.shell:Creating package script '/home/marko/Desktop/Semester_2/Semester-2/install/vision_rpi_bot/share/vision_rpi_bot/package.ps1'
[1.079s] INFO:colcon.colcon_core.shell:Creating package descriptor '/home/marko/Desktop/Semester_2/Semester-2/install/vision_rpi_bot/share/vision_rpi_bot/package.dsv'
[1.084s] INFO:colcon.colcon_core.shell:Creating package script '/home/marko/Desktop/Semester_2/Semester-2/install/vision_rpi_bot/share/vision_rpi_bot/package.sh'
[1.085s] INFO:colcon.colcon_core.shell:Creating package script '/home/marko/Desktop/Semester_2/Semester-2/install/vision_rpi_bot/share/vision_rpi_bot/package.bash'
[1.086s] INFO:colcon.colcon_core.shell:Creating package script '/home/marko/Desktop/Semester_2/Semester-2/install/vision_rpi_bot/share/vision_rpi_bot/package.zsh'
[1.086s] Level 1:colcon.colcon_core.environment:create_file_with_runtime_dependencies(/home/marko/Desktop/Semester_2/Semester-2/install/vision_rpi_bot/share/colcon-core/packages/vision_rpi_bot)
[1.086s] DEBUG:colcon.colcon_parallel_executor.executor.parallel:closing loop
[1.087s] DEBUG:colcon.colcon_parallel_executor.executor.parallel:loop closed
[1.087s] DEBUG:colcon.colcon_parallel_executor.executor.parallel:run_until_complete finished with '0'
[1.087s] DEBUG:colcon.colcon_core.event_reactor:joining thread
[1.091s] INFO:colcon.colcon_core.plugin_system:Skipping extension 'colcon_notification.desktop_notification.terminal_notifier': Not used on non-Darwin systems
[1.091s] INFO:colcon.colcon_core.plugin_system:Skipping extension 'colcon_notification.desktop_notification.win32': Not used on non-Windows systems
[1.091s] INFO:colcon.colcon_notification.desktop_notification:Sending desktop notification using 'notify2'
[1.108s] DEBUG:colcon.colcon_core.event_reactor:joined thread
[1.108s] INFO:colcon.colcon_core.shell:Creating prefix script '/home/marko/Desktop/Semester_2/Semester-2/install/local_setup.ps1'
[1.109s] INFO:colcon.colcon_core.shell:Creating prefix util module '/home/marko/Desktop/Semester_2/Semester-2/install/_local_setup_util_ps1.py'
[1.111s] INFO:colcon.colcon_core.shell:Creating prefix chain script '/home/marko/Desktop/Semester_2/Semester-2/install/setup.ps1'
[1.113s] INFO:colcon.colcon_core.shell:Creating prefix script '/home/marko/Desktop/Semester_2/Semester-2/install/local_setup.sh'
[1.113s] INFO:colcon.colcon_core.shell:Creating prefix util module '/home/marko/Desktop/Semester_2/Semester-2/install/_local_setup_util_sh.py'
[1.114s] INFO:colcon.colcon_core.shell:Creating prefix chain script '/home/marko/Desktop/Semester_2/Semester-2/install/setup.sh'
[1.116s] INFO:colcon.colcon_core.shell:Creating prefix script '/home/marko/Desktop/Semester_2/Semester-2/install/local_setup.bash'
[1.116s] INFO:colcon.colcon_core.shell:Creating prefix chain script '/home/marko/Desktop/Semester_2/Semester-2/install/setup.bash'
[1.118s] INFO:colcon.colcon_core.shell:Creating prefix script '/home/marko/Desktop/Semester_2/Semester-2/install/local_setup.zsh'
[1.119s] INFO:colcon.colcon_core.shell:Creating prefix chain script '/home/marko/Desktop/Semester_2/Semester-2/install/setup.zsh'
