[0.020s] Invoking command in '/home/marko/Desktop/Semester_2/Semester-2/build/my_robot_bringup': AMENT_PREFIX_PATH=/home/marko/Desktop/Semester_2/Semester-2/install/my_robot_description:${AMENT_PREFIX_PATH} CMAKE_PREFIX_PATH=/home/marko/Desktop/Semester_2/Semester-2/install/my_robot_description:/opt/ros/humble /usr/bin/cmake --build /home/marko/Desktop/Semester_2/Semester-2/build/my_robot_bringup -- -j3 -l3
[0.103s] Invoked command in '/home/marko/Desktop/Semester_2/Semester-2/build/my_robot_bringup' returned '0': AMENT_PREFIX_PATH=/home/marko/Desktop/Semester_2/Semester-2/install/my_robot_description:${AMENT_PREFIX_PATH} CMAKE_PREFIX_PATH=/home/marko/Desktop/Semester_2/Semester-2/install/my_robot_description:/opt/ros/humble /usr/bin/cmake --build /home/marko/Desktop/Semester_2/Semester-2/build/my_robot_bringup -- -j3 -l3
[0.174s] Invoking command in '/home/marko/Desktop/Semester_2/Semester-2/build/my_robot_bringup': AMENT_PREFIX_PATH=/home/marko/Desktop/Semester_2/Semester-2/install/my_robot_description:${AMENT_PREFIX_PATH} CMAKE_PREFIX_PATH=/home/marko/Desktop/Semester_2/Semester-2/install/my_robot_description:/opt/ros/humble /usr/bin/cmake --install /home/marko/Desktop/Semester_2/Semester-2/build/my_robot_bringup
[0.182s] -- Install configuration: ""
[0.184s] -- Up-to-date: /home/marko/Desktop/Semester_2/Semester-2/install/my_robot_bringup/share/my_robot_bringup//launch
[0.185s] -- Up-to-date: /home/marko/Desktop/Semester_2/Semester-2/install/my_robot_bringup/share/my_robot_bringup//launch/my_robot_gazebo.launch.xml
[0.186s] -- Up-to-date: /home/marko/Desktop/Semester_2/Semester-2/install/my_robot_bringup/share/my_robot_bringup//rviz
[0.187s] -- Up-to-date: /home/marko/Desktop/Semester_2/Semester-2/install/my_robot_bringup/share/my_robot_bringup//rviz/urdf_config.rviz
[0.187s] -- Up-to-date: /home/marko/Desktop/Semester_2/Semester-2/install/my_robot_bringup/share/my_robot_bringup//worlds
[0.188s] -- Up-to-date: /home/marko/Desktop/Semester_2/Semester-2/install/my_robot_bringup/share/my_robot_bringup//worlds/test_world.world
[0.190s] -- Up-to-date: /home/marko/Desktop/Semester_2/Semester-2/install/my_robot_bringup/share/ament_index/resource_index/package_run_dependencies/my_robot_bringup
[0.191s] -- Up-to-date: /home/marko/Desktop/Semester_2/Semester-2/install/my_robot_bringup/share/ament_index/resource_index/parent_prefix_path/my_robot_bringup
[0.192s] -- Up-to-date: /home/marko/Desktop/Semester_2/Semester-2/install/my_robot_bringup/share/my_robot_bringup/environment/ament_prefix_path.sh
[0.192s] -- Up-to-date: /home/marko/Desktop/Semester_2/Semester-2/install/my_robot_bringup/share/my_robot_bringup/environment/ament_prefix_path.dsv
[0.192s] -- Up-to-date: /home/marko/Desktop/Semester_2/Semester-2/install/my_robot_bringup/share/my_robot_bringup/environment/path.sh
[0.192s] -- Up-to-date: /home/marko/Desktop/Semester_2/Semester-2/install/my_robot_bringup/share/my_robot_bringup/environment/path.dsv
[0.192s] -- Up-to-date: /home/marko/Desktop/Semester_2/Semester-2/install/my_robot_bringup/share/my_robot_bringup/local_setup.bash
[0.192s] -- Up-to-date: /home/marko/Desktop/Semester_2/Semester-2/install/my_robot_bringup/share/my_robot_bringup/local_setup.sh
[0.192s] -- Up-to-date: /home/marko/Desktop/Semester_2/Semester-2/install/my_robot_bringup/share/my_robot_bringup/local_setup.zsh
[0.193s] -- Up-to-date: /home/marko/Desktop/Semester_2/Semester-2/install/my_robot_bringup/share/my_robot_bringup/local_setup.dsv
[0.193s] -- Up-to-date: /home/marko/Desktop/Semester_2/Semester-2/install/my_robot_bringup/share/my_robot_bringup/package.dsv
[0.194s] -- Up-to-date: /home/marko/Desktop/Semester_2/Semester-2/install/my_robot_bringup/share/ament_index/resource_index/packages/my_robot_bringup
[0.195s] -- Up-to-date: /home/marko/Desktop/Semester_2/Semester-2/install/my_robot_bringup/share/my_robot_bringup/cmake/my_robot_bringupConfig.cmake
[0.196s] -- Up-to-date: /home/marko/Desktop/Semester_2/Semester-2/install/my_robot_bringup/share/my_robot_bringup/cmake/my_robot_bringupConfig-version.cmake
[0.196s] -- Up-to-date: /home/marko/Desktop/Semester_2/Semester-2/install/my_robot_bringup/share/my_robot_bringup/package.xml
[0.200s] Invoked command in '/home/marko/Desktop/Semester_2/Semester-2/build/my_robot_bringup' returned '0': AMENT_PREFIX_PATH=/home/marko/Desktop/Semester_2/Semester-2/install/my_robot_description:${AMENT_PREFIX_PATH} CMAKE_PREFIX_PATH=/home/marko/Desktop/Semester_2/Semester-2/install/my_robot_description:/opt/ros/humble /usr/bin/cmake --install /home/marko/Desktop/Semester_2/Semester-2/build/my_robot_bringup
