[0.105s] DEBUG:colcon:Command line arguments: ['/usr/bin/colcon', 'build']
[0.105s] DEBUG:colcon:Parsed command line arguments: Namespace(log_base=None, log_level=None, verb_name='build', build_base='build', install_base='install', merge_install=False, symlink_install=False, test_result_base=None, continue_on_error=False, executor='parallel', parallel_workers=3, event_handlers=None, ignore_user_meta=False, metas=['./colcon.meta'], base_paths=['.'], packages_ignore=None, packages_ignore_regex=None, paths=None, packages_up_to=None, packages_up_to_regex=None, packages_above=None, packages_above_and_dependencies=None, packages_above_depth=None, packages_select_by_dep=None, packages_skip_by_dep=None, packages_skip_up_to=None, packages_select_build_failed=False, packages_skip_build_finished=False, packages_select_test_failures=False, packages_skip_test_passed=False, packages_select=None, packages_skip=None, packages_select_regex=None, packages_skip_regex=None, packages_start=None, packages_end=None, allow_overriding=[], cmake_args=None, cmake_target=None, cmake_target_skip_unavailable=False, cmake_clean_cache=False, cmake_clean_first=False, cmake_force_configure=False, ament_cmake_args=None, catkin_cmake_args=None, catkin_skip_building_tests=False, mixin_files=None, mixin=None, verb_parser=<colcon_mixin.mixin.mixin_argument.MixinArgumentDecorator object at 0x78a742d364a0>, verb_extension=<colcon_core.verb.build.BuildVerb object at 0x78a742d35ff0>, main=<bound method BuildVerb.main of <colcon_core.verb.build.BuildVerb object at 0x78a742d35ff0>>, mixin_verb=('build',))
[0.224s] Level 1:colcon.colcon_core.package_discovery:discover_packages(colcon_meta) check parameters
[0.224s] Level 1:colcon.colcon_core.package_discovery:discover_packages(recursive) check parameters
[0.224s] Level 1:colcon.colcon_core.package_discovery:discover_packages(ignore) check parameters
[0.224s] Level 1:colcon.colcon_core.package_discovery:discover_packages(path) check parameters
[0.224s] Level 1:colcon.colcon_core.package_discovery:discover_packages(colcon_meta) discover
[0.224s] Level 1:colcon.colcon_core.package_discovery:discover_packages(recursive) discover
[0.224s] INFO:colcon.colcon_core.package_discovery:Crawling recursively for packages in '/home/marko/Desktop/Semester_2'
[0.224s] Level 1:colcon.colcon_core.package_identification:_identify(.) by extensions ['ignore', 'ignore_ament_install']
[0.224s] Level 1:colcon.colcon_core.package_identification:_identify(.) by extension 'ignore'
[0.224s] Level 1:colcon.colcon_core.package_identification:_identify(.) by extension 'ignore_ament_install'
[0.224s] Level 1:colcon.colcon_core.package_identification:_identify(.) by extensions ['colcon_pkg']
[0.225s] Level 1:colcon.colcon_core.package_identification:_identify(.) by extension 'colcon_pkg'
[0.225s] Level 1:colcon.colcon_core.package_identification:_identify(.) by extensions ['colcon_meta']
[0.225s] Level 1:colcon.colcon_core.package_identification:_identify(.) by extension 'colcon_meta'
[0.225s] Level 1:colcon.colcon_core.package_identification:_identify(.) by extensions ['ros']
[0.225s] Level 1:colcon.colcon_core.package_identification:_identify(.) by extension 'ros'
[0.233s] Level 1:colcon.colcon_core.package_identification:_identify(.) by extensions ['cmake', 'python']
[0.233s] Level 1:colcon.colcon_core.package_identification:_identify(.) by extension 'cmake'
[0.233s] Level 1:colcon.colcon_core.package_identification:_identify(.) by extension 'python'
[0.233s] Level 1:colcon.colcon_core.package_identification:_identify(.) by extensions ['python_setup_py']
[0.233s] Level 1:colcon.colcon_core.package_identification:_identify(.) by extension 'python_setup_py'
[0.233s] Level 1:colcon.colcon_core.package_identification:_identify(build) by extensions ['ignore', 'ignore_ament_install']
[0.233s] Level 1:colcon.colcon_core.package_identification:_identify(build) by extension 'ignore'
[0.233s] Level 1:colcon.colcon_core.package_identification:_identify(build) ignored
[0.233s] Level 1:colcon.colcon_core.package_identification:_identify(install) by extensions ['ignore', 'ignore_ament_install']
[0.233s] Level 1:colcon.colcon_core.package_identification:_identify(install) by extension 'ignore'
[0.233s] Level 1:colcon.colcon_core.package_identification:_identify(install) ignored
[0.233s] Level 1:colcon.colcon_core.package_identification:_identify(log) by extensions ['ignore', 'ignore_ament_install']
[0.233s] Level 1:colcon.colcon_core.package_identification:_identify(log) by extension 'ignore'
[0.233s] Level 1:colcon.colcon_core.package_identification:_identify(log) ignored
[0.233s] Level 1:colcon.colcon_core.package_identification:_identify(src) by extensions ['ignore', 'ignore_ament_install']
[0.233s] Level 1:colcon.colcon_core.package_identification:_identify(src) by extension 'ignore'
[0.233s] Level 1:colcon.colcon_core.package_identification:_identify(src) by extension 'ignore_ament_install'
[0.234s] Level 1:colcon.colcon_core.package_identification:_identify(src) by extensions ['colcon_pkg']
[0.234s] Level 1:colcon.colcon_core.package_identification:_identify(src) by extension 'colcon_pkg'
[0.234s] Level 1:colcon.colcon_core.package_identification:_identify(src) by extensions ['colcon_meta']
[0.234s] Level 1:colcon.colcon_core.package_identification:_identify(src) by extension 'colcon_meta'
[0.234s] Level 1:colcon.colcon_core.package_identification:_identify(src) by extensions ['ros']
[0.234s] Level 1:colcon.colcon_core.package_identification:_identify(src) by extension 'ros'
[0.234s] Level 1:colcon.colcon_core.package_identification:_identify(src) by extensions ['cmake', 'python']
[0.234s] Level 1:colcon.colcon_core.package_identification:_identify(src) by extension 'cmake'
[0.234s] Level 1:colcon.colcon_core.package_identification:_identify(src) by extension 'python'
[0.234s] Level 1:colcon.colcon_core.package_identification:_identify(src) by extensions ['python_setup_py']
[0.234s] Level 1:colcon.colcon_core.package_identification:_identify(src) by extension 'python_setup_py'
[0.234s] Level 1:colcon.colcon_core.package_identification:_identify(src/my_robot_bringup) by extensions ['ignore', 'ignore_ament_install']
[0.234s] Level 1:colcon.colcon_core.package_identification:_identify(src/my_robot_bringup) by extension 'ignore'
[0.234s] Level 1:colcon.colcon_core.package_identification:_identify(src/my_robot_bringup) by extension 'ignore_ament_install'
[0.234s] Level 1:colcon.colcon_core.package_identification:_identify(src/my_robot_bringup) by extensions ['colcon_pkg']
[0.234s] Level 1:colcon.colcon_core.package_identification:_identify(src/my_robot_bringup) by extension 'colcon_pkg'
[0.234s] Level 1:colcon.colcon_core.package_identification:_identify(src/my_robot_bringup) by extensions ['colcon_meta']
[0.234s] Level 1:colcon.colcon_core.package_identification:_identify(src/my_robot_bringup) by extension 'colcon_meta'
[0.234s] Level 1:colcon.colcon_core.package_identification:_identify(src/my_robot_bringup) by extensions ['ros']
[0.234s] Level 1:colcon.colcon_core.package_identification:_identify(src/my_robot_bringup) by extension 'ros'
[0.236s] DEBUG:colcon.colcon_core.package_identification:Package 'src/my_robot_bringup' with type 'ros.ament_cmake' and name 'my_robot_bringup'
[0.236s] Level 1:colcon.colcon_core.package_identification:_identify(src/my_robot_description) by extensions ['ignore', 'ignore_ament_install']
[0.236s] Level 1:colcon.colcon_core.package_identification:_identify(src/my_robot_description) by extension 'ignore'
[0.236s] Level 1:colcon.colcon_core.package_identification:_identify(src/my_robot_description) by extension 'ignore_ament_install'
[0.236s] Level 1:colcon.colcon_core.package_identification:_identify(src/my_robot_description) by extensions ['colcon_pkg']
[0.236s] Level 1:colcon.colcon_core.package_identification:_identify(src/my_robot_description) by extension 'colcon_pkg'
[0.236s] Level 1:colcon.colcon_core.package_identification:_identify(src/my_robot_description) by extensions ['colcon_meta']
[0.236s] Level 1:colcon.colcon_core.package_identification:_identify(src/my_robot_description) by extension 'colcon_meta'
[0.236s] Level 1:colcon.colcon_core.package_identification:_identify(src/my_robot_description) by extensions ['ros']
[0.236s] Level 1:colcon.colcon_core.package_identification:_identify(src/my_robot_description) by extension 'ros'
[0.237s] DEBUG:colcon.colcon_core.package_identification:Package 'src/my_robot_description' with type 'ros.ament_cmake' and name 'my_robot_description'
[0.237s] Level 1:colcon.colcon_core.package_identification:_identify(src/vision_rpi_bot) by extensions ['ignore', 'ignore_ament_install']
[0.237s] Level 1:colcon.colcon_core.package_identification:_identify(src/vision_rpi_bot) by extension 'ignore'
[0.237s] Level 1:colcon.colcon_core.package_identification:_identify(src/vision_rpi_bot) by extension 'ignore_ament_install'
[0.237s] Level 1:colcon.colcon_core.package_identification:_identify(src/vision_rpi_bot) by extensions ['colcon_pkg']
[0.237s] Level 1:colcon.colcon_core.package_identification:_identify(src/vision_rpi_bot) by extension 'colcon_pkg'
[0.237s] Level 1:colcon.colcon_core.package_identification:_identify(src/vision_rpi_bot) by extensions ['colcon_meta']
[0.237s] Level 1:colcon.colcon_core.package_identification:_identify(src/vision_rpi_bot) by extension 'colcon_meta'
[0.237s] Level 1:colcon.colcon_core.package_identification:_identify(src/vision_rpi_bot) by extensions ['ros']
[0.237s] Level 1:colcon.colcon_core.package_identification:_identify(src/vision_rpi_bot) by extension 'ros'
[0.237s] DEBUG:colcon.colcon_core.package_identification:Package 'src/vision_rpi_bot' with type 'ros.ament_python' and name 'vision_rpi_bot'
[0.238s] Level 1:colcon.colcon_core.package_discovery:discover_packages(recursive) using defaults
[0.238s] Level 1:colcon.colcon_core.package_discovery:discover_packages(ignore) discover
[0.238s] Level 1:colcon.colcon_core.package_discovery:discover_packages(ignore) using defaults
[0.238s] Level 1:colcon.colcon_core.package_discovery:discover_packages(path) discover
[0.238s] Level 1:colcon.colcon_core.package_discovery:discover_packages(path) using defaults
[0.263s] Level 1:colcon.colcon_core.package_discovery:discover_packages(prefix_path) check parameters
[0.263s] Level 1:colcon.colcon_core.package_discovery:discover_packages(prefix_path) discover
[0.264s] DEBUG:colcon.colcon_installed_package_information.package_discovery:Found 3 installed packages in /home/marko/Desktop/Semester_2/install
[0.264s] DEBUG:colcon.colcon_installed_package_information.package_discovery:Found 2 installed packages in /home/marko/Desktop/Semester_3/install
[0.265s] DEBUG:colcon.colcon_installed_package_information.package_discovery:Found 278 installed packages in /opt/ros/humble
[0.266s] Level 1:colcon.colcon_core.package_discovery:discover_packages(prefix_path) using defaults
[0.294s] Level 5:colcon.colcon_core.verb:set package 'my_robot_description' build argument 'cmake_args' from command line to 'None'
[0.294s] Level 5:colcon.colcon_core.verb:set package 'my_robot_description' build argument 'cmake_target' from command line to 'None'
[0.294s] Level 5:colcon.colcon_core.verb:set package 'my_robot_description' build argument 'cmake_target_skip_unavailable' from command line to 'False'
[0.294s] Level 5:colcon.colcon_core.verb:set package 'my_robot_description' build argument 'cmake_clean_cache' from command line to 'False'
[0.295s] Level 5:colcon.colcon_core.verb:set package 'my_robot_description' build argument 'cmake_clean_first' from command line to 'False'
[0.295s] Level 5:colcon.colcon_core.verb:set package 'my_robot_description' build argument 'cmake_force_configure' from command line to 'False'
[0.295s] Level 5:colcon.colcon_core.verb:set package 'my_robot_description' build argument 'ament_cmake_args' from command line to 'None'
[0.295s] Level 5:colcon.colcon_core.verb:set package 'my_robot_description' build argument 'catkin_cmake_args' from command line to 'None'
[0.295s] Level 5:colcon.colcon_core.verb:set package 'my_robot_description' build argument 'catkin_skip_building_tests' from command line to 'False'
[0.295s] DEBUG:colcon.colcon_core.verb:Building package 'my_robot_description' with the following arguments: {'ament_cmake_args': None, 'build_base': '/home/marko/Desktop/Semester_2/build/my_robot_description', 'catkin_cmake_args': None, 'catkin_skip_building_tests': False, 'cmake_args': None, 'cmake_clean_cache': False, 'cmake_clean_first': False, 'cmake_force_configure': False, 'cmake_target': None, 'cmake_target_skip_unavailable': False, 'install_base': '/home/marko/Desktop/Semester_2/install/my_robot_description', 'merge_install': False, 'path': '/home/marko/Desktop/Semester_2/src/my_robot_description', 'symlink_install': False, 'test_result_base': None}
[0.295s] Level 5:colcon.colcon_core.verb:set package 'vision_rpi_bot' build argument 'cmake_args' from command line to 'None'
[0.295s] Level 5:colcon.colcon_core.verb:set package 'vision_rpi_bot' build argument 'cmake_target' from command line to 'None'
[0.295s] Level 5:colcon.colcon_core.verb:set package 'vision_rpi_bot' build argument 'cmake_target_skip_unavailable' from command line to 'False'
[0.295s] Level 5:colcon.colcon_core.verb:set package 'vision_rpi_bot' build argument 'cmake_clean_cache' from command line to 'False'
[0.295s] Level 5:colcon.colcon_core.verb:set package 'vision_rpi_bot' build argument 'cmake_clean_first' from command line to 'False'
[0.295s] Level 5:colcon.colcon_core.verb:set package 'vision_rpi_bot' build argument 'cmake_force_configure' from command line to 'False'
[0.295s] Level 5:colcon.colcon_core.verb:set package 'vision_rpi_bot' build argument 'ament_cmake_args' from command line to 'None'
[0.295s] Level 5:colcon.colcon_core.verb:set package 'vision_rpi_bot' build argument 'catkin_cmake_args' from command line to 'None'
[0.295s] Level 5:colcon.colcon_core.verb:set package 'vision_rpi_bot' build argument 'catkin_skip_building_tests' from command line to 'False'
[0.295s] DEBUG:colcon.colcon_core.verb:Building package 'vision_rpi_bot' with the following arguments: {'ament_cmake_args': None, 'build_base': '/home/marko/Desktop/Semester_2/build/vision_rpi_bot', 'catkin_cmake_args': None, 'catkin_skip_building_tests': False, 'cmake_args': None, 'cmake_clean_cache': False, 'cmake_clean_first': False, 'cmake_force_configure': False, 'cmake_target': None, 'cmake_target_skip_unavailable': False, 'install_base': '/home/marko/Desktop/Semester_2/install/vision_rpi_bot', 'merge_install': False, 'path': '/home/marko/Desktop/Semester_2/src/vision_rpi_bot', 'symlink_install': False, 'test_result_base': None}
[0.295s] Level 5:colcon.colcon_core.verb:set package 'my_robot_bringup' build argument 'cmake_args' from command line to 'None'
[0.295s] Level 5:colcon.colcon_core.verb:set package 'my_robot_bringup' build argument 'cmake_target' from command line to 'None'
[0.295s] Level 5:colcon.colcon_core.verb:set package 'my_robot_bringup' build argument 'cmake_target_skip_unavailable' from command line to 'False'
[0.295s] Level 5:colcon.colcon_core.verb:set package 'my_robot_bringup' build argument 'cmake_clean_cache' from command line to 'False'
[0.295s] Level 5:colcon.colcon_core.verb:set package 'my_robot_bringup' build argument 'cmake_clean_first' from command line to 'False'
[0.295s] Level 5:colcon.colcon_core.verb:set package 'my_robot_bringup' build argument 'cmake_force_configure' from command line to 'False'
[0.296s] Level 5:colcon.colcon_core.verb:set package 'my_robot_bringup' build argument 'ament_cmake_args' from command line to 'None'
[0.296s] Level 5:colcon.colcon_core.verb:set package 'my_robot_bringup' build argument 'catkin_cmake_args' from command line to 'None'
[0.296s] Level 5:colcon.colcon_core.verb:set package 'my_robot_bringup' build argument 'catkin_skip_building_tests' from command line to 'False'
[0.296s] DEBUG:colcon.colcon_core.verb:Building package 'my_robot_bringup' with the following arguments: {'ament_cmake_args': None, 'build_base': '/home/marko/Desktop/Semester_2/build/my_robot_bringup', 'catkin_cmake_args': None, 'catkin_skip_building_tests': False, 'cmake_args': None, 'cmake_clean_cache': False, 'cmake_clean_first': False, 'cmake_force_configure': False, 'cmake_target': None, 'cmake_target_skip_unavailable': False, 'install_base': '/home/marko/Desktop/Semester_2/install/my_robot_bringup', 'merge_install': False, 'path': '/home/marko/Desktop/Semester_2/src/my_robot_bringup', 'symlink_install': False, 'test_result_base': None}
[0.296s] INFO:colcon.colcon_core.executor:Executing jobs using 'parallel' executor
[0.297s] DEBUG:colcon.colcon_parallel_executor.executor.parallel:run_until_complete
[0.298s] INFO:colcon.colcon_ros.task.ament_cmake.build:Building ROS package in '/home/marko/Desktop/Semester_2/src/my_robot_description' with build type 'ament_cmake'
[0.298s] INFO:colcon.colcon_cmake.task.cmake.build:Building CMake package in '/home/marko/Desktop/Semester_2/src/my_robot_description'
[0.300s] INFO:colcon.colcon_core.plugin_system:Skipping extension 'colcon_core.shell.bat': Not used on non-Windows systems
[0.300s] INFO:colcon.colcon_core.shell:Skip shell extension 'powershell' for command environment: Not usable outside of PowerShell
[0.300s] DEBUG:colcon.colcon_core.shell:Skip shell extension 'dsv' for command environment
[0.304s] INFO:colcon.colcon_ros.task.ament_python.build:Building ROS package in '/home/marko/Desktop/Semester_2/src/vision_rpi_bot' with build type 'ament_python'
[0.304s] Level 1:colcon.colcon_core.shell:create_environment_hook('vision_rpi_bot', 'ament_prefix_path')
[0.305s] INFO:colcon.colcon_core.shell:Creating environment hook '/home/marko/Desktop/Semester_2/install/vision_rpi_bot/share/vision_rpi_bot/hook/ament_prefix_path.ps1'
[0.307s] INFO:colcon.colcon_core.shell:Creating environment descriptor '/home/marko/Desktop/Semester_2/install/vision_rpi_bot/share/vision_rpi_bot/hook/ament_prefix_path.dsv'
[0.308s] INFO:colcon.colcon_core.shell:Creating environment hook '/home/marko/Desktop/Semester_2/install/vision_rpi_bot/share/vision_rpi_bot/hook/ament_prefix_path.sh'
[0.310s] INFO:colcon.colcon_core.shell:Skip shell extension 'powershell' for command environment: Not usable outside of PowerShell
[0.310s] DEBUG:colcon.colcon_core.shell:Skip shell extension 'dsv' for command environment
[0.333s] DEBUG:colcon.colcon_core.event_handler.log_command:Invoking command in '/home/marko/Desktop/Semester_2/build/my_robot_description': CMAKE_PREFIX_PATH=${CMAKE_PREFIX_PATH}:/home/marko/Desktop/Semester_2/install/vision_rpi_bot:/home/marko/Desktop/Semester_3/install/action_py:/opt/ros/humble /usr/bin/cmake --build /home/marko/Desktop/Semester_2/build/my_robot_description -- -j3 -l3
[0.563s] INFO:colcon.colcon_core.task.python.build:Building Python package in '/home/marko/Desktop/Semester_2/src/vision_rpi_bot'
[0.564s] INFO:colcon.colcon_core.shell:Skip shell extension 'powershell' for command environment: Not usable outside of PowerShell
[0.564s] DEBUG:colcon.colcon_core.shell:Skip shell extension 'dsv' for command environment
[0.571s] DEBUG:colcon.colcon_core.event_handler.log_command:Invoked command in '/home/marko/Desktop/Semester_2/build/my_robot_description' returned '0': CMAKE_PREFIX_PATH=${CMAKE_PREFIX_PATH}:/home/marko/Desktop/Semester_2/install/vision_rpi_bot:/home/marko/Desktop/Semester_3/install/action_py:/opt/ros/humble /usr/bin/cmake --build /home/marko/Desktop/Semester_2/build/my_robot_description -- -j3 -l3
[0.710s] DEBUG:colcon.colcon_core.event_handler.log_command:Invoking command in '/home/marko/Desktop/Semester_2/build/my_robot_description': CMAKE_PREFIX_PATH=${CMAKE_PREFIX_PATH}:/home/marko/Desktop/Semester_2/install/vision_rpi_bot:/home/marko/Desktop/Semester_3/install/action_py:/opt/ros/humble /usr/bin/cmake --install /home/marko/Desktop/Semester_2/build/my_robot_description
[0.730s] Level 1:colcon.colcon_core.environment:create_environment_scripts_only(my_robot_description)
[0.737s] DEBUG:colcon.colcon_core.event_handler.log_command:Invoked command in '/home/marko/Desktop/Semester_2/build/my_robot_description' returned '0': CMAKE_PREFIX_PATH=${CMAKE_PREFIX_PATH}:/home/marko/Desktop/Semester_2/install/vision_rpi_bot:/home/marko/Desktop/Semester_3/install/action_py:/opt/ros/humble /usr/bin/cmake --install /home/marko/Desktop/Semester_2/build/my_robot_description
[0.738s] Level 1:colcon.colcon_core.environment:checking '/home/marko/Desktop/Semester_2/install/my_robot_description' for CMake module files
[0.739s] Level 1:colcon.colcon_core.environment:checking '/home/marko/Desktop/Semester_2/install/my_robot_description' for CMake config files
[0.739s] Level 1:colcon.colcon_core.shell:create_environment_hook('my_robot_description', 'cmake_prefix_path')
[0.739s] INFO:colcon.colcon_core.shell:Creating environment hook '/home/marko/Desktop/Semester_2/install/my_robot_description/share/my_robot_description/hook/cmake_prefix_path.ps1'
[0.740s] INFO:colcon.colcon_core.shell:Creating environment descriptor '/home/marko/Desktop/Semester_2/install/my_robot_description/share/my_robot_description/hook/cmake_prefix_path.dsv'
[0.741s] INFO:colcon.colcon_core.shell:Creating environment hook '/home/marko/Desktop/Semester_2/install/my_robot_description/share/my_robot_description/hook/cmake_prefix_path.sh'
[0.742s] Level 1:colcon.colcon_core.environment:checking '/home/marko/Desktop/Semester_2/install/my_robot_description/bin'
[0.742s] Level 1:colcon.colcon_core.environment:checking '/home/marko/Desktop/Semester_2/install/my_robot_description/lib/pkgconfig/my_robot_description.pc'
[0.742s] Level 1:colcon.colcon_core.environment:checking '/home/marko/Desktop/Semester_2/install/my_robot_description/lib/python3.10/site-packages'
[0.742s] Level 1:colcon.colcon_core.environment:checking '/home/marko/Desktop/Semester_2/install/my_robot_description/bin'
[0.742s] INFO:colcon.colcon_core.shell:Creating package script '/home/marko/Desktop/Semester_2/install/my_robot_description/share/my_robot_description/package.ps1'
[0.743s] INFO:colcon.colcon_core.shell:Creating package descriptor '/home/marko/Desktop/Semester_2/install/my_robot_description/share/my_robot_description/package.dsv'
[0.743s] INFO:colcon.colcon_core.shell:Creating package script '/home/marko/Desktop/Semester_2/install/my_robot_description/share/my_robot_description/package.sh'
[0.744s] INFO:colcon.colcon_core.shell:Creating package script '/home/marko/Desktop/Semester_2/install/my_robot_description/share/my_robot_description/package.bash'
[0.747s] INFO:colcon.colcon_core.shell:Creating package script '/home/marko/Desktop/Semester_2/install/my_robot_description/share/my_robot_description/package.zsh'
[0.748s] Level 1:colcon.colcon_core.environment:create_file_with_runtime_dependencies(/home/marko/Desktop/Semester_2/install/my_robot_description/share/colcon-core/packages/my_robot_description)
[0.820s] Level 1:colcon.colcon_core.environment:create_environment_scripts_only(my_robot_description)
[0.820s] Level 1:colcon.colcon_core.environment:checking '/home/marko/Desktop/Semester_2/install/my_robot_description' for CMake module files
[0.820s] Level 1:colcon.colcon_core.environment:checking '/home/marko/Desktop/Semester_2/install/my_robot_description' for CMake config files
[0.821s] Level 1:colcon.colcon_core.shell:create_environment_hook('my_robot_description', 'cmake_prefix_path')
[0.821s] INFO:colcon.colcon_core.shell:Creating environment hook '/home/marko/Desktop/Semester_2/install/my_robot_description/share/my_robot_description/hook/cmake_prefix_path.ps1'
[0.822s] INFO:colcon.colcon_core.shell:Creating environment descriptor '/home/marko/Desktop/Semester_2/install/my_robot_description/share/my_robot_description/hook/cmake_prefix_path.dsv'
[0.822s] INFO:colcon.colcon_core.shell:Creating environment hook '/home/marko/Desktop/Semester_2/install/my_robot_description/share/my_robot_description/hook/cmake_prefix_path.sh'
[0.823s] Level 1:colcon.colcon_core.environment:checking '/home/marko/Desktop/Semester_2/install/my_robot_description/bin'
[0.823s] Level 1:colcon.colcon_core.environment:checking '/home/marko/Desktop/Semester_2/install/my_robot_description/lib/pkgconfig/my_robot_description.pc'
[0.823s] Level 1:colcon.colcon_core.environment:checking '/home/marko/Desktop/Semester_2/install/my_robot_description/lib/python3.10/site-packages'
[0.824s] Level 1:colcon.colcon_core.environment:checking '/home/marko/Desktop/Semester_2/install/my_robot_description/bin'
[0.824s] INFO:colcon.colcon_core.shell:Creating package script '/home/marko/Desktop/Semester_2/install/my_robot_description/share/my_robot_description/package.ps1'
[0.825s] INFO:colcon.colcon_core.shell:Creating package descriptor '/home/marko/Desktop/Semester_2/install/my_robot_description/share/my_robot_description/package.dsv'
[0.826s] INFO:colcon.colcon_core.shell:Creating package script '/home/marko/Desktop/Semester_2/install/my_robot_description/share/my_robot_description/package.sh'
[0.826s] INFO:colcon.colcon_core.shell:Creating package script '/home/marko/Desktop/Semester_2/install/my_robot_description/share/my_robot_description/package.bash'
[0.827s] INFO:colcon.colcon_core.shell:Creating package script '/home/marko/Desktop/Semester_2/install/my_robot_description/share/my_robot_description/package.zsh'
[0.828s] Level 1:colcon.colcon_core.environment:create_file_with_runtime_dependencies(/home/marko/Desktop/Semester_2/install/my_robot_description/share/colcon-core/packages/my_robot_description)
[0.829s] INFO:colcon.colcon_ros.task.ament_cmake.build:Building ROS package in '/home/marko/Desktop/Semester_2/src/my_robot_bringup' with build type 'ament_cmake'
[0.829s] INFO:colcon.colcon_cmake.task.cmake.build:Building CMake package in '/home/marko/Desktop/Semester_2/src/my_robot_bringup'
[0.829s] INFO:colcon.colcon_core.shell:Skip shell extension 'powershell' for command environment: Not usable outside of PowerShell
[0.830s] DEBUG:colcon.colcon_core.shell:Skip shell extension 'dsv' for command environment
[0.852s] DEBUG:colcon.colcon_core.event_handler.log_command:Invoking command in '/home/marko/Desktop/Semester_2/build/my_robot_bringup': CMAKE_PREFIX_PATH=/home/marko/Desktop/Semester_2/install/my_robot_description:/home/marko/Desktop/Semester_2/install/my_robot_bringup:/home/marko/Desktop/Semester_3/install/navigate_robot_interface:/home/marko/Desktop/Semester_2/install/vision_rpi_bot:/home/marko/Desktop/Semester_3/install/action_py:/opt/ros/humble /usr/bin/cmake --build /home/marko/Desktop/Semester_2/build/my_robot_bringup -- -j3 -l3
[0.937s] DEBUG:colcon.colcon_core.event_handler.log_command:Invoked command in '/home/marko/Desktop/Semester_2/build/my_robot_bringup' returned '0': CMAKE_PREFIX_PATH=/home/marko/Desktop/Semester_2/install/my_robot_description:/home/marko/Desktop/Semester_2/install/my_robot_bringup:/home/marko/Desktop/Semester_3/install/navigate_robot_interface:/home/marko/Desktop/Semester_2/install/vision_rpi_bot:/home/marko/Desktop/Semester_3/install/action_py:/opt/ros/humble /usr/bin/cmake --build /home/marko/Desktop/Semester_2/build/my_robot_bringup -- -j3 -l3
[0.980s] DEBUG:colcon.colcon_core.event_handler.log_command:Invoking command in '/home/marko/Desktop/Semester_2/build/my_robot_bringup': CMAKE_PREFIX_PATH=/home/marko/Desktop/Semester_2/install/my_robot_description:/home/marko/Desktop/Semester_2/install/my_robot_bringup:/home/marko/Desktop/Semester_3/install/navigate_robot_interface:/home/marko/Desktop/Semester_2/install/vision_rpi_bot:/home/marko/Desktop/Semester_3/install/action_py:/opt/ros/humble /usr/bin/cmake --install /home/marko/Desktop/Semester_2/build/my_robot_bringup
[0.989s] Level 1:colcon.colcon_core.environment:create_environment_scripts_only(my_robot_bringup)
[0.989s] DEBUG:colcon.colcon_core.event_handler.log_command:Invoked command in '/home/marko/Desktop/Semester_2/build/my_robot_bringup' returned '0': CMAKE_PREFIX_PATH=/home/marko/Desktop/Semester_2/install/my_robot_description:/home/marko/Desktop/Semester_2/install/my_robot_bringup:/home/marko/Desktop/Semester_3/install/navigate_robot_interface:/home/marko/Desktop/Semester_2/install/vision_rpi_bot:/home/marko/Desktop/Semester_3/install/action_py:/opt/ros/humble /usr/bin/cmake --install /home/marko/Desktop/Semester_2/build/my_robot_bringup
[0.989s] Level 1:colcon.colcon_core.environment:checking '/home/marko/Desktop/Semester_2/install/my_robot_bringup' for CMake module files
[0.990s] Level 1:colcon.colcon_core.environment:checking '/home/marko/Desktop/Semester_2/install/my_robot_bringup' for CMake config files
[0.990s] Level 1:colcon.colcon_core.shell:create_environment_hook('my_robot_bringup', 'cmake_prefix_path')
[0.990s] INFO:colcon.colcon_core.shell:Creating environment hook '/home/marko/Desktop/Semester_2/install/my_robot_bringup/share/my_robot_bringup/hook/cmake_prefix_path.ps1'
[0.991s] INFO:colcon.colcon_core.shell:Creating environment descriptor '/home/marko/Desktop/Semester_2/install/my_robot_bringup/share/my_robot_bringup/hook/cmake_prefix_path.dsv'
[0.992s] INFO:colcon.colcon_core.shell:Creating environment hook '/home/marko/Desktop/Semester_2/install/my_robot_bringup/share/my_robot_bringup/hook/cmake_prefix_path.sh'
[0.993s] Level 1:colcon.colcon_core.environment:checking '/home/marko/Desktop/Semester_2/install/my_robot_bringup/bin'
[0.993s] Level 1:colcon.colcon_core.environment:checking '/home/marko/Desktop/Semester_2/install/my_robot_bringup/lib/pkgconfig/my_robot_bringup.pc'
[0.993s] Level 1:colcon.colcon_core.environment:checking '/home/marko/Desktop/Semester_2/install/my_robot_bringup/lib/python3.10/site-packages'
[0.994s] Level 1:colcon.colcon_core.environment:checking '/home/marko/Desktop/Semester_2/install/my_robot_bringup/bin'
[0.994s] INFO:colcon.colcon_core.shell:Creating package script '/home/marko/Desktop/Semester_2/install/my_robot_bringup/share/my_robot_bringup/package.ps1'
[0.995s] INFO:colcon.colcon_core.shell:Creating package descriptor '/home/marko/Desktop/Semester_2/install/my_robot_bringup/share/my_robot_bringup/package.dsv'
[0.996s] INFO:colcon.colcon_core.shell:Creating package script '/home/marko/Desktop/Semester_2/install/my_robot_bringup/share/my_robot_bringup/package.sh'
[0.997s] INFO:colcon.colcon_core.shell:Creating package script '/home/marko/Desktop/Semester_2/install/my_robot_bringup/share/my_robot_bringup/package.bash'
[0.997s] INFO:colcon.colcon_core.shell:Creating package script '/home/marko/Desktop/Semester_2/install/my_robot_bringup/share/my_robot_bringup/package.zsh'
[0.998s] Level 1:colcon.colcon_core.environment:create_file_with_runtime_dependencies(/home/marko/Desktop/Semester_2/install/my_robot_bringup/share/colcon-core/packages/my_robot_bringup)
[1.004s] DEBUG:colcon.colcon_core.event_handler.log_command:Invoking command in '/home/marko/Desktop/Semester_2/src/vision_rpi_bot': PYTHONPATH=/home/marko/Desktop/Semester_2/build/vision_rpi_bot/prefix_override:/usr/lib/python3/dist-packages/colcon_core/task/python/colcon_distutils_commands:/home/marko/Desktop/Semester_2/install/vision_rpi_bot/lib/python3.10/site-packages:${PYTHONPATH} /usr/bin/python3 -W ignore:setup.py install is deprecated setup.py egg_info --egg-base ../../build/vision_rpi_bot build --build-base /home/marko/Desktop/Semester_2/build/vision_rpi_bot/build install --record /home/marko/Desktop/Semester_2/build/vision_rpi_bot/install.log --single-version-externally-managed install_data
[1.053s] Level 1:colcon.colcon_core.environment:create_environment_scripts_only(my_robot_bringup)
[1.053s] Level 1:colcon.colcon_core.environment:checking '/home/marko/Desktop/Semester_2/install/my_robot_bringup' for CMake module files
[1.053s] Level 1:colcon.colcon_core.environment:checking '/home/marko/Desktop/Semester_2/install/my_robot_bringup' for CMake config files
[1.053s] Level 1:colcon.colcon_core.shell:create_environment_hook('my_robot_bringup', 'cmake_prefix_path')
[1.054s] INFO:colcon.colcon_core.shell:Creating environment hook '/home/marko/Desktop/Semester_2/install/my_robot_bringup/share/my_robot_bringup/hook/cmake_prefix_path.ps1'
[1.055s] INFO:colcon.colcon_core.shell:Creating environment descriptor '/home/marko/Desktop/Semester_2/install/my_robot_bringup/share/my_robot_bringup/hook/cmake_prefix_path.dsv'
[1.055s] INFO:colcon.colcon_core.shell:Creating environment hook '/home/marko/Desktop/Semester_2/install/my_robot_bringup/share/my_robot_bringup/hook/cmake_prefix_path.sh'
[1.056s] Level 1:colcon.colcon_core.environment:checking '/home/marko/Desktop/Semester_2/install/my_robot_bringup/bin'
[1.056s] Level 1:colcon.colcon_core.environment:checking '/home/marko/Desktop/Semester_2/install/my_robot_bringup/lib/pkgconfig/my_robot_bringup.pc'
[1.057s] Level 1:colcon.colcon_core.environment:checking '/home/marko/Desktop/Semester_2/install/my_robot_bringup/lib/python3.10/site-packages'
[1.057s] Level 1:colcon.colcon_core.environment:checking '/home/marko/Desktop/Semester_2/install/my_robot_bringup/bin'
[1.057s] INFO:colcon.colcon_core.shell:Creating package script '/home/marko/Desktop/Semester_2/install/my_robot_bringup/share/my_robot_bringup/package.ps1'
[1.058s] INFO:colcon.colcon_core.shell:Creating package descriptor '/home/marko/Desktop/Semester_2/install/my_robot_bringup/share/my_robot_bringup/package.dsv'
[1.058s] INFO:colcon.colcon_core.shell:Creating package script '/home/marko/Desktop/Semester_2/install/my_robot_bringup/share/my_robot_bringup/package.sh'
[1.059s] INFO:colcon.colcon_core.shell:Creating package script '/home/marko/Desktop/Semester_2/install/my_robot_bringup/share/my_robot_bringup/package.bash'
[1.060s] INFO:colcon.colcon_core.shell:Creating package script '/home/marko/Desktop/Semester_2/install/my_robot_bringup/share/my_robot_bringup/package.zsh'
[1.061s] Level 1:colcon.colcon_core.environment:create_file_with_runtime_dependencies(/home/marko/Desktop/Semester_2/install/my_robot_bringup/share/colcon-core/packages/my_robot_bringup)
[1.324s] Level 1:colcon.colcon_core.environment:checking '/home/marko/Desktop/Semester_2/install/vision_rpi_bot' for CMake module files
[1.324s] Level 1:colcon.colcon_core.environment:checking '/home/marko/Desktop/Semester_2/install/vision_rpi_bot' for CMake config files
[1.325s] Level 1:colcon.colcon_core.environment:checking '/home/marko/Desktop/Semester_2/install/vision_rpi_bot/lib'
[1.325s] Level 1:colcon.colcon_core.environment:checking '/home/marko/Desktop/Semester_2/install/vision_rpi_bot/bin'
[1.325s] Level 1:colcon.colcon_core.environment:checking '/home/marko/Desktop/Semester_2/install/vision_rpi_bot/lib/pkgconfig/vision_rpi_bot.pc'
[1.326s] Level 1:colcon.colcon_core.environment:checking '/home/marko/Desktop/Semester_2/install/vision_rpi_bot/lib/python3.10/site-packages'
[1.326s] Level 1:colcon.colcon_core.shell:create_environment_hook('vision_rpi_bot', 'pythonpath')
[1.326s] INFO:colcon.colcon_core.shell:Creating environment hook '/home/marko/Desktop/Semester_2/install/vision_rpi_bot/share/vision_rpi_bot/hook/pythonpath.ps1'
[1.327s] DEBUG:colcon.colcon_core.event_handler.log_command:Invoked command in '/home/marko/Desktop/Semester_2/src/vision_rpi_bot' returned '0': PYTHONPATH=/home/marko/Desktop/Semester_2/build/vision_rpi_bot/prefix_override:/usr/lib/python3/dist-packages/colcon_core/task/python/colcon_distutils_commands:/home/marko/Desktop/Semester_2/install/vision_rpi_bot/lib/python3.10/site-packages:${PYTHONPATH} /usr/bin/python3 -W ignore:setup.py install is deprecated setup.py egg_info --egg-base ../../build/vision_rpi_bot build --build-base /home/marko/Desktop/Semester_2/build/vision_rpi_bot/build install --record /home/marko/Desktop/Semester_2/build/vision_rpi_bot/install.log --single-version-externally-managed install_data
[1.327s] INFO:colcon.colcon_core.shell:Creating environment descriptor '/home/marko/Desktop/Semester_2/install/vision_rpi_bot/share/vision_rpi_bot/hook/pythonpath.dsv'
[1.328s] INFO:colcon.colcon_core.shell:Creating environment hook '/home/marko/Desktop/Semester_2/install/vision_rpi_bot/share/vision_rpi_bot/hook/pythonpath.sh'
[1.329s] Level 1:colcon.colcon_core.environment:checking '/home/marko/Desktop/Semester_2/install/vision_rpi_bot/bin'
[1.329s] Level 1:colcon.colcon_core.environment:create_environment_scripts_only(vision_rpi_bot)
[1.330s] INFO:colcon.colcon_core.shell:Creating package script '/home/marko/Desktop/Semester_2/install/vision_rpi_bot/share/vision_rpi_bot/package.ps1'
[1.331s] INFO:colcon.colcon_core.shell:Creating package descriptor '/home/marko/Desktop/Semester_2/install/vision_rpi_bot/share/vision_rpi_bot/package.dsv'
[1.332s] INFO:colcon.colcon_core.shell:Creating package script '/home/marko/Desktop/Semester_2/install/vision_rpi_bot/share/vision_rpi_bot/package.sh'
[1.333s] INFO:colcon.colcon_core.shell:Creating package script '/home/marko/Desktop/Semester_2/install/vision_rpi_bot/share/vision_rpi_bot/package.bash'
[1.333s] INFO:colcon.colcon_core.shell:Creating package script '/home/marko/Desktop/Semester_2/install/vision_rpi_bot/share/vision_rpi_bot/package.zsh'
[1.334s] Level 1:colcon.colcon_core.environment:create_file_with_runtime_dependencies(/home/marko/Desktop/Semester_2/install/vision_rpi_bot/share/colcon-core/packages/vision_rpi_bot)
[1.334s] DEBUG:colcon.colcon_parallel_executor.executor.parallel:closing loop
[1.335s] DEBUG:colcon.colcon_parallel_executor.executor.parallel:loop closed
[1.335s] DEBUG:colcon.colcon_parallel_executor.executor.parallel:run_until_complete finished with '0'
[1.335s] DEBUG:colcon.colcon_core.event_reactor:joining thread
[1.340s] INFO:colcon.colcon_core.plugin_system:Skipping extension 'colcon_notification.desktop_notification.terminal_notifier': Not used on non-Darwin systems
[1.340s] INFO:colcon.colcon_core.plugin_system:Skipping extension 'colcon_notification.desktop_notification.win32': Not used on non-Windows systems
[1.340s] INFO:colcon.colcon_notification.desktop_notification:Sending desktop notification using 'notify2'
[1.358s] DEBUG:colcon.colcon_core.event_reactor:joined thread
[1.358s] INFO:colcon.colcon_core.shell:Creating prefix script '/home/marko/Desktop/Semester_2/install/local_setup.ps1'
[1.359s] INFO:colcon.colcon_core.shell:Creating prefix util module '/home/marko/Desktop/Semester_2/install/_local_setup_util_ps1.py'
[1.363s] INFO:colcon.colcon_core.shell:Creating prefix chain script '/home/marko/Desktop/Semester_2/install/setup.ps1'
[1.364s] INFO:colcon.colcon_core.shell:Creating prefix script '/home/marko/Desktop/Semester_2/install/local_setup.sh'
[1.364s] INFO:colcon.colcon_core.shell:Creating prefix util module '/home/marko/Desktop/Semester_2/install/_local_setup_util_sh.py'
[1.365s] INFO:colcon.colcon_core.shell:Creating prefix chain script '/home/marko/Desktop/Semester_2/install/setup.sh'
[1.368s] INFO:colcon.colcon_core.shell:Creating prefix script '/home/marko/Desktop/Semester_2/install/local_setup.bash'
[1.369s] INFO:colcon.colcon_core.shell:Creating prefix chain script '/home/marko/Desktop/Semester_2/install/setup.bash'
[1.370s] INFO:colcon.colcon_core.shell:Creating prefix script '/home/marko/Desktop/Semester_2/install/local_setup.zsh'
[1.371s] INFO:colcon.colcon_core.shell:Creating prefix chain script '/home/marko/Desktop/Semester_2/install/setup.zsh'
