[0.028s] Invoking command in '/home/marko/Desktop/Semester_2/build/my_robot_description': CMAKE_PREFIX_PATH=${CMAKE_PREFIX_PATH}:/home/marko/Desktop/Semester_3/install/action_py:/opt/ros/humble /usr/bin/cmake --build /home/marko/Desktop/Semester_2/build/my_robot_description -- -j3 -l3
[0.275s] Invoked command in '/home/marko/Desktop/Semester_2/build/my_robot_description' returned '0': CMAKE_PREFIX_PATH=${CMAKE_PREFIX_PATH}:/home/marko/Desktop/Semester_3/install/action_py:/opt/ros/humble /usr/bin/cmake --build /home/marko/Desktop/Semester_2/build/my_robot_description -- -j3 -l3
[0.323s] Invoking command in '/home/marko/Desktop/Semester_2/build/my_robot_description': CMAKE_PREFIX_PATH=${CMAKE_PREFIX_PATH}:/home/marko/Desktop/Semester_3/install/action_py:/opt/ros/humble /usr/bin/cmake --install /home/marko/Desktop/Semester_2/build/my_robot_description
[0.337s] -- Install configuration: ""
[0.340s] -- Up-to-date: /home/marko/Desktop/Semester_2/install/my_robot_description/share/my_robot_description//urdf
[0.342s] -- Up-to-date: /home/marko/Desktop/Semester_2/install/my_robot_description/share/my_robot_description//urdf/my_robot.urdf.xacro
[0.342s] -- Up-to-date: /home/marko/Desktop/Semester_2/install/my_robot_description/share/my_robot_description//urdf/mobile_base_gazebo.xacro
[0.342s] -- Up-to-date: /home/marko/Desktop/Semester_2/install/my_robot_description/share/my_robot_description//urdf/camera.xacro
[0.342s] -- Up-to-date: /home/marko/Desktop/Semester_2/install/my_robot_description/share/my_robot_description//urdf/mobile_base.xacro
[0.342s] -- Up-to-date: /home/marko/Desktop/Semester_2/install/my_robot_description/share/my_robot_description//urdf/common_properties.xacro
[0.342s] -- Up-to-date: /home/marko/Desktop/Semester_2/install/my_robot_description/share/my_robot_description//launch
[0.343s] -- Up-to-date: /home/marko/Desktop/Semester_2/install/my_robot_description/share/my_robot_description//launch/display.launch.xml
[0.343s] -- Up-to-date: /home/marko/Desktop/Semester_2/install/my_robot_description/share/my_robot_description//launch/display.launch.py
[0.343s] -- Up-to-date: /home/marko/Desktop/Semester_2/install/my_robot_description/share/my_robot_description//rviz
[0.346s] -- Up-to-date: /home/marko/Desktop/Semester_2/install/my_robot_description/share/my_robot_description//rviz/urdf_config.rviz
[0.348s] -- Up-to-date: /home/marko/Desktop/Semester_2/install/my_robot_description/share/ament_index/resource_index/package_run_dependencies/my_robot_description
[0.349s] -- Up-to-date: /home/marko/Desktop/Semester_2/install/my_robot_description/share/ament_index/resource_index/parent_prefix_path/my_robot_description
[0.350s] -- Up-to-date: /home/marko/Desktop/Semester_2/install/my_robot_description/share/my_robot_description/environment/ament_prefix_path.sh
[0.350s] -- Up-to-date: /home/marko/Desktop/Semester_2/install/my_robot_description/share/my_robot_description/environment/ament_prefix_path.dsv
[0.352s] -- Up-to-date: /home/marko/Desktop/Semester_2/install/my_robot_description/share/my_robot_description/environment/path.sh
[0.352s] -- Up-to-date: /home/marko/Desktop/Semester_2/install/my_robot_description/share/my_robot_description/environment/path.dsv
[0.352s] -- Up-to-date: /home/marko/Desktop/Semester_2/install/my_robot_description/share/my_robot_description/local_setup.bash
[0.352s] -- Up-to-date: /home/marko/Desktop/Semester_2/install/my_robot_description/share/my_robot_description/local_setup.sh
[0.352s] -- Up-to-date: /home/marko/Desktop/Semester_2/install/my_robot_description/share/my_robot_description/local_setup.zsh
[0.352s] -- Up-to-date: /home/marko/Desktop/Semester_2/install/my_robot_description/share/my_robot_description/local_setup.dsv
[0.353s] -- Installing: /home/marko/Desktop/Semester_2/install/my_robot_description/share/my_robot_description/package.dsv
[0.354s] -- Up-to-date: /home/marko/Desktop/Semester_2/install/my_robot_description/share/ament_index/resource_index/packages/my_robot_description
[0.356s] -- Up-to-date: /home/marko/Desktop/Semester_2/install/my_robot_description/share/my_robot_description/cmake/my_robot_descriptionConfig.cmake
[0.356s] -- Up-to-date: /home/marko/Desktop/Semester_2/install/my_robot_description/share/my_robot_description/cmake/my_robot_descriptionConfig-version.cmake
[0.356s] -- Up-to-date: /home/marko/Desktop/Semester_2/install/my_robot_description/share/my_robot_description/package.xml
[0.362s] Invoked command in '/home/marko/Desktop/Semester_2/build/my_robot_description' returned '0': CMAKE_PREFIX_PATH=${CMAKE_PREFIX_PATH}:/home/marko/Desktop/Semester_3/install/action_py:/opt/ros/humble /usr/bin/cmake --install /home/marko/Desktop/Semester_2/build/my_robot_description
