[0.027s] Invoking command in '/home/marko/Desktop/Semester_2/build/my_robot_description': CMAKE_PREFIX_PATH=${CMAKE_PREFIX_PATH}:/home/marko/Desktop/Semester_2/install/vision_rpi_bot:/opt/ros/humble /usr/bin/cmake --build /home/marko/Desktop/Semester_2/build/my_robot_description -- -j3 -l3
[0.260s] Invoked command in '/home/marko/Desktop/Semester_2/build/my_robot_description' returned '0': CMAKE_PREFIX_PATH=${CMAKE_PREFIX_PATH}:/home/marko/Desktop/Semester_2/install/vision_rpi_bot:/opt/ros/humble /usr/bin/cmake --build /home/marko/Desktop/Semester_2/build/my_robot_description -- -j3 -l3
[0.320s] Invoking command in '/home/marko/Desktop/Semester_2/build/my_robot_description': CMAKE_PREFIX_PATH=${CMAKE_PREFIX_PATH}:/home/marko/Desktop/Semester_2/install/vision_rpi_bot:/opt/ros/humble /usr/bin/cmake --install /home/marko/Desktop/Semester_2/build/my_robot_description
[0.331s] -- Install configuration: ""
[0.331s] -- Up-to-date: /home/marko/Desktop/Semester_2/install/my_robot_description/share/my_robot_description//urdf
[0.331s] -- Up-to-date: /home/marko/Desktop/Semester_2/install/my_robot_description/share/my_robot_description//urdf/lidar.xacro
[0.331s] -- Installing: /home/marko/Desktop/Semester_2/install/my_robot_description/share/my_robot_description//urdf/my_robot.urdf.xacro
[0.331s] -- Up-to-date: /home/marko/Desktop/Semester_2/install/my_robot_description/share/my_robot_description//urdf/mobile_base_gazebo.xacro
[0.331s] -- Up-to-date: /home/marko/Desktop/Semester_2/install/my_robot_description/share/my_robot_description//urdf/camera.xacro
[0.332s] -- Up-to-date: /home/marko/Desktop/Semester_2/install/my_robot_description/share/my_robot_description//urdf/mobile_base.xacro
[0.332s] -- Up-to-date: /home/marko/Desktop/Semester_2/install/my_robot_description/share/my_robot_description//urdf/common_properties.xacro
[0.332s] -- Up-to-date: /home/marko/Desktop/Semester_2/install/my_robot_description/share/my_robot_description//launch
[0.332s] -- Up-to-date: /home/marko/Desktop/Semester_2/install/my_robot_description/share/my_robot_description//launch/display.launch.xml
[0.332s] -- Up-to-date: /home/marko/Desktop/Semester_2/install/my_robot_description/share/my_robot_description//launch/display.launch.py
[0.332s] -- Up-to-date: /home/marko/Desktop/Semester_2/install/my_robot_description/share/my_robot_description//rviz
[0.332s] -- Up-to-date: /home/marko/Desktop/Semester_2/install/my_robot_description/share/my_robot_description//rviz/urdf_config.rviz
[0.332s] -- Up-to-date: /home/marko/Desktop/Semester_2/install/my_robot_description/share/ament_index/resource_index/package_run_dependencies/my_robot_description
[0.333s] -- Up-to-date: /home/marko/Desktop/Semester_2/install/my_robot_description/share/ament_index/resource_index/parent_prefix_path/my_robot_description
[0.333s] -- Up-to-date: /home/marko/Desktop/Semester_2/install/my_robot_description/share/my_robot_description/environment/ament_prefix_path.sh
[0.333s] -- Up-to-date: /home/marko/Desktop/Semester_2/install/my_robot_description/share/my_robot_description/environment/ament_prefix_path.dsv
[0.333s] -- Up-to-date: /home/marko/Desktop/Semester_2/install/my_robot_description/share/my_robot_description/environment/path.sh
[0.333s] -- Up-to-date: /home/marko/Desktop/Semester_2/install/my_robot_description/share/my_robot_description/environment/path.dsv
[0.333s] -- Up-to-date: /home/marko/Desktop/Semester_2/install/my_robot_description/share/my_robot_description/local_setup.bash
[0.334s] -- Up-to-date: /home/marko/Desktop/Semester_2/install/my_robot_description/share/my_robot_description/local_setup.sh
[0.334s] -- Up-to-date: /home/marko/Desktop/Semester_2/install/my_robot_description/share/my_robot_description/local_setup.zsh
[0.334s] -- Up-to-date: /home/marko/Desktop/Semester_2/install/my_robot_description/share/my_robot_description/local_setup.dsv
[0.334s] -- Installing: /home/marko/Desktop/Semester_2/install/my_robot_description/share/my_robot_description/package.dsv
[0.334s] -- Up-to-date: /home/marko/Desktop/Semester_2/install/my_robot_description/share/ament_index/resource_index/packages/my_robot_description
[0.334s] -- Up-to-date: /home/marko/Desktop/Semester_2/install/my_robot_description/share/my_robot_description/cmake/my_robot_descriptionConfig.cmake
[0.334s] -- Up-to-date: /home/marko/Desktop/Semester_2/install/my_robot_description/share/my_robot_description/cmake/my_robot_descriptionConfig-version.cmake
[0.334s] -- Up-to-date: /home/marko/Desktop/Semester_2/install/my_robot_description/share/my_robot_description/package.xml
[0.342s] Invoked command in '/home/marko/Desktop/Semester_2/build/my_robot_description' returned '0': CMAKE_PREFIX_PATH=${CMAKE_PREFIX_PATH}:/home/marko/Desktop/Semester_2/install/vision_rpi_bot:/opt/ros/humble /usr/bin/cmake --install /home/marko/Desktop/Semester_2/build/my_robot_description
