[0.709s] DEBUG:colcon:Command line arguments: ['/usr/bin/colcon', 'build']
[0.709s] DEBUG:colcon:Parsed command line arguments: Namespace(log_base=None, log_level=None, verb_name='build', build_base='build', install_base='install', merge_install=False, symlink_install=False, test_result_base=None, continue_on_error=False, executor='parallel', parallel_workers=3, event_handlers=None, ignore_user_meta=False, metas=['./colcon.meta'], base_paths=['.'], packages_ignore=None, packages_ignore_regex=None, paths=None, packages_up_to=None, packages_up_to_regex=None, packages_above=None, packages_above_and_dependencies=None, packages_above_depth=None, packages_select_by_dep=None, packages_skip_by_dep=None, packages_skip_up_to=None, packages_select_build_failed=False, packages_skip_build_finished=False, packages_select_test_failures=False, packages_skip_test_passed=False, packages_select=None, packages_skip=None, packages_select_regex=None, packages_skip_regex=None, packages_start=None, packages_end=None, allow_overriding=[], cmake_args=None, cmake_target=None, cmake_target_skip_unavailable=False, cmake_clean_cache=False, cmake_clean_first=False, cmake_force_configure=False, ament_cmake_args=None, catkin_cmake_args=None, catkin_skip_building_tests=False, mixin_files=None, mixin=None, verb_parser=<colcon_mixin.mixin.mixin_argument.MixinArgumentDecorator object at 0x7b168e64a4a0>, verb_extension=<colcon_core.verb.build.BuildVerb object at 0x7b168e649ff0>, main=<bound method BuildVerb.main of <colcon_core.verb.build.BuildVerb object at 0x7b168e649ff0>>, mixin_verb=('build',))
[1.219s] Level 1:colcon.colcon_core.package_discovery:discover_packages(colcon_meta) check parameters
[1.220s] Level 1:colcon.colcon_core.package_discovery:discover_packages(recursive) check parameters
[1.220s] Level 1:colcon.colcon_core.package_discovery:discover_packages(ignore) check parameters
[1.220s] Level 1:colcon.colcon_core.package_discovery:discover_packages(path) check parameters
[1.220s] Level 1:colcon.colcon_core.package_discovery:discover_packages(colcon_meta) discover
[1.220s] Level 1:colcon.colcon_core.package_discovery:discover_packages(recursive) discover
[1.220s] INFO:colcon.colcon_core.package_discovery:Crawling recursively for packages in '/home/marko/Desktop/Semester_2/Semester-2'
[1.220s] Level 1:colcon.colcon_core.package_identification:_identify(.) by extensions ['ignore', 'ignore_ament_install']
[1.220s] Level 1:colcon.colcon_core.package_identification:_identify(.) by extension 'ignore'
[1.220s] Level 1:colcon.colcon_core.package_identification:_identify(.) by extension 'ignore_ament_install'
[1.220s] Level 1:colcon.colcon_core.package_identification:_identify(.) by extensions ['colcon_pkg']
[1.220s] Level 1:colcon.colcon_core.package_identification:_identify(.) by extension 'colcon_pkg'
[1.220s] Level 1:colcon.colcon_core.package_identification:_identify(.) by extensions ['colcon_meta']
[1.220s] Level 1:colcon.colcon_core.package_identification:_identify(.) by extension 'colcon_meta'
[1.220s] Level 1:colcon.colcon_core.package_identification:_identify(.) by extensions ['ros']
[1.220s] Level 1:colcon.colcon_core.package_identification:_identify(.) by extension 'ros'
[1.237s] Level 1:colcon.colcon_core.package_identification:_identify(.) by extensions ['cmake', 'python']
[1.237s] Level 1:colcon.colcon_core.package_identification:_identify(.) by extension 'cmake'
[1.237s] Level 1:colcon.colcon_core.package_identification:_identify(.) by extension 'python'
[1.237s] Level 1:colcon.colcon_core.package_identification:_identify(.) by extensions ['python_setup_py']
[1.237s] Level 1:colcon.colcon_core.package_identification:_identify(.) by extension 'python_setup_py'
[1.237s] Level 1:colcon.colcon_core.package_identification:_identify(build) by extensions ['ignore', 'ignore_ament_install']
[1.237s] Level 1:colcon.colcon_core.package_identification:_identify(build) by extension 'ignore'
[1.237s] Level 1:colcon.colcon_core.package_identification:_identify(build) ignored
[1.238s] Level 1:colcon.colcon_core.package_identification:_identify(install) by extensions ['ignore', 'ignore_ament_install']
[1.238s] Level 1:colcon.colcon_core.package_identification:_identify(install) by extension 'ignore'
[1.238s] Level 1:colcon.colcon_core.package_identification:_identify(install) ignored
[1.238s] Level 1:colcon.colcon_core.package_identification:_identify(log) by extensions ['ignore', 'ignore_ament_install']
[1.238s] Level 1:colcon.colcon_core.package_identification:_identify(log) by extension 'ignore'
[1.238s] Level 1:colcon.colcon_core.package_identification:_identify(log) ignored
[1.238s] Level 1:colcon.colcon_core.package_identification:_identify(src) by extensions ['ignore', 'ignore_ament_install']
[1.238s] Level 1:colcon.colcon_core.package_identification:_identify(src) by extension 'ignore'
[1.238s] Level 1:colcon.colcon_core.package_identification:_identify(src) by extension 'ignore_ament_install'
[1.238s] Level 1:colcon.colcon_core.package_identification:_identify(src) by extensions ['colcon_pkg']
[1.238s] Level 1:colcon.colcon_core.package_identification:_identify(src) by extension 'colcon_pkg'
[1.239s] Level 1:colcon.colcon_core.package_identification:_identify(src) by extensions ['colcon_meta']
[1.239s] Level 1:colcon.colcon_core.package_identification:_identify(src) by extension 'colcon_meta'
[1.239s] Level 1:colcon.colcon_core.package_identification:_identify(src) by extensions ['ros']
[1.239s] Level 1:colcon.colcon_core.package_identification:_identify(src) by extension 'ros'
[1.239s] Level 1:colcon.colcon_core.package_identification:_identify(src) by extensions ['cmake', 'python']
[1.239s] Level 1:colcon.colcon_core.package_identification:_identify(src) by extension 'cmake'
[1.239s] Level 1:colcon.colcon_core.package_identification:_identify(src) by extension 'python'
[1.239s] Level 1:colcon.colcon_core.package_identification:_identify(src) by extensions ['python_setup_py']
[1.239s] Level 1:colcon.colcon_core.package_identification:_identify(src) by extension 'python_setup_py'
[1.239s] Level 1:colcon.colcon_core.package_identification:_identify(src/ROS_ROBOT_RPI) by extensions ['ignore', 'ignore_ament_install']
[1.239s] Level 1:colcon.colcon_core.package_identification:_identify(src/ROS_ROBOT_RPI) by extension 'ignore'
[1.239s] Level 1:colcon.colcon_core.package_identification:_identify(src/ROS_ROBOT_RPI) by extension 'ignore_ament_install'
[1.239s] Level 1:colcon.colcon_core.package_identification:_identify(src/ROS_ROBOT_RPI) by extensions ['colcon_pkg']
[1.239s] Level 1:colcon.colcon_core.package_identification:_identify(src/ROS_ROBOT_RPI) by extension 'colcon_pkg'
[1.239s] Level 1:colcon.colcon_core.package_identification:_identify(src/ROS_ROBOT_RPI) by extensions ['colcon_meta']
[1.239s] Level 1:colcon.colcon_core.package_identification:_identify(src/ROS_ROBOT_RPI) by extension 'colcon_meta'
[1.239s] Level 1:colcon.colcon_core.package_identification:_identify(src/ROS_ROBOT_RPI) by extensions ['ros']
[1.239s] Level 1:colcon.colcon_core.package_identification:_identify(src/ROS_ROBOT_RPI) by extension 'ros'
[1.239s] Level 1:colcon.colcon_core.package_identification:_identify(src/ROS_ROBOT_RPI) by extensions ['cmake', 'python']
[1.239s] Level 1:colcon.colcon_core.package_identification:_identify(src/ROS_ROBOT_RPI) by extension 'cmake'
[1.239s] Level 1:colcon.colcon_core.package_identification:_identify(src/ROS_ROBOT_RPI) by extension 'python'
[1.239s] Level 1:colcon.colcon_core.package_identification:_identify(src/ROS_ROBOT_RPI) by extensions ['python_setup_py']
[1.239s] Level 1:colcon.colcon_core.package_identification:_identify(src/ROS_ROBOT_RPI) by extension 'python_setup_py'
[1.239s] Level 1:colcon.colcon_core.package_identification:_identify(src/ROS_ROBOT_RPI/vision_rpi_bot) by extensions ['ignore', 'ignore_ament_install']
[1.240s] Level 1:colcon.colcon_core.package_identification:_identify(src/ROS_ROBOT_RPI/vision_rpi_bot) by extension 'ignore'
[1.240s] Level 1:colcon.colcon_core.package_identification:_identify(src/ROS_ROBOT_RPI/vision_rpi_bot) by extension 'ignore_ament_install'
[1.240s] Level 1:colcon.colcon_core.package_identification:_identify(src/ROS_ROBOT_RPI/vision_rpi_bot) by extensions ['colcon_pkg']
[1.240s] Level 1:colcon.colcon_core.package_identification:_identify(src/ROS_ROBOT_RPI/vision_rpi_bot) by extension 'colcon_pkg'
[1.240s] Level 1:colcon.colcon_core.package_identification:_identify(src/ROS_ROBOT_RPI/vision_rpi_bot) by extensions ['colcon_meta']
[1.240s] Level 1:colcon.colcon_core.package_identification:_identify(src/ROS_ROBOT_RPI/vision_rpi_bot) by extension 'colcon_meta'
[1.240s] Level 1:colcon.colcon_core.package_identification:_identify(src/ROS_ROBOT_RPI/vision_rpi_bot) by extensions ['ros']
[1.240s] Level 1:colcon.colcon_core.package_identification:_identify(src/ROS_ROBOT_RPI/vision_rpi_bot) by extension 'ros'
[1.245s] DEBUG:colcon.colcon_core.package_identification:Package 'src/ROS_ROBOT_RPI/vision_rpi_bot' with type 'ros.ament_python' and name 'vision_rpi_bot'
[1.246s] Level 1:colcon.colcon_core.package_identification:_identify(src/Ros_Robot_simulation) by extensions ['ignore', 'ignore_ament_install']
[1.246s] Level 1:colcon.colcon_core.package_identification:_identify(src/Ros_Robot_simulation) by extension 'ignore'
[1.246s] Level 1:colcon.colcon_core.package_identification:_identify(src/Ros_Robot_simulation) by extension 'ignore_ament_install'
[1.246s] Level 1:colcon.colcon_core.package_identification:_identify(src/Ros_Robot_simulation) by extensions ['colcon_pkg']
[1.246s] Level 1:colcon.colcon_core.package_identification:_identify(src/Ros_Robot_simulation) by extension 'colcon_pkg'
[1.246s] Level 1:colcon.colcon_core.package_identification:_identify(src/Ros_Robot_simulation) by extensions ['colcon_meta']
[1.246s] Level 1:colcon.colcon_core.package_identification:_identify(src/Ros_Robot_simulation) by extension 'colcon_meta'
[1.246s] Level 1:colcon.colcon_core.package_identification:_identify(src/Ros_Robot_simulation) by extensions ['ros']
[1.246s] Level 1:colcon.colcon_core.package_identification:_identify(src/Ros_Robot_simulation) by extension 'ros'
[1.247s] Level 1:colcon.colcon_core.package_identification:_identify(src/Ros_Robot_simulation) by extensions ['cmake', 'python']
[1.247s] Level 1:colcon.colcon_core.package_identification:_identify(src/Ros_Robot_simulation) by extension 'cmake'
[1.247s] Level 1:colcon.colcon_core.package_identification:_identify(src/Ros_Robot_simulation) by extension 'python'
[1.247s] Level 1:colcon.colcon_core.package_identification:_identify(src/Ros_Robot_simulation) by extensions ['python_setup_py']
[1.247s] Level 1:colcon.colcon_core.package_identification:_identify(src/Ros_Robot_simulation) by extension 'python_setup_py'
[1.247s] Level 1:colcon.colcon_core.package_identification:_identify(src/Ros_Robot_simulation/src) by extensions ['ignore', 'ignore_ament_install']
[1.247s] Level 1:colcon.colcon_core.package_identification:_identify(src/Ros_Robot_simulation/src) by extension 'ignore'
[1.247s] Level 1:colcon.colcon_core.package_identification:_identify(src/Ros_Robot_simulation/src) by extension 'ignore_ament_install'
[1.247s] Level 1:colcon.colcon_core.package_identification:_identify(src/Ros_Robot_simulation/src) by extensions ['colcon_pkg']
[1.247s] Level 1:colcon.colcon_core.package_identification:_identify(src/Ros_Robot_simulation/src) by extension 'colcon_pkg'
[1.247s] Level 1:colcon.colcon_core.package_identification:_identify(src/Ros_Robot_simulation/src) by extensions ['colcon_meta']
[1.247s] Level 1:colcon.colcon_core.package_identification:_identify(src/Ros_Robot_simulation/src) by extension 'colcon_meta'
[1.247s] Level 1:colcon.colcon_core.package_identification:_identify(src/Ros_Robot_simulation/src) by extensions ['ros']
[1.247s] Level 1:colcon.colcon_core.package_identification:_identify(src/Ros_Robot_simulation/src) by extension 'ros'
[1.247s] Level 1:colcon.colcon_core.package_identification:_identify(src/Ros_Robot_simulation/src) by extensions ['cmake', 'python']
[1.247s] Level 1:colcon.colcon_core.package_identification:_identify(src/Ros_Robot_simulation/src) by extension 'cmake'
[1.247s] Level 1:colcon.colcon_core.package_identification:_identify(src/Ros_Robot_simulation/src) by extension 'python'
[1.247s] Level 1:colcon.colcon_core.package_identification:_identify(src/Ros_Robot_simulation/src) by extensions ['python_setup_py']
[1.247s] Level 1:colcon.colcon_core.package_identification:_identify(src/Ros_Robot_simulation/src) by extension 'python_setup_py'
[1.248s] Level 1:colcon.colcon_core.package_identification:_identify(src/Ros_Robot_simulation/src/my_robot_bringup) by extensions ['ignore', 'ignore_ament_install']
[1.248s] Level 1:colcon.colcon_core.package_identification:_identify(src/Ros_Robot_simulation/src/my_robot_bringup) by extension 'ignore'
[1.248s] Level 1:colcon.colcon_core.package_identification:_identify(src/Ros_Robot_simulation/src/my_robot_bringup) by extension 'ignore_ament_install'
[1.248s] Level 1:colcon.colcon_core.package_identification:_identify(src/Ros_Robot_simulation/src/my_robot_bringup) by extensions ['colcon_pkg']
[1.248s] Level 1:colcon.colcon_core.package_identification:_identify(src/Ros_Robot_simulation/src/my_robot_bringup) by extension 'colcon_pkg'
[1.248s] Level 1:colcon.colcon_core.package_identification:_identify(src/Ros_Robot_simulation/src/my_robot_bringup) by extensions ['colcon_meta']
[1.248s] Level 1:colcon.colcon_core.package_identification:_identify(src/Ros_Robot_simulation/src/my_robot_bringup) by extension 'colcon_meta'
[1.248s] Level 1:colcon.colcon_core.package_identification:_identify(src/Ros_Robot_simulation/src/my_robot_bringup) by extensions ['ros']
[1.248s] Level 1:colcon.colcon_core.package_identification:_identify(src/Ros_Robot_simulation/src/my_robot_bringup) by extension 'ros'
[1.249s] DEBUG:colcon.colcon_core.package_identification:Package 'src/Ros_Robot_simulation/src/my_robot_bringup' with type 'ros.ament_cmake' and name 'my_robot_bringup'
[1.249s] Level 1:colcon.colcon_core.package_identification:_identify(src/Ros_Robot_simulation/src/my_robot_description) by extensions ['ignore', 'ignore_ament_install']
[1.249s] Level 1:colcon.colcon_core.package_identification:_identify(src/Ros_Robot_simulation/src/my_robot_description) by extension 'ignore'
[1.249s] Level 1:colcon.colcon_core.package_identification:_identify(src/Ros_Robot_simulation/src/my_robot_description) by extension 'ignore_ament_install'
[1.249s] Level 1:colcon.colcon_core.package_identification:_identify(src/Ros_Robot_simulation/src/my_robot_description) by extensions ['colcon_pkg']
[1.249s] Level 1:colcon.colcon_core.package_identification:_identify(src/Ros_Robot_simulation/src/my_robot_description) by extension 'colcon_pkg'
[1.249s] Level 1:colcon.colcon_core.package_identification:_identify(src/Ros_Robot_simulation/src/my_robot_description) by extensions ['colcon_meta']
[1.249s] Level 1:colcon.colcon_core.package_identification:_identify(src/Ros_Robot_simulation/src/my_robot_description) by extension 'colcon_meta'
[1.249s] Level 1:colcon.colcon_core.package_identification:_identify(src/Ros_Robot_simulation/src/my_robot_description) by extensions ['ros']
[1.249s] Level 1:colcon.colcon_core.package_identification:_identify(src/Ros_Robot_simulation/src/my_robot_description) by extension 'ros'
[1.250s] DEBUG:colcon.colcon_core.package_identification:Package 'src/Ros_Robot_simulation/src/my_robot_description' with type 'ros.ament_cmake' and name 'my_robot_description'
[1.250s] Level 1:colcon.colcon_core.package_discovery:discover_packages(recursive) using defaults
[1.250s] Level 1:colcon.colcon_core.package_discovery:discover_packages(ignore) discover
[1.250s] Level 1:colcon.colcon_core.package_discovery:discover_packages(ignore) using defaults
[1.250s] Level 1:colcon.colcon_core.package_discovery:discover_packages(path) discover
[1.250s] Level 1:colcon.colcon_core.package_discovery:discover_packages(path) using defaults
[1.324s] Level 1:colcon.colcon_core.package_discovery:discover_packages(prefix_path) check parameters
[1.325s] Level 1:colcon.colcon_core.package_discovery:discover_packages(prefix_path) discover
[1.338s] DEBUG:colcon.colcon_installed_package_information.package_discovery:Found 278 installed packages in /opt/ros/humble
[1.342s] Level 1:colcon.colcon_core.package_discovery:discover_packages(prefix_path) using defaults
[1.381s] Level 5:colcon.colcon_core.verb:set package 'my_robot_description' build argument 'cmake_args' from command line to 'None'
[1.381s] Level 5:colcon.colcon_core.verb:set package 'my_robot_description' build argument 'cmake_target' from command line to 'None'
[1.381s] Level 5:colcon.colcon_core.verb:set package 'my_robot_description' build argument 'cmake_target_skip_unavailable' from command line to 'False'
[1.381s] Level 5:colcon.colcon_core.verb:set package 'my_robot_description' build argument 'cmake_clean_cache' from command line to 'False'
[1.381s] Level 5:colcon.colcon_core.verb:set package 'my_robot_description' build argument 'cmake_clean_first' from command line to 'False'
[1.381s] Level 5:colcon.colcon_core.verb:set package 'my_robot_description' build argument 'cmake_force_configure' from command line to 'False'
[1.381s] Level 5:colcon.colcon_core.verb:set package 'my_robot_description' build argument 'ament_cmake_args' from command line to 'None'
[1.381s] Level 5:colcon.colcon_core.verb:set package 'my_robot_description' build argument 'catkin_cmake_args' from command line to 'None'
[1.381s] Level 5:colcon.colcon_core.verb:set package 'my_robot_description' build argument 'catkin_skip_building_tests' from command line to 'False'
[1.381s] DEBUG:colcon.colcon_core.verb:Building package 'my_robot_description' with the following arguments: {'ament_cmake_args': None, 'build_base': '/home/marko/Desktop/Semester_2/Semester-2/build/my_robot_description', 'catkin_cmake_args': None, 'catkin_skip_building_tests': False, 'cmake_args': None, 'cmake_clean_cache': False, 'cmake_clean_first': False, 'cmake_force_configure': False, 'cmake_target': None, 'cmake_target_skip_unavailable': False, 'install_base': '/home/marko/Desktop/Semester_2/Semester-2/install/my_robot_description', 'merge_install': False, 'path': '/home/marko/Desktop/Semester_2/Semester-2/src/Ros_Robot_simulation/src/my_robot_description', 'symlink_install': False, 'test_result_base': None}
[1.382s] Level 5:colcon.colcon_core.verb:set package 'vision_rpi_bot' build argument 'cmake_args' from command line to 'None'
[1.382s] Level 5:colcon.colcon_core.verb:set package 'vision_rpi_bot' build argument 'cmake_target' from command line to 'None'
[1.382s] Level 5:colcon.colcon_core.verb:set package 'vision_rpi_bot' build argument 'cmake_target_skip_unavailable' from command line to 'False'
[1.382s] Level 5:colcon.colcon_core.verb:set package 'vision_rpi_bot' build argument 'cmake_clean_cache' from command line to 'False'
[1.382s] Level 5:colcon.colcon_core.verb:set package 'vision_rpi_bot' build argument 'cmake_clean_first' from command line to 'False'
[1.382s] Level 5:colcon.colcon_core.verb:set package 'vision_rpi_bot' build argument 'cmake_force_configure' from command line to 'False'
[1.382s] Level 5:colcon.colcon_core.verb:set package 'vision_rpi_bot' build argument 'ament_cmake_args' from command line to 'None'
[1.382s] Level 5:colcon.colcon_core.verb:set package 'vision_rpi_bot' build argument 'catkin_cmake_args' from command line to 'None'
[1.382s] Level 5:colcon.colcon_core.verb:set package 'vision_rpi_bot' build argument 'catkin_skip_building_tests' from command line to 'False'
[1.382s] DEBUG:colcon.colcon_core.verb:Building package 'vision_rpi_bot' with the following arguments: {'ament_cmake_args': None, 'build_base': '/home/marko/Desktop/Semester_2/Semester-2/build/vision_rpi_bot', 'catkin_cmake_args': None, 'catkin_skip_building_tests': False, 'cmake_args': None, 'cmake_clean_cache': False, 'cmake_clean_first': False, 'cmake_force_configure': False, 'cmake_target': None, 'cmake_target_skip_unavailable': False, 'install_base': '/home/marko/Desktop/Semester_2/Semester-2/install/vision_rpi_bot', 'merge_install': False, 'path': '/home/marko/Desktop/Semester_2/Semester-2/src/ROS_ROBOT_RPI/vision_rpi_bot', 'symlink_install': False, 'test_result_base': None}
[1.382s] Level 5:colcon.colcon_core.verb:set package 'my_robot_bringup' build argument 'cmake_args' from command line to 'None'
[1.383s] Level 5:colcon.colcon_core.verb:set package 'my_robot_bringup' build argument 'cmake_target' from command line to 'None'
[1.383s] Level 5:colcon.colcon_core.verb:set package 'my_robot_bringup' build argument 'cmake_target_skip_unavailable' from command line to 'False'
[1.383s] Level 5:colcon.colcon_core.verb:set package 'my_robot_bringup' build argument 'cmake_clean_cache' from command line to 'False'
[1.383s] Level 5:colcon.colcon_core.verb:set package 'my_robot_bringup' build argument 'cmake_clean_first' from command line to 'False'
[1.383s] Level 5:colcon.colcon_core.verb:set package 'my_robot_bringup' build argument 'cmake_force_configure' from command line to 'False'
[1.383s] Level 5:colcon.colcon_core.verb:set package 'my_robot_bringup' build argument 'ament_cmake_args' from command line to 'None'
[1.383s] Level 5:colcon.colcon_core.verb:set package 'my_robot_bringup' build argument 'catkin_cmake_args' from command line to 'None'
[1.383s] Level 5:colcon.colcon_core.verb:set package 'my_robot_bringup' build argument 'catkin_skip_building_tests' from command line to 'False'
[1.383s] DEBUG:colcon.colcon_core.verb:Building package 'my_robot_bringup' with the following arguments: {'ament_cmake_args': None, 'build_base': '/home/marko/Desktop/Semester_2/Semester-2/build/my_robot_bringup', 'catkin_cmake_args': None, 'catkin_skip_building_tests': False, 'cmake_args': None, 'cmake_clean_cache': False, 'cmake_clean_first': False, 'cmake_force_configure': False, 'cmake_target': None, 'cmake_target_skip_unavailable': False, 'install_base': '/home/marko/Desktop/Semester_2/Semester-2/install/my_robot_bringup', 'merge_install': False, 'path': '/home/marko/Desktop/Semester_2/Semester-2/src/Ros_Robot_simulation/src/my_robot_bringup', 'symlink_install': False, 'test_result_base': None}
[1.383s] INFO:colcon.colcon_core.executor:Executing jobs using 'parallel' executor
[1.384s] DEBUG:colcon.colcon_parallel_executor.executor.parallel:run_until_complete
[1.385s] INFO:colcon.colcon_ros.task.ament_cmake.build:Building ROS package in '/home/marko/Desktop/Semester_2/Semester-2/src/Ros_Robot_simulation/src/my_robot_description' with build type 'ament_cmake'
[1.385s] INFO:colcon.colcon_cmake.task.cmake.build:Building CMake package in '/home/marko/Desktop/Semester_2/Semester-2/src/Ros_Robot_simulation/src/my_robot_description'
[1.401s] INFO:colcon.colcon_core.plugin_system:Skipping extension 'colcon_core.shell.bat': Not used on non-Windows systems
[1.401s] INFO:colcon.colcon_core.shell:Skip shell extension 'powershell' for command environment: Not usable outside of PowerShell
[1.401s] DEBUG:colcon.colcon_core.shell:Skip shell extension 'dsv' for command environment
[1.405s] INFO:colcon.colcon_ros.task.ament_python.build:Building ROS package in '/home/marko/Desktop/Semester_2/Semester-2/src/ROS_ROBOT_RPI/vision_rpi_bot' with build type 'ament_python'
[1.405s] Level 1:colcon.colcon_core.shell:create_environment_hook('vision_rpi_bot', 'ament_prefix_path')
[1.405s] INFO:colcon.colcon_core.shell:Creating environment hook '/home/marko/Desktop/Semester_2/Semester-2/install/vision_rpi_bot/share/vision_rpi_bot/hook/ament_prefix_path.ps1'
[1.408s] INFO:colcon.colcon_core.shell:Creating environment descriptor '/home/marko/Desktop/Semester_2/Semester-2/install/vision_rpi_bot/share/vision_rpi_bot/hook/ament_prefix_path.dsv'
[1.409s] INFO:colcon.colcon_core.shell:Creating environment hook '/home/marko/Desktop/Semester_2/Semester-2/install/vision_rpi_bot/share/vision_rpi_bot/hook/ament_prefix_path.sh'
[1.411s] INFO:colcon.colcon_core.shell:Skip shell extension 'powershell' for command environment: Not usable outside of PowerShell
[1.411s] DEBUG:colcon.colcon_core.shell:Skip shell extension 'dsv' for command environment
[1.422s] DEBUG:colcon.colcon_core.event_handler.log_command:Invoking command in '/home/marko/Desktop/Semester_2/Semester-2/build/my_robot_description': CMAKE_PREFIX_PATH=/opt/ros/humble /usr/bin/cmake /home/marko/Desktop/Semester_2/Semester-2/src/Ros_Robot_simulation/src/my_robot_description -DCMAKE_INSTALL_PREFIX=/home/marko/Desktop/Semester_2/Semester-2/install/my_robot_description
[1.669s] INFO:colcon.colcon_core.task.python.build:Building Python package in '/home/marko/Desktop/Semester_2/Semester-2/src/ROS_ROBOT_RPI/vision_rpi_bot'
[1.670s] INFO:colcon.colcon_core.shell:Skip shell extension 'powershell' for command environment: Not usable outside of PowerShell
[1.670s] DEBUG:colcon.colcon_core.shell:Skip shell extension 'dsv' for command environment
[2.272s] DEBUG:colcon.colcon_core.event_handler.log_command:Invoking command in '/home/marko/Desktop/Semester_2/Semester-2/src/ROS_ROBOT_RPI/vision_rpi_bot': PYTHONPATH=/home/marko/Desktop/Semester_2/Semester-2/build/vision_rpi_bot/prefix_override:/usr/lib/python3/dist-packages/colcon_core/task/python/colcon_distutils_commands:/home/marko/Desktop/Semester_2/Semester-2/install/vision_rpi_bot/lib/python3.10/site-packages:${PYTHONPATH} /usr/bin/python3 -W ignore:setup.py install is deprecated setup.py egg_info --egg-base ../../../build/vision_rpi_bot build --build-base /home/marko/Desktop/Semester_2/Semester-2/build/vision_rpi_bot/build install --record /home/marko/Desktop/Semester_2/Semester-2/build/vision_rpi_bot/install.log --single-version-externally-managed install_data
[2.590s] DEBUG:colcon.colcon_core.event_handler.log_command:Invoked command in '/home/marko/Desktop/Semester_2/Semester-2/src/ROS_ROBOT_RPI/vision_rpi_bot' returned '0': PYTHONPATH=/home/marko/Desktop/Semester_2/Semester-2/build/vision_rpi_bot/prefix_override:/usr/lib/python3/dist-packages/colcon_core/task/python/colcon_distutils_commands:/home/marko/Desktop/Semester_2/Semester-2/install/vision_rpi_bot/lib/python3.10/site-packages:${PYTHONPATH} /usr/bin/python3 -W ignore:setup.py install is deprecated setup.py egg_info --egg-base ../../../build/vision_rpi_bot build --build-base /home/marko/Desktop/Semester_2/Semester-2/build/vision_rpi_bot/build install --record /home/marko/Desktop/Semester_2/Semester-2/build/vision_rpi_bot/install.log --single-version-externally-managed install_data
[2.622s] Level 1:colcon.colcon_core.environment:checking '/home/marko/Desktop/Semester_2/Semester-2/install/vision_rpi_bot' for CMake module files
[2.622s] Level 1:colcon.colcon_core.environment:checking '/home/marko/Desktop/Semester_2/Semester-2/install/vision_rpi_bot' for CMake config files
[2.623s] Level 1:colcon.colcon_core.environment:checking '/home/marko/Desktop/Semester_2/Semester-2/install/vision_rpi_bot/lib'
[2.623s] Level 1:colcon.colcon_core.environment:checking '/home/marko/Desktop/Semester_2/Semester-2/install/vision_rpi_bot/bin'
[2.623s] Level 1:colcon.colcon_core.environment:checking '/home/marko/Desktop/Semester_2/Semester-2/install/vision_rpi_bot/lib/pkgconfig/vision_rpi_bot.pc'
[2.623s] Level 1:colcon.colcon_core.environment:checking '/home/marko/Desktop/Semester_2/Semester-2/install/vision_rpi_bot/lib/python3.10/site-packages'
[2.623s] Level 1:colcon.colcon_core.shell:create_environment_hook('vision_rpi_bot', 'pythonpath')
[2.624s] INFO:colcon.colcon_core.shell:Creating environment hook '/home/marko/Desktop/Semester_2/Semester-2/install/vision_rpi_bot/share/vision_rpi_bot/hook/pythonpath.ps1'
[2.624s] INFO:colcon.colcon_core.shell:Creating environment descriptor '/home/marko/Desktop/Semester_2/Semester-2/install/vision_rpi_bot/share/vision_rpi_bot/hook/pythonpath.dsv'
[2.624s] INFO:colcon.colcon_core.shell:Creating environment hook '/home/marko/Desktop/Semester_2/Semester-2/install/vision_rpi_bot/share/vision_rpi_bot/hook/pythonpath.sh'
[2.625s] Level 1:colcon.colcon_core.environment:checking '/home/marko/Desktop/Semester_2/Semester-2/install/vision_rpi_bot/bin'
[2.625s] Level 1:colcon.colcon_core.environment:create_environment_scripts_only(vision_rpi_bot)
[2.625s] INFO:colcon.colcon_core.shell:Creating package script '/home/marko/Desktop/Semester_2/Semester-2/install/vision_rpi_bot/share/vision_rpi_bot/package.ps1'
[2.626s] INFO:colcon.colcon_core.shell:Creating package descriptor '/home/marko/Desktop/Semester_2/Semester-2/install/vision_rpi_bot/share/vision_rpi_bot/package.dsv'
[2.630s] INFO:colcon.colcon_core.shell:Creating package script '/home/marko/Desktop/Semester_2/Semester-2/install/vision_rpi_bot/share/vision_rpi_bot/package.sh'
[2.632s] INFO:colcon.colcon_core.shell:Creating package script '/home/marko/Desktop/Semester_2/Semester-2/install/vision_rpi_bot/share/vision_rpi_bot/package.bash'
[2.634s] INFO:colcon.colcon_core.shell:Creating package script '/home/marko/Desktop/Semester_2/Semester-2/install/vision_rpi_bot/share/vision_rpi_bot/package.zsh'
[2.635s] Level 1:colcon.colcon_core.environment:create_file_with_runtime_dependencies(/home/marko/Desktop/Semester_2/Semester-2/install/vision_rpi_bot/share/colcon-core/packages/vision_rpi_bot)
[2.965s] DEBUG:colcon.colcon_core.event_handler.log_command:Invoked command in '/home/marko/Desktop/Semester_2/Semester-2/build/my_robot_description' returned '0': CMAKE_PREFIX_PATH=/opt/ros/humble /usr/bin/cmake /home/marko/Desktop/Semester_2/Semester-2/src/Ros_Robot_simulation/src/my_robot_description -DCMAKE_INSTALL_PREFIX=/home/marko/Desktop/Semester_2/Semester-2/install/my_robot_description
[2.965s] DEBUG:colcon.colcon_core.event_handler.log_command:Invoking command in '/home/marko/Desktop/Semester_2/Semester-2/build/my_robot_description': CMAKE_PREFIX_PATH=/opt/ros/humble /usr/bin/cmake --build /home/marko/Desktop/Semester_2/Semester-2/build/my_robot_description -- -j3 -l3
[3.004s] DEBUG:colcon.colcon_core.event_handler.log_command:Invoked command in '/home/marko/Desktop/Semester_2/Semester-2/build/my_robot_description' returned '0': CMAKE_PREFIX_PATH=/opt/ros/humble /usr/bin/cmake --build /home/marko/Desktop/Semester_2/Semester-2/build/my_robot_description -- -j3 -l3
[3.055s] DEBUG:colcon.colcon_core.event_handler.log_command:Invoking command in '/home/marko/Desktop/Semester_2/Semester-2/build/my_robot_description': CMAKE_PREFIX_PATH=/opt/ros/humble /usr/bin/cmake --install /home/marko/Desktop/Semester_2/Semester-2/build/my_robot_description
[3.070s] Level 1:colcon.colcon_core.environment:create_environment_scripts_only(my_robot_description)
[3.070s] DEBUG:colcon.colcon_core.event_handler.log_command:Invoked command in '/home/marko/Desktop/Semester_2/Semester-2/build/my_robot_description' returned '0': CMAKE_PREFIX_PATH=/opt/ros/humble /usr/bin/cmake --install /home/marko/Desktop/Semester_2/Semester-2/build/my_robot_description
[3.071s] Level 1:colcon.colcon_core.environment:checking '/home/marko/Desktop/Semester_2/Semester-2/install/my_robot_description' for CMake module files
[3.071s] Level 1:colcon.colcon_core.environment:checking '/home/marko/Desktop/Semester_2/Semester-2/install/my_robot_description' for CMake config files
[3.071s] Level 1:colcon.colcon_core.shell:create_environment_hook('my_robot_description', 'cmake_prefix_path')
[3.072s] INFO:colcon.colcon_core.shell:Creating environment hook '/home/marko/Desktop/Semester_2/Semester-2/install/my_robot_description/share/my_robot_description/hook/cmake_prefix_path.ps1'
[3.072s] INFO:colcon.colcon_core.shell:Creating environment descriptor '/home/marko/Desktop/Semester_2/Semester-2/install/my_robot_description/share/my_robot_description/hook/cmake_prefix_path.dsv'
[3.072s] INFO:colcon.colcon_core.shell:Creating environment hook '/home/marko/Desktop/Semester_2/Semester-2/install/my_robot_description/share/my_robot_description/hook/cmake_prefix_path.sh'
[3.073s] Level 1:colcon.colcon_core.environment:checking '/home/marko/Desktop/Semester_2/Semester-2/install/my_robot_description/bin'
[3.073s] Level 1:colcon.colcon_core.environment:checking '/home/marko/Desktop/Semester_2/Semester-2/install/my_robot_description/lib/pkgconfig/my_robot_description.pc'
[3.073s] Level 1:colcon.colcon_core.environment:checking '/home/marko/Desktop/Semester_2/Semester-2/install/my_robot_description/lib/python3.10/site-packages'
[3.073s] Level 1:colcon.colcon_core.environment:checking '/home/marko/Desktop/Semester_2/Semester-2/install/my_robot_description/bin'
[3.074s] INFO:colcon.colcon_core.shell:Creating package script '/home/marko/Desktop/Semester_2/Semester-2/install/my_robot_description/share/my_robot_description/package.ps1'
[3.074s] INFO:colcon.colcon_core.shell:Creating package descriptor '/home/marko/Desktop/Semester_2/Semester-2/install/my_robot_description/share/my_robot_description/package.dsv'
[3.075s] INFO:colcon.colcon_core.shell:Creating package script '/home/marko/Desktop/Semester_2/Semester-2/install/my_robot_description/share/my_robot_description/package.sh'
[3.075s] INFO:colcon.colcon_core.shell:Creating package script '/home/marko/Desktop/Semester_2/Semester-2/install/my_robot_description/share/my_robot_description/package.bash'
[3.076s] INFO:colcon.colcon_core.shell:Creating package script '/home/marko/Desktop/Semester_2/Semester-2/install/my_robot_description/share/my_robot_description/package.zsh'
[3.076s] Level 1:colcon.colcon_core.environment:create_file_with_runtime_dependencies(/home/marko/Desktop/Semester_2/Semester-2/install/my_robot_description/share/colcon-core/packages/my_robot_description)
[3.124s] Level 1:colcon.colcon_core.environment:create_environment_scripts_only(my_robot_description)
[3.125s] Level 1:colcon.colcon_core.environment:checking '/home/marko/Desktop/Semester_2/Semester-2/install/my_robot_description' for CMake module files
[3.126s] Level 1:colcon.colcon_core.environment:checking '/home/marko/Desktop/Semester_2/Semester-2/install/my_robot_description' for CMake config files
[3.126s] Level 1:colcon.colcon_core.shell:create_environment_hook('my_robot_description', 'cmake_prefix_path')
[3.127s] INFO:colcon.colcon_core.shell:Creating environment hook '/home/marko/Desktop/Semester_2/Semester-2/install/my_robot_description/share/my_robot_description/hook/cmake_prefix_path.ps1'
[3.128s] INFO:colcon.colcon_core.shell:Creating environment descriptor '/home/marko/Desktop/Semester_2/Semester-2/install/my_robot_description/share/my_robot_description/hook/cmake_prefix_path.dsv'
[3.129s] INFO:colcon.colcon_core.shell:Creating environment hook '/home/marko/Desktop/Semester_2/Semester-2/install/my_robot_description/share/my_robot_description/hook/cmake_prefix_path.sh'
[3.131s] Level 1:colcon.colcon_core.environment:checking '/home/marko/Desktop/Semester_2/Semester-2/install/my_robot_description/bin'
[3.131s] Level 1:colcon.colcon_core.environment:checking '/home/marko/Desktop/Semester_2/Semester-2/install/my_robot_description/lib/pkgconfig/my_robot_description.pc'
[3.131s] Level 1:colcon.colcon_core.environment:checking '/home/marko/Desktop/Semester_2/Semester-2/install/my_robot_description/lib/python3.10/site-packages'
[3.132s] Level 1:colcon.colcon_core.environment:checking '/home/marko/Desktop/Semester_2/Semester-2/install/my_robot_description/bin'
[3.132s] INFO:colcon.colcon_core.shell:Creating package script '/home/marko/Desktop/Semester_2/Semester-2/install/my_robot_description/share/my_robot_description/package.ps1'
[3.134s] INFO:colcon.colcon_core.shell:Creating package descriptor '/home/marko/Desktop/Semester_2/Semester-2/install/my_robot_description/share/my_robot_description/package.dsv'
[3.135s] INFO:colcon.colcon_core.shell:Creating package script '/home/marko/Desktop/Semester_2/Semester-2/install/my_robot_description/share/my_robot_description/package.sh'
[3.136s] INFO:colcon.colcon_core.shell:Creating package script '/home/marko/Desktop/Semester_2/Semester-2/install/my_robot_description/share/my_robot_description/package.bash'
[3.137s] INFO:colcon.colcon_core.shell:Creating package script '/home/marko/Desktop/Semester_2/Semester-2/install/my_robot_description/share/my_robot_description/package.zsh'
[3.137s] Level 1:colcon.colcon_core.environment:create_file_with_runtime_dependencies(/home/marko/Desktop/Semester_2/Semester-2/install/my_robot_description/share/colcon-core/packages/my_robot_description)
[3.139s] INFO:colcon.colcon_ros.task.ament_cmake.build:Building ROS package in '/home/marko/Desktop/Semester_2/Semester-2/src/Ros_Robot_simulation/src/my_robot_bringup' with build type 'ament_cmake'
[3.139s] INFO:colcon.colcon_cmake.task.cmake.build:Building CMake package in '/home/marko/Desktop/Semester_2/Semester-2/src/Ros_Robot_simulation/src/my_robot_bringup'
[3.140s] INFO:colcon.colcon_core.shell:Skip shell extension 'powershell' for command environment: Not usable outside of PowerShell
[3.140s] DEBUG:colcon.colcon_core.shell:Skip shell extension 'dsv' for command environment
[3.154s] DEBUG:colcon.colcon_core.event_handler.log_command:Invoking command in '/home/marko/Desktop/Semester_2/Semester-2/build/my_robot_bringup': AMENT_PREFIX_PATH=/home/marko/Desktop/Semester_2/Semester-2/install/my_robot_description:${AMENT_PREFIX_PATH} CMAKE_PREFIX_PATH=/home/marko/Desktop/Semester_2/Semester-2/install/my_robot_description:/opt/ros/humble /usr/bin/cmake /home/marko/Desktop/Semester_2/Semester-2/src/Ros_Robot_simulation/src/my_robot_bringup -DCMAKE_INSTALL_PREFIX=/home/marko/Desktop/Semester_2/Semester-2/install/my_robot_bringup
[3.809s] DEBUG:colcon.colcon_core.event_handler.log_command:Invoked command in '/home/marko/Desktop/Semester_2/Semester-2/build/my_robot_bringup' returned '0': AMENT_PREFIX_PATH=/home/marko/Desktop/Semester_2/Semester-2/install/my_robot_description:${AMENT_PREFIX_PATH} CMAKE_PREFIX_PATH=/home/marko/Desktop/Semester_2/Semester-2/install/my_robot_description:/opt/ros/humble /usr/bin/cmake /home/marko/Desktop/Semester_2/Semester-2/src/Ros_Robot_simulation/src/my_robot_bringup -DCMAKE_INSTALL_PREFIX=/home/marko/Desktop/Semester_2/Semester-2/install/my_robot_bringup
[3.809s] DEBUG:colcon.colcon_core.event_handler.log_command:Invoking command in '/home/marko/Desktop/Semester_2/Semester-2/build/my_robot_bringup': AMENT_PREFIX_PATH=/home/marko/Desktop/Semester_2/Semester-2/install/my_robot_description:${AMENT_PREFIX_PATH} CMAKE_PREFIX_PATH=/home/marko/Desktop/Semester_2/Semester-2/install/my_robot_description:/opt/ros/humble /usr/bin/cmake --build /home/marko/Desktop/Semester_2/Semester-2/build/my_robot_bringup -- -j3 -l3
[3.873s] DEBUG:colcon.colcon_core.event_handler.log_command:Invoked command in '/home/marko/Desktop/Semester_2/Semester-2/build/my_robot_bringup' returned '0': AMENT_PREFIX_PATH=/home/marko/Desktop/Semester_2/Semester-2/install/my_robot_description:${AMENT_PREFIX_PATH} CMAKE_PREFIX_PATH=/home/marko/Desktop/Semester_2/Semester-2/install/my_robot_description:/opt/ros/humble /usr/bin/cmake --build /home/marko/Desktop/Semester_2/Semester-2/build/my_robot_bringup -- -j3 -l3
[3.924s] DEBUG:colcon.colcon_core.event_handler.log_command:Invoking command in '/home/marko/Desktop/Semester_2/Semester-2/build/my_robot_bringup': AMENT_PREFIX_PATH=/home/marko/Desktop/Semester_2/Semester-2/install/my_robot_description:${AMENT_PREFIX_PATH} CMAKE_PREFIX_PATH=/home/marko/Desktop/Semester_2/Semester-2/install/my_robot_description:/opt/ros/humble /usr/bin/cmake --install /home/marko/Desktop/Semester_2/Semester-2/build/my_robot_bringup
[3.939s] Level 1:colcon.colcon_core.environment:create_environment_scripts_only(my_robot_bringup)
[3.940s] Level 1:colcon.colcon_core.environment:checking '/home/marko/Desktop/Semester_2/Semester-2/install/my_robot_bringup' for CMake module files
[3.940s] Level 1:colcon.colcon_core.environment:checking '/home/marko/Desktop/Semester_2/Semester-2/install/my_robot_bringup' for CMake config files
[3.940s] Level 1:colcon.colcon_core.shell:create_environment_hook('my_robot_bringup', 'cmake_prefix_path')
[3.940s] INFO:colcon.colcon_core.shell:Creating environment hook '/home/marko/Desktop/Semester_2/Semester-2/install/my_robot_bringup/share/my_robot_bringup/hook/cmake_prefix_path.ps1'
[3.941s] INFO:colcon.colcon_core.shell:Creating environment descriptor '/home/marko/Desktop/Semester_2/Semester-2/install/my_robot_bringup/share/my_robot_bringup/hook/cmake_prefix_path.dsv'
[3.941s] INFO:colcon.colcon_core.shell:Creating environment hook '/home/marko/Desktop/Semester_2/Semester-2/install/my_robot_bringup/share/my_robot_bringup/hook/cmake_prefix_path.sh'
[3.941s] Level 1:colcon.colcon_core.environment:checking '/home/marko/Desktop/Semester_2/Semester-2/install/my_robot_bringup/bin'
[3.941s] Level 1:colcon.colcon_core.environment:checking '/home/marko/Desktop/Semester_2/Semester-2/install/my_robot_bringup/lib/pkgconfig/my_robot_bringup.pc'
[3.942s] Level 1:colcon.colcon_core.environment:checking '/home/marko/Desktop/Semester_2/Semester-2/install/my_robot_bringup/lib/python3.10/site-packages'
[3.942s] Level 1:colcon.colcon_core.environment:checking '/home/marko/Desktop/Semester_2/Semester-2/install/my_robot_bringup/bin'
[3.942s] INFO:colcon.colcon_core.shell:Creating package script '/home/marko/Desktop/Semester_2/Semester-2/install/my_robot_bringup/share/my_robot_bringup/package.ps1'
[3.942s] INFO:colcon.colcon_core.shell:Creating package descriptor '/home/marko/Desktop/Semester_2/Semester-2/install/my_robot_bringup/share/my_robot_bringup/package.dsv'
[3.943s] INFO:colcon.colcon_core.shell:Creating package script '/home/marko/Desktop/Semester_2/Semester-2/install/my_robot_bringup/share/my_robot_bringup/package.sh'
[3.944s] INFO:colcon.colcon_core.shell:Creating package script '/home/marko/Desktop/Semester_2/Semester-2/install/my_robot_bringup/share/my_robot_bringup/package.bash'
[3.944s] INFO:colcon.colcon_core.shell:Creating package script '/home/marko/Desktop/Semester_2/Semester-2/install/my_robot_bringup/share/my_robot_bringup/package.zsh'
[3.944s] Level 1:colcon.colcon_core.environment:create_file_with_runtime_dependencies(/home/marko/Desktop/Semester_2/Semester-2/install/my_robot_bringup/share/colcon-core/packages/my_robot_bringup)
[3.950s] DEBUG:colcon.colcon_core.event_handler.log_command:Invoked command in '/home/marko/Desktop/Semester_2/Semester-2/build/my_robot_bringup' returned '0': AMENT_PREFIX_PATH=/home/marko/Desktop/Semester_2/Semester-2/install/my_robot_description:${AMENT_PREFIX_PATH} CMAKE_PREFIX_PATH=/home/marko/Desktop/Semester_2/Semester-2/install/my_robot_description:/opt/ros/humble /usr/bin/cmake --install /home/marko/Desktop/Semester_2/Semester-2/build/my_robot_bringup
[3.993s] Level 1:colcon.colcon_core.environment:create_environment_scripts_only(my_robot_bringup)
[3.994s] Level 1:colcon.colcon_core.environment:checking '/home/marko/Desktop/Semester_2/Semester-2/install/my_robot_bringup' for CMake module files
[3.995s] Level 1:colcon.colcon_core.environment:checking '/home/marko/Desktop/Semester_2/Semester-2/install/my_robot_bringup' for CMake config files
[3.995s] Level 1:colcon.colcon_core.shell:create_environment_hook('my_robot_bringup', 'cmake_prefix_path')
[3.996s] INFO:colcon.colcon_core.shell:Creating environment hook '/home/marko/Desktop/Semester_2/Semester-2/install/my_robot_bringup/share/my_robot_bringup/hook/cmake_prefix_path.ps1'
[3.997s] INFO:colcon.colcon_core.shell:Creating environment descriptor '/home/marko/Desktop/Semester_2/Semester-2/install/my_robot_bringup/share/my_robot_bringup/hook/cmake_prefix_path.dsv'
[3.997s] INFO:colcon.colcon_core.shell:Creating environment hook '/home/marko/Desktop/Semester_2/Semester-2/install/my_robot_bringup/share/my_robot_bringup/hook/cmake_prefix_path.sh'
[3.998s] Level 1:colcon.colcon_core.environment:checking '/home/marko/Desktop/Semester_2/Semester-2/install/my_robot_bringup/bin'
[3.998s] Level 1:colcon.colcon_core.environment:checking '/home/marko/Desktop/Semester_2/Semester-2/install/my_robot_bringup/lib/pkgconfig/my_robot_bringup.pc'
[3.999s] Level 1:colcon.colcon_core.environment:checking '/home/marko/Desktop/Semester_2/Semester-2/install/my_robot_bringup/lib/python3.10/site-packages'
[3.999s] Level 1:colcon.colcon_core.environment:checking '/home/marko/Desktop/Semester_2/Semester-2/install/my_robot_bringup/bin'
[3.999s] INFO:colcon.colcon_core.shell:Creating package script '/home/marko/Desktop/Semester_2/Semester-2/install/my_robot_bringup/share/my_robot_bringup/package.ps1'
[4.002s] INFO:colcon.colcon_core.shell:Creating package descriptor '/home/marko/Desktop/Semester_2/Semester-2/install/my_robot_bringup/share/my_robot_bringup/package.dsv'
[4.003s] INFO:colcon.colcon_core.shell:Creating package script '/home/marko/Desktop/Semester_2/Semester-2/install/my_robot_bringup/share/my_robot_bringup/package.sh'
[4.004s] INFO:colcon.colcon_core.shell:Creating package script '/home/marko/Desktop/Semester_2/Semester-2/install/my_robot_bringup/share/my_robot_bringup/package.bash'
[4.005s] INFO:colcon.colcon_core.shell:Creating package script '/home/marko/Desktop/Semester_2/Semester-2/install/my_robot_bringup/share/my_robot_bringup/package.zsh'
[4.006s] Level 1:colcon.colcon_core.environment:create_file_with_runtime_dependencies(/home/marko/Desktop/Semester_2/Semester-2/install/my_robot_bringup/share/colcon-core/packages/my_robot_bringup)
[4.006s] DEBUG:colcon.colcon_parallel_executor.executor.parallel:closing loop
[4.006s] DEBUG:colcon.colcon_parallel_executor.executor.parallel:loop closed
[4.006s] DEBUG:colcon.colcon_parallel_executor.executor.parallel:run_until_complete finished with '0'
[4.006s] DEBUG:colcon.colcon_core.event_reactor:joining thread
[4.032s] INFO:colcon.colcon_core.plugin_system:Skipping extension 'colcon_notification.desktop_notification.terminal_notifier': Not used on non-Darwin systems
[4.032s] INFO:colcon.colcon_core.plugin_system:Skipping extension 'colcon_notification.desktop_notification.win32': Not used on non-Windows systems
[4.032s] INFO:colcon.colcon_notification.desktop_notification:Sending desktop notification using 'notify2'
[4.256s] DEBUG:colcon.colcon_core.event_reactor:joined thread
[4.258s] INFO:colcon.colcon_core.shell:Creating prefix script '/home/marko/Desktop/Semester_2/Semester-2/install/local_setup.ps1'
[4.260s] INFO:colcon.colcon_core.shell:Creating prefix util module '/home/marko/Desktop/Semester_2/Semester-2/install/_local_setup_util_ps1.py'
[4.267s] INFO:colcon.colcon_core.shell:Creating prefix chain script '/home/marko/Desktop/Semester_2/Semester-2/install/setup.ps1'
[4.271s] INFO:colcon.colcon_core.shell:Creating prefix script '/home/marko/Desktop/Semester_2/Semester-2/install/local_setup.sh'
[4.275s] INFO:colcon.colcon_core.shell:Creating prefix util module '/home/marko/Desktop/Semester_2/Semester-2/install/_local_setup_util_sh.py'
[4.277s] INFO:colcon.colcon_core.shell:Creating prefix chain script '/home/marko/Desktop/Semester_2/Semester-2/install/setup.sh'
[4.282s] INFO:colcon.colcon_core.shell:Creating prefix script '/home/marko/Desktop/Semester_2/Semester-2/install/local_setup.bash'
[4.284s] INFO:colcon.colcon_core.shell:Creating prefix chain script '/home/marko/Desktop/Semester_2/Semester-2/install/setup.bash'
[4.285s] INFO:colcon.colcon_core.shell:Creating prefix script '/home/marko/Desktop/Semester_2/Semester-2/install/local_setup.zsh'
[4.286s] INFO:colcon.colcon_core.shell:Creating prefix chain script '/home/marko/Desktop/Semester_2/Semester-2/install/setup.zsh'
