[0.024s] Invoking command in '/home/marko/Desktop/Semester_2/build/my_robot_description': CMAKE_PREFIX_PATH=${CMAKE_PREFIX_PATH}:/home/marko/Desktop/Semester_2/install/vision_rpi_bot:/opt/ros/humble /usr/bin/cmake /home/marko/Desktop/Semester_2/src/my_robot_description -DCMAKE_INSTALL_PREFIX=/home/marko/Desktop/Semester_2/install/my_robot_description
[0.054s] -- Found ament_cmake: 1.3.10 (/opt/ros/humble/share/ament_cmake/cmake)
[0.179s] -- Override CMake install command with custom implementation using symlinks instead of copying resources
[0.273s] -- Configuring done
[0.276s] -- Generating done
[0.279s] -- Build files have been written to: /home/marko/Desktop/Semester_2/build/my_robot_description
[0.308s] Invoked command in '/home/marko/Desktop/Semester_2/build/my_robot_description' returned '0': CMAKE_PREFIX_PATH=${CMAKE_PREFIX_PATH}:/home/marko/Desktop/Semester_2/install/vision_rpi_bot:/opt/ros/humble /usr/bin/cmake /home/marko/Desktop/Semester_2/src/my_robot_description -DCMAKE_INSTALL_PREFIX=/home/marko/Desktop/Semester_2/install/my_robot_description
[0.312s] Invoking command in '/home/marko/Desktop/Semester_2/build/my_robot_description': CMAKE_PREFIX_PATH=${CMAKE_PREFIX_PATH}:/home/marko/Desktop/Semester_2/install/vision_rpi_bot:/opt/ros/humble /usr/bin/cmake --build /home/marko/Desktop/Semester_2/build/my_robot_description -- -j3 -l3
[0.371s] Invoked command in '/home/marko/Desktop/Semester_2/build/my_robot_description' returned '0': CMAKE_PREFIX_PATH=${CMAKE_PREFIX_PATH}:/home/marko/Desktop/Semester_2/install/vision_rpi_bot:/opt/ros/humble /usr/bin/cmake --build /home/marko/Desktop/Semester_2/build/my_robot_description -- -j3 -l3
[0.380s] Invoking command in '/home/marko/Desktop/Semester_2/build/my_robot_description': CMAKE_PREFIX_PATH=${CMAKE_PREFIX_PATH}:/home/marko/Desktop/Semester_2/install/vision_rpi_bot:/opt/ros/humble /usr/bin/cmake --install /home/marko/Desktop/Semester_2/build/my_robot_description
[0.391s] -- Install configuration: ""
[0.391s] -- Execute custom install script
[0.391s] -- Up-to-date symlink: /home/marko/Desktop/Semester_2/install/my_robot_description/share/my_robot_description//urdf/camera.xacro
[0.391s] -- Up-to-date symlink: /home/marko/Desktop/Semester_2/install/my_robot_description/share/my_robot_description//urdf/common_properties.xacro
[0.391s] -- Up-to-date symlink: /home/marko/Desktop/Semester_2/install/my_robot_description/share/my_robot_description//urdf/lidar.xacro
[0.391s] -- Up-to-date symlink: /home/marko/Desktop/Semester_2/install/my_robot_description/share/my_robot_description//urdf/mobile_base.xacro
[0.391s] -- Up-to-date symlink: /home/marko/Desktop/Semester_2/install/my_robot_description/share/my_robot_description//urdf/mobile_base_gazebo.xacro
[0.391s] -- Up-to-date symlink: /home/marko/Desktop/Semester_2/install/my_robot_description/share/my_robot_description//urdf/my_robot.urdf.xacro
[0.391s] -- Up-to-date symlink: /home/marko/Desktop/Semester_2/install/my_robot_description/share/my_robot_description//launch/display.launch.py
[0.391s] -- Up-to-date symlink: /home/marko/Desktop/Semester_2/install/my_robot_description/share/my_robot_description//launch/display.launch.xml
[0.391s] -- Up-to-date symlink: /home/marko/Desktop/Semester_2/install/my_robot_description/share/my_robot_description//rviz/urdf_config.rviz
[0.391s] -- Up-to-date symlink: /home/marko/Desktop/Semester_2/install/my_robot_description/share/ament_index/resource_index/package_run_dependencies/my_robot_description
[0.391s] -- Up-to-date symlink: /home/marko/Desktop/Semester_2/install/my_robot_description/share/ament_index/resource_index/parent_prefix_path/my_robot_description
[0.391s] -- Up-to-date symlink: /home/marko/Desktop/Semester_2/install/my_robot_description/share/my_robot_description/environment/ament_prefix_path.sh
[0.391s] -- Up-to-date symlink: /home/marko/Desktop/Semester_2/install/my_robot_description/share/my_robot_description/environment/ament_prefix_path.dsv
[0.391s] -- Up-to-date symlink: /home/marko/Desktop/Semester_2/install/my_robot_description/share/my_robot_description/environment/path.sh
[0.391s] -- Up-to-date symlink: /home/marko/Desktop/Semester_2/install/my_robot_description/share/my_robot_description/environment/path.dsv
[0.391s] -- Up-to-date symlink: /home/marko/Desktop/Semester_2/install/my_robot_description/share/my_robot_description/local_setup.bash
[0.392s] -- Up-to-date symlink: /home/marko/Desktop/Semester_2/install/my_robot_description/share/my_robot_description/local_setup.sh
[0.392s] -- Up-to-date symlink: /home/marko/Desktop/Semester_2/install/my_robot_description/share/my_robot_description/local_setup.zsh
[0.392s] -- Up-to-date symlink: /home/marko/Desktop/Semester_2/install/my_robot_description/share/my_robot_description/local_setup.dsv
[0.392s] -- Symlinking: /home/marko/Desktop/Semester_2/install/my_robot_description/share/my_robot_description/package.dsv
[0.399s] -- Up-to-date symlink: /home/marko/Desktop/Semester_2/install/my_robot_description/share/ament_index/resource_index/packages/my_robot_description
[0.399s] -- Up-to-date symlink: /home/marko/Desktop/Semester_2/install/my_robot_description/share/my_robot_description/cmake/my_robot_descriptionConfig.cmake
[0.399s] -- Up-to-date symlink: /home/marko/Desktop/Semester_2/install/my_robot_description/share/my_robot_description/cmake/my_robot_descriptionConfig-version.cmake
[0.400s] -- Up-to-date symlink: /home/marko/Desktop/Semester_2/install/my_robot_description/share/my_robot_description/package.xml
[0.420s] Invoked command in '/home/marko/Desktop/Semester_2/build/my_robot_description' returned '0': CMAKE_PREFIX_PATH=${CMAKE_PREFIX_PATH}:/home/marko/Desktop/Semester_2/install/vision_rpi_bot:/opt/ros/humble /usr/bin/cmake --install /home/marko/Desktop/Semester_2/build/my_robot_description
