[0.036s] Invoking command in '/home/marko/Desktop/Semester_2/Semester-2/build/my_robot_description': CMAKE_PREFIX_PATH=/opt/ros/humble /usr/bin/cmake /home/marko/Desktop/Semester_2/Semester-2/src/Ros_Robot_simulation/src/my_robot_description -DCMAKE_INSTALL_PREFIX=/home/marko/Desktop/Semester_2/Semester-2/install/my_robot_description
[0.447s] -- The C compiler identification is GNU 11.4.0
[0.694s] -- The CXX compiler identification is GNU 11.4.0
[0.726s] -- Detecting C compiler ABI info
[0.893s] -- Detecting C compiler ABI info - done
[0.898s] -- Check for working C compiler: /usr/bin/cc - skipped
[0.900s] -- Detecting C compile features
[0.903s] -- Detecting C compile features - done
[0.917s] -- Detecting CXX compiler ABI info
[1.131s] -- Detecting CXX compiler ABI info - done
[1.131s] -- Check for working CXX compiler: /usr/bin/c++ - skipped
[1.132s] -- Detecting CXX compile features
[1.132s] -- Detecting CXX compile features - done
[1.132s] -- Found ament_cmake: 1.3.10 (/opt/ros/humble/share/ament_cmake/cmake)
[1.322s] -- Found Python3: /usr/bin/python3 (found version "3.10.12") found components: Interpreter 
[1.565s] -- Configuring done
[1.565s] -- Generating done
[1.565s] -- Build files have been written to: /home/marko/Desktop/Semester_2/Semester-2/build/my_robot_description
[1.579s] Invoked command in '/home/marko/Desktop/Semester_2/Semester-2/build/my_robot_description' returned '0': CMAKE_PREFIX_PATH=/opt/ros/humble /usr/bin/cmake /home/marko/Desktop/Semester_2/Semester-2/src/Ros_Robot_simulation/src/my_robot_description -DCMAKE_INSTALL_PREFIX=/home/marko/Desktop/Semester_2/Semester-2/install/my_robot_description
[1.580s] Invoking command in '/home/marko/Desktop/Semester_2/Semester-2/build/my_robot_description': CMAKE_PREFIX_PATH=/opt/ros/humble /usr/bin/cmake --build /home/marko/Desktop/Semester_2/Semester-2/build/my_robot_description -- -j3 -l3
[1.619s] Invoked command in '/home/marko/Desktop/Semester_2/Semester-2/build/my_robot_description' returned '0': CMAKE_PREFIX_PATH=/opt/ros/humble /usr/bin/cmake --build /home/marko/Desktop/Semester_2/Semester-2/build/my_robot_description -- -j3 -l3
[1.669s] Invoking command in '/home/marko/Desktop/Semester_2/Semester-2/build/my_robot_description': CMAKE_PREFIX_PATH=/opt/ros/humble /usr/bin/cmake --install /home/marko/Desktop/Semester_2/Semester-2/build/my_robot_description
[1.680s] -- Install configuration: ""
[1.680s] -- Installing: /home/marko/Desktop/Semester_2/Semester-2/install/my_robot_description/share/my_robot_description//urdf
[1.680s] -- Installing: /home/marko/Desktop/Semester_2/Semester-2/install/my_robot_description/share/my_robot_description//urdf/my_robot.urdf.xacro
[1.680s] -- Installing: /home/marko/Desktop/Semester_2/Semester-2/install/my_robot_description/share/my_robot_description//urdf/mobile_base_gazebo.xacro
[1.680s] -- Installing: /home/marko/Desktop/Semester_2/Semester-2/install/my_robot_description/share/my_robot_description//urdf/camera.xacro
[1.680s] -- Installing: /home/marko/Desktop/Semester_2/Semester-2/install/my_robot_description/share/my_robot_description//urdf/mobile_base.xacro
[1.680s] -- Installing: /home/marko/Desktop/Semester_2/Semester-2/install/my_robot_description/share/my_robot_description//urdf/common_properties.xacro
[1.680s] -- Installing: /home/marko/Desktop/Semester_2/Semester-2/install/my_robot_description/share/my_robot_description//launch
[1.680s] -- Installing: /home/marko/Desktop/Semester_2/Semester-2/install/my_robot_description/share/my_robot_description//launch/display.launch.xml
[1.680s] -- Installing: /home/marko/Desktop/Semester_2/Semester-2/install/my_robot_description/share/my_robot_description//launch/display.launch.py
[1.680s] -- Installing: /home/marko/Desktop/Semester_2/Semester-2/install/my_robot_description/share/my_robot_description//rviz
[1.680s] -- Installing: /home/marko/Desktop/Semester_2/Semester-2/install/my_robot_description/share/my_robot_description//rviz/urdf_config.rviz
[1.680s] -- Installing: /home/marko/Desktop/Semester_2/Semester-2/install/my_robot_description/share/ament_index/resource_index/package_run_dependencies/my_robot_description
[1.681s] -- Installing: /home/marko/Desktop/Semester_2/Semester-2/install/my_robot_description/share/ament_index/resource_index/parent_prefix_path/my_robot_description
[1.681s] -- Installing: /home/marko/Desktop/Semester_2/Semester-2/install/my_robot_description/share/my_robot_description/environment/ament_prefix_path.sh
[1.681s] -- Installing: /home/marko/Desktop/Semester_2/Semester-2/install/my_robot_description/share/my_robot_description/environment/ament_prefix_path.dsv
[1.681s] -- Installing: /home/marko/Desktop/Semester_2/Semester-2/install/my_robot_description/share/my_robot_description/environment/path.sh
[1.681s] -- Installing: /home/marko/Desktop/Semester_2/Semester-2/install/my_robot_description/share/my_robot_description/environment/path.dsv
[1.681s] -- Installing: /home/marko/Desktop/Semester_2/Semester-2/install/my_robot_description/share/my_robot_description/local_setup.bash
[1.681s] -- Installing: /home/marko/Desktop/Semester_2/Semester-2/install/my_robot_description/share/my_robot_description/local_setup.sh
[1.681s] -- Installing: /home/marko/Desktop/Semester_2/Semester-2/install/my_robot_description/share/my_robot_description/local_setup.zsh
[1.682s] -- Installing: /home/marko/Desktop/Semester_2/Semester-2/install/my_robot_description/share/my_robot_description/local_setup.dsv
[1.682s] -- Installing: /home/marko/Desktop/Semester_2/Semester-2/install/my_robot_description/share/my_robot_description/package.dsv
[1.682s] -- Installing: /home/marko/Desktop/Semester_2/Semester-2/install/my_robot_description/share/ament_index/resource_index/packages/my_robot_description
[1.682s] -- Installing: /home/marko/Desktop/Semester_2/Semester-2/install/my_robot_description/share/my_robot_description/cmake/my_robot_descriptionConfig.cmake
[1.683s] -- Installing: /home/marko/Desktop/Semester_2/Semester-2/install/my_robot_description/share/my_robot_description/cmake/my_robot_descriptionConfig-version.cmake
[1.683s] -- Installing: /home/marko/Desktop/Semester_2/Semester-2/install/my_robot_description/share/my_robot_description/package.xml
[1.685s] Invoked command in '/home/marko/Desktop/Semester_2/Semester-2/build/my_robot_description' returned '0': CMAKE_PREFIX_PATH=/opt/ros/humble /usr/bin/cmake --install /home/marko/Desktop/Semester_2/Semester-2/build/my_robot_description
