[0.976s] DEBUG:colcon:Command line arguments: ['/usr/bin/colcon', 'build']
[0.976s] DEBUG:colcon:Parsed command line arguments: Namespace(log_base=None, log_level=None, verb_name='build', build_base='build', install_base='install', merge_install=False, symlink_install=False, test_result_base=None, continue_on_error=False, executor='parallel', parallel_workers=3, event_handlers=None, ignore_user_meta=False, metas=['./colcon.meta'], base_paths=['.'], packages_ignore=None, packages_ignore_regex=None, paths=None, packages_up_to=None, packages_up_to_regex=None, packages_above=None, packages_above_and_dependencies=None, packages_above_depth=None, packages_select_by_dep=None, packages_skip_by_dep=None, packages_skip_up_to=None, packages_select_build_failed=False, packages_skip_build_finished=False, packages_select_test_failures=False, packages_skip_test_passed=False, packages_select=None, packages_skip=None, packages_select_regex=None, packages_skip_regex=None, packages_start=None, packages_end=None, allow_overriding=[], cmake_args=None, cmake_target=None, cmake_target_skip_unavailable=False, cmake_clean_cache=False, cmake_clean_first=False, cmake_force_configure=False, ament_cmake_args=None, catkin_cmake_args=None, catkin_skip_building_tests=False, mixin_files=None, mixin=None, verb_parser=<colcon_mixin.mixin.mixin_argument.MixinArgumentDecorator object at 0x7cdda734a4a0>, verb_extension=<colcon_core.verb.build.BuildVerb object at 0x7cdda7349ff0>, main=<bound method BuildVerb.main of <colcon_core.verb.build.BuildVerb object at 0x7cdda7349ff0>>, mixin_verb=('build',))
[1.632s] Level 1:colcon.colcon_core.package_discovery:discover_packages(colcon_meta) check parameters
[1.632s] Level 1:colcon.colcon_core.package_discovery:discover_packages(recursive) check parameters
[1.632s] Level 1:colcon.colcon_core.package_discovery:discover_packages(ignore) check parameters
[1.632s] Level 1:colcon.colcon_core.package_discovery:discover_packages(path) check parameters
[1.632s] Level 1:colcon.colcon_core.package_discovery:discover_packages(colcon_meta) discover
[1.632s] Level 1:colcon.colcon_core.package_discovery:discover_packages(recursive) discover
[1.632s] INFO:colcon.colcon_core.package_discovery:Crawling recursively for packages in '/home/marko/Desktop/Semester_2/Semester-2'
[1.632s] Level 1:colcon.colcon_core.package_identification:_identify(.) by extensions ['ignore', 'ignore_ament_install']
[1.632s] Level 1:colcon.colcon_core.package_identification:_identify(.) by extension 'ignore'
[1.632s] Level 1:colcon.colcon_core.package_identification:_identify(.) by extension 'ignore_ament_install'
[1.632s] Level 1:colcon.colcon_core.package_identification:_identify(.) by extensions ['colcon_pkg']
[1.632s] Level 1:colcon.colcon_core.package_identification:_identify(.) by extension 'colcon_pkg'
[1.632s] Level 1:colcon.colcon_core.package_identification:_identify(.) by extensions ['colcon_meta']
[1.632s] Level 1:colcon.colcon_core.package_identification:_identify(.) by extension 'colcon_meta'
[1.632s] Level 1:colcon.colcon_core.package_identification:_identify(.) by extensions ['ros']
[1.632s] Level 1:colcon.colcon_core.package_identification:_identify(.) by extension 'ros'
[1.649s] Level 1:colcon.colcon_core.package_identification:_identify(.) by extensions ['cmake', 'python']
[1.649s] Level 1:colcon.colcon_core.package_identification:_identify(.) by extension 'cmake'
[1.649s] Level 1:colcon.colcon_core.package_identification:_identify(.) by extension 'python'
[1.649s] Level 1:colcon.colcon_core.package_identification:_identify(.) by extensions ['python_setup_py']
[1.649s] Level 1:colcon.colcon_core.package_identification:_identify(.) by extension 'python_setup_py'
[1.649s] Level 1:colcon.colcon_core.package_identification:_identify(build) by extensions ['ignore', 'ignore_ament_install']
[1.649s] Level 1:colcon.colcon_core.package_identification:_identify(build) by extension 'ignore'
[1.650s] Level 1:colcon.colcon_core.package_identification:_identify(build) ignored
[1.650s] Level 1:colcon.colcon_core.package_identification:_identify(install) by extensions ['ignore', 'ignore_ament_install']
[1.650s] Level 1:colcon.colcon_core.package_identification:_identify(install) by extension 'ignore'
[1.650s] Level 1:colcon.colcon_core.package_identification:_identify(install) ignored
[1.650s] Level 1:colcon.colcon_core.package_identification:_identify(log) by extensions ['ignore', 'ignore_ament_install']
[1.650s] Level 1:colcon.colcon_core.package_identification:_identify(log) by extension 'ignore'
[1.650s] Level 1:colcon.colcon_core.package_identification:_identify(log) ignored
[1.651s] Level 1:colcon.colcon_core.package_identification:_identify(src) by extensions ['ignore', 'ignore_ament_install']
[1.651s] Level 1:colcon.colcon_core.package_identification:_identify(src) by extension 'ignore'
[1.651s] Level 1:colcon.colcon_core.package_identification:_identify(src) by extension 'ignore_ament_install'
[1.651s] Level 1:colcon.colcon_core.package_identification:_identify(src) by extensions ['colcon_pkg']
[1.651s] Level 1:colcon.colcon_core.package_identification:_identify(src) by extension 'colcon_pkg'
[1.651s] Level 1:colcon.colcon_core.package_identification:_identify(src) by extensions ['colcon_meta']
[1.651s] Level 1:colcon.colcon_core.package_identification:_identify(src) by extension 'colcon_meta'
[1.652s] Level 1:colcon.colcon_core.package_identification:_identify(src) by extensions ['ros']
[1.652s] Level 1:colcon.colcon_core.package_identification:_identify(src) by extension 'ros'
[1.652s] Level 1:colcon.colcon_core.package_identification:_identify(src) by extensions ['cmake', 'python']
[1.652s] Level 1:colcon.colcon_core.package_identification:_identify(src) by extension 'cmake'
[1.652s] Level 1:colcon.colcon_core.package_identification:_identify(src) by extension 'python'
[1.652s] Level 1:colcon.colcon_core.package_identification:_identify(src) by extensions ['python_setup_py']
[1.652s] Level 1:colcon.colcon_core.package_identification:_identify(src) by extension 'python_setup_py'
[1.653s] Level 1:colcon.colcon_core.package_identification:_identify(src/ROS_ROBOT_RPI) by extensions ['ignore', 'ignore_ament_install']
[1.653s] Level 1:colcon.colcon_core.package_identification:_identify(src/ROS_ROBOT_RPI) by extension 'ignore'
[1.653s] Level 1:colcon.colcon_core.package_identification:_identify(src/ROS_ROBOT_RPI) by extension 'ignore_ament_install'
[1.653s] Level 1:colcon.colcon_core.package_identification:_identify(src/ROS_ROBOT_RPI) by extensions ['colcon_pkg']
[1.653s] Level 1:colcon.colcon_core.package_identification:_identify(src/ROS_ROBOT_RPI) by extension 'colcon_pkg'
[1.653s] Level 1:colcon.colcon_core.package_identification:_identify(src/ROS_ROBOT_RPI) by extensions ['colcon_meta']
[1.653s] Level 1:colcon.colcon_core.package_identification:_identify(src/ROS_ROBOT_RPI) by extension 'colcon_meta'
[1.653s] Level 1:colcon.colcon_core.package_identification:_identify(src/ROS_ROBOT_RPI) by extensions ['ros']
[1.653s] Level 1:colcon.colcon_core.package_identification:_identify(src/ROS_ROBOT_RPI) by extension 'ros'
[1.654s] Level 1:colcon.colcon_core.package_identification:_identify(src/ROS_ROBOT_RPI) by extensions ['cmake', 'python']
[1.654s] Level 1:colcon.colcon_core.package_identification:_identify(src/ROS_ROBOT_RPI) by extension 'cmake'
[1.654s] Level 1:colcon.colcon_core.package_identification:_identify(src/ROS_ROBOT_RPI) by extension 'python'
[1.654s] Level 1:colcon.colcon_core.package_identification:_identify(src/ROS_ROBOT_RPI) by extensions ['python_setup_py']
[1.654s] Level 1:colcon.colcon_core.package_identification:_identify(src/ROS_ROBOT_RPI) by extension 'python_setup_py'
[1.657s] Level 1:colcon.colcon_core.package_identification:_identify(src/ROS_ROBOT_RPI/vision_rpi_bot) by extensions ['ignore', 'ignore_ament_install']
[1.657s] Level 1:colcon.colcon_core.package_identification:_identify(src/ROS_ROBOT_RPI/vision_rpi_bot) by extension 'ignore'
[1.657s] Level 1:colcon.colcon_core.package_identification:_identify(src/ROS_ROBOT_RPI/vision_rpi_bot) by extension 'ignore_ament_install'
[1.657s] Level 1:colcon.colcon_core.package_identification:_identify(src/ROS_ROBOT_RPI/vision_rpi_bot) by extensions ['colcon_pkg']
[1.657s] Level 1:colcon.colcon_core.package_identification:_identify(src/ROS_ROBOT_RPI/vision_rpi_bot) by extension 'colcon_pkg'
[1.657s] Level 1:colcon.colcon_core.package_identification:_identify(src/ROS_ROBOT_RPI/vision_rpi_bot) by extensions ['colcon_meta']
[1.657s] Level 1:colcon.colcon_core.package_identification:_identify(src/ROS_ROBOT_RPI/vision_rpi_bot) by extension 'colcon_meta'
[1.657s] Level 1:colcon.colcon_core.package_identification:_identify(src/ROS_ROBOT_RPI/vision_rpi_bot) by extensions ['ros']
[1.657s] Level 1:colcon.colcon_core.package_identification:_identify(src/ROS_ROBOT_RPI/vision_rpi_bot) by extension 'ros'
[1.665s] DEBUG:colcon.colcon_core.package_identification:Package 'src/ROS_ROBOT_RPI/vision_rpi_bot' with type 'ros.ament_python' and name 'vision_rpi_bot'
[1.666s] Level 1:colcon.colcon_core.package_identification:_identify(src/Ros_Robot_simulation) by extensions ['ignore', 'ignore_ament_install']
[1.666s] Level 1:colcon.colcon_core.package_identification:_identify(src/Ros_Robot_simulation) by extension 'ignore'
[1.666s] Level 1:colcon.colcon_core.package_identification:_identify(src/Ros_Robot_simulation) by extension 'ignore_ament_install'
[1.666s] Level 1:colcon.colcon_core.package_identification:_identify(src/Ros_Robot_simulation) by extensions ['colcon_pkg']
[1.666s] Level 1:colcon.colcon_core.package_identification:_identify(src/Ros_Robot_simulation) by extension 'colcon_pkg'
[1.666s] Level 1:colcon.colcon_core.package_identification:_identify(src/Ros_Robot_simulation) by extensions ['colcon_meta']
[1.666s] Level 1:colcon.colcon_core.package_identification:_identify(src/Ros_Robot_simulation) by extension 'colcon_meta'
[1.666s] Level 1:colcon.colcon_core.package_identification:_identify(src/Ros_Robot_simulation) by extensions ['ros']
[1.666s] Level 1:colcon.colcon_core.package_identification:_identify(src/Ros_Robot_simulation) by extension 'ros'
[1.666s] Level 1:colcon.colcon_core.package_identification:_identify(src/Ros_Robot_simulation) by extensions ['cmake', 'python']
[1.666s] Level 1:colcon.colcon_core.package_identification:_identify(src/Ros_Robot_simulation) by extension 'cmake'
[1.666s] Level 1:colcon.colcon_core.package_identification:_identify(src/Ros_Robot_simulation) by extension 'python'
[1.666s] Level 1:colcon.colcon_core.package_identification:_identify(src/Ros_Robot_simulation) by extensions ['python_setup_py']
[1.666s] Level 1:colcon.colcon_core.package_identification:_identify(src/Ros_Robot_simulation) by extension 'python_setup_py'
[1.668s] Level 1:colcon.colcon_core.package_identification:_identify(src/Ros_Robot_simulation/src) by extensions ['ignore', 'ignore_ament_install']
[1.668s] Level 1:colcon.colcon_core.package_identification:_identify(src/Ros_Robot_simulation/src) by extension 'ignore'
[1.668s] Level 1:colcon.colcon_core.package_identification:_identify(src/Ros_Robot_simulation/src) by extension 'ignore_ament_install'
[1.668s] Level 1:colcon.colcon_core.package_identification:_identify(src/Ros_Robot_simulation/src) by extensions ['colcon_pkg']
[1.668s] Level 1:colcon.colcon_core.package_identification:_identify(src/Ros_Robot_simulation/src) by extension 'colcon_pkg'
[1.668s] Level 1:colcon.colcon_core.package_identification:_identify(src/Ros_Robot_simulation/src) by extensions ['colcon_meta']
[1.668s] Level 1:colcon.colcon_core.package_identification:_identify(src/Ros_Robot_simulation/src) by extension 'colcon_meta'
[1.668s] Level 1:colcon.colcon_core.package_identification:_identify(src/Ros_Robot_simulation/src) by extensions ['ros']
[1.668s] Level 1:colcon.colcon_core.package_identification:_identify(src/Ros_Robot_simulation/src) by extension 'ros'
[1.668s] Level 1:colcon.colcon_core.package_identification:_identify(src/Ros_Robot_simulation/src) by extensions ['cmake', 'python']
[1.668s] Level 1:colcon.colcon_core.package_identification:_identify(src/Ros_Robot_simulation/src) by extension 'cmake'
[1.668s] Level 1:colcon.colcon_core.package_identification:_identify(src/Ros_Robot_simulation/src) by extension 'python'
[1.668s] Level 1:colcon.colcon_core.package_identification:_identify(src/Ros_Robot_simulation/src) by extensions ['python_setup_py']
[1.668s] Level 1:colcon.colcon_core.package_identification:_identify(src/Ros_Robot_simulation/src) by extension 'python_setup_py'
[1.669s] Level 1:colcon.colcon_core.package_identification:_identify(src/Ros_Robot_simulation/src/my_robot_bringup) by extensions ['ignore', 'ignore_ament_install']
[1.670s] Level 1:colcon.colcon_core.package_identification:_identify(src/Ros_Robot_simulation/src/my_robot_bringup) by extension 'ignore'
[1.670s] Level 1:colcon.colcon_core.package_identification:_identify(src/Ros_Robot_simulation/src/my_robot_bringup) by extension 'ignore_ament_install'
[1.670s] Level 1:colcon.colcon_core.package_identification:_identify(src/Ros_Robot_simulation/src/my_robot_bringup) by extensions ['colcon_pkg']
[1.670s] Level 1:colcon.colcon_core.package_identification:_identify(src/Ros_Robot_simulation/src/my_robot_bringup) by extension 'colcon_pkg'
[1.670s] Level 1:colcon.colcon_core.package_identification:_identify(src/Ros_Robot_simulation/src/my_robot_bringup) by extensions ['colcon_meta']
[1.670s] Level 1:colcon.colcon_core.package_identification:_identify(src/Ros_Robot_simulation/src/my_robot_bringup) by extension 'colcon_meta'
[1.670s] Level 1:colcon.colcon_core.package_identification:_identify(src/Ros_Robot_simulation/src/my_robot_bringup) by extensions ['ros']
[1.670s] Level 1:colcon.colcon_core.package_identification:_identify(src/Ros_Robot_simulation/src/my_robot_bringup) by extension 'ros'
[1.671s] DEBUG:colcon.colcon_core.package_identification:Package 'src/Ros_Robot_simulation/src/my_robot_bringup' with type 'ros.ament_cmake' and name 'my_robot_bringup'
[1.672s] Level 1:colcon.colcon_core.package_identification:_identify(src/Ros_Robot_simulation/src/my_robot_description) by extensions ['ignore', 'ignore_ament_install']
[1.672s] Level 1:colcon.colcon_core.package_identification:_identify(src/Ros_Robot_simulation/src/my_robot_description) by extension 'ignore'
[1.672s] Level 1:colcon.colcon_core.package_identification:_identify(src/Ros_Robot_simulation/src/my_robot_description) by extension 'ignore_ament_install'
[1.672s] Level 1:colcon.colcon_core.package_identification:_identify(src/Ros_Robot_simulation/src/my_robot_description) by extensions ['colcon_pkg']
[1.672s] Level 1:colcon.colcon_core.package_identification:_identify(src/Ros_Robot_simulation/src/my_robot_description) by extension 'colcon_pkg'
[1.672s] Level 1:colcon.colcon_core.package_identification:_identify(src/Ros_Robot_simulation/src/my_robot_description) by extensions ['colcon_meta']
[1.672s] Level 1:colcon.colcon_core.package_identification:_identify(src/Ros_Robot_simulation/src/my_robot_description) by extension 'colcon_meta'
[1.673s] Level 1:colcon.colcon_core.package_identification:_identify(src/Ros_Robot_simulation/src/my_robot_description) by extensions ['ros']
[1.673s] Level 1:colcon.colcon_core.package_identification:_identify(src/Ros_Robot_simulation/src/my_robot_description) by extension 'ros'
[1.674s] DEBUG:colcon.colcon_core.package_identification:Package 'src/Ros_Robot_simulation/src/my_robot_description' with type 'ros.ament_cmake' and name 'my_robot_description'
[1.674s] Level 1:colcon.colcon_core.package_discovery:discover_packages(recursive) using defaults
[1.674s] Level 1:colcon.colcon_core.package_discovery:discover_packages(ignore) discover
[1.674s] Level 1:colcon.colcon_core.package_discovery:discover_packages(ignore) using defaults
[1.674s] Level 1:colcon.colcon_core.package_discovery:discover_packages(path) discover
[1.674s] Level 1:colcon.colcon_core.package_discovery:discover_packages(path) using defaults
[1.748s] Level 1:colcon.colcon_core.package_discovery:discover_packages(prefix_path) check parameters
[1.749s] Level 1:colcon.colcon_core.package_discovery:discover_packages(prefix_path) discover
[1.758s] DEBUG:colcon.colcon_installed_package_information.package_discovery:Found 278 installed packages in /opt/ros/humble
[1.759s] Level 1:colcon.colcon_core.package_discovery:discover_packages(prefix_path) using defaults
[1.790s] Level 5:colcon.colcon_core.verb:set package 'my_robot_description' build argument 'cmake_args' from command line to 'None'
[1.790s] Level 5:colcon.colcon_core.verb:set package 'my_robot_description' build argument 'cmake_target' from command line to 'None'
[1.790s] Level 5:colcon.colcon_core.verb:set package 'my_robot_description' build argument 'cmake_target_skip_unavailable' from command line to 'False'
[1.790s] Level 5:colcon.colcon_core.verb:set package 'my_robot_description' build argument 'cmake_clean_cache' from command line to 'False'
[1.790s] Level 5:colcon.colcon_core.verb:set package 'my_robot_description' build argument 'cmake_clean_first' from command line to 'False'
[1.790s] Level 5:colcon.colcon_core.verb:set package 'my_robot_description' build argument 'cmake_force_configure' from command line to 'False'
[1.790s] Level 5:colcon.colcon_core.verb:set package 'my_robot_description' build argument 'ament_cmake_args' from command line to 'None'
[1.790s] Level 5:colcon.colcon_core.verb:set package 'my_robot_description' build argument 'catkin_cmake_args' from command line to 'None'
[1.790s] Level 5:colcon.colcon_core.verb:set package 'my_robot_description' build argument 'catkin_skip_building_tests' from command line to 'False'
[1.790s] DEBUG:colcon.colcon_core.verb:Building package 'my_robot_description' with the following arguments: {'ament_cmake_args': None, 'build_base': '/home/marko/Desktop/Semester_2/Semester-2/build/my_robot_description', 'catkin_cmake_args': None, 'catkin_skip_building_tests': False, 'cmake_args': None, 'cmake_clean_cache': False, 'cmake_clean_first': False, 'cmake_force_configure': False, 'cmake_target': None, 'cmake_target_skip_unavailable': False, 'install_base': '/home/marko/Desktop/Semester_2/Semester-2/install/my_robot_description', 'merge_install': False, 'path': '/home/marko/Desktop/Semester_2/Semester-2/src/Ros_Robot_simulation/src/my_robot_description', 'symlink_install': False, 'test_result_base': None}
[1.790s] Level 5:colcon.colcon_core.verb:set package 'vision_rpi_bot' build argument 'cmake_args' from command line to 'None'
[1.790s] Level 5:colcon.colcon_core.verb:set package 'vision_rpi_bot' build argument 'cmake_target' from command line to 'None'
[1.790s] Level 5:colcon.colcon_core.verb:set package 'vision_rpi_bot' build argument 'cmake_target_skip_unavailable' from command line to 'False'
[1.790s] Level 5:colcon.colcon_core.verb:set package 'vision_rpi_bot' build argument 'cmake_clean_cache' from command line to 'False'
[1.790s] Level 5:colcon.colcon_core.verb:set package 'vision_rpi_bot' build argument 'cmake_clean_first' from command line to 'False'
[1.790s] Level 5:colcon.colcon_core.verb:set package 'vision_rpi_bot' build argument 'cmake_force_configure' from command line to 'False'
[1.790s] Level 5:colcon.colcon_core.verb:set package 'vision_rpi_bot' build argument 'ament_cmake_args' from command line to 'None'
[1.790s] Level 5:colcon.colcon_core.verb:set package 'vision_rpi_bot' build argument 'catkin_cmake_args' from command line to 'None'
[1.791s] Level 5:colcon.colcon_core.verb:set package 'vision_rpi_bot' build argument 'catkin_skip_building_tests' from command line to 'False'
[1.791s] DEBUG:colcon.colcon_core.verb:Building package 'vision_rpi_bot' with the following arguments: {'ament_cmake_args': None, 'build_base': '/home/marko/Desktop/Semester_2/Semester-2/build/vision_rpi_bot', 'catkin_cmake_args': None, 'catkin_skip_building_tests': False, 'cmake_args': None, 'cmake_clean_cache': False, 'cmake_clean_first': False, 'cmake_force_configure': False, 'cmake_target': None, 'cmake_target_skip_unavailable': False, 'install_base': '/home/marko/Desktop/Semester_2/Semester-2/install/vision_rpi_bot', 'merge_install': False, 'path': '/home/marko/Desktop/Semester_2/Semester-2/src/ROS_ROBOT_RPI/vision_rpi_bot', 'symlink_install': False, 'test_result_base': None}
[1.791s] Level 5:colcon.colcon_core.verb:set package 'my_robot_bringup' build argument 'cmake_args' from command line to 'None'
[1.791s] Level 5:colcon.colcon_core.verb:set package 'my_robot_bringup' build argument 'cmake_target' from command line to 'None'
[1.791s] Level 5:colcon.colcon_core.verb:set package 'my_robot_bringup' build argument 'cmake_target_skip_unavailable' from command line to 'False'
[1.791s] Level 5:colcon.colcon_core.verb:set package 'my_robot_bringup' build argument 'cmake_clean_cache' from command line to 'False'
[1.791s] Level 5:colcon.colcon_core.verb:set package 'my_robot_bringup' build argument 'cmake_clean_first' from command line to 'False'
[1.791s] Level 5:colcon.colcon_core.verb:set package 'my_robot_bringup' build argument 'cmake_force_configure' from command line to 'False'
[1.791s] Level 5:colcon.colcon_core.verb:set package 'my_robot_bringup' build argument 'ament_cmake_args' from command line to 'None'
[1.791s] Level 5:colcon.colcon_core.verb:set package 'my_robot_bringup' build argument 'catkin_cmake_args' from command line to 'None'
[1.791s] Level 5:colcon.colcon_core.verb:set package 'my_robot_bringup' build argument 'catkin_skip_building_tests' from command line to 'False'
[1.791s] DEBUG:colcon.colcon_core.verb:Building package 'my_robot_bringup' with the following arguments: {'ament_cmake_args': None, 'build_base': '/home/marko/Desktop/Semester_2/Semester-2/build/my_robot_bringup', 'catkin_cmake_args': None, 'catkin_skip_building_tests': False, 'cmake_args': None, 'cmake_clean_cache': False, 'cmake_clean_first': False, 'cmake_force_configure': False, 'cmake_target': None, 'cmake_target_skip_unavailable': False, 'install_base': '/home/marko/Desktop/Semester_2/Semester-2/install/my_robot_bringup', 'merge_install': False, 'path': '/home/marko/Desktop/Semester_2/Semester-2/src/Ros_Robot_simulation/src/my_robot_bringup', 'symlink_install': False, 'test_result_base': None}
[1.791s] INFO:colcon.colcon_core.executor:Executing jobs using 'parallel' executor
[1.793s] DEBUG:colcon.colcon_parallel_executor.executor.parallel:run_until_complete
[1.793s] INFO:colcon.colcon_ros.task.ament_cmake.build:Building ROS package in '/home/marko/Desktop/Semester_2/Semester-2/src/Ros_Robot_simulation/src/my_robot_description' with build type 'ament_cmake'
[1.793s] INFO:colcon.colcon_cmake.task.cmake.build:Building CMake package in '/home/marko/Desktop/Semester_2/Semester-2/src/Ros_Robot_simulation/src/my_robot_description'
[1.811s] INFO:colcon.colcon_core.plugin_system:Skipping extension 'colcon_core.shell.bat': Not used on non-Windows systems
[1.811s] INFO:colcon.colcon_core.shell:Skip shell extension 'powershell' for command environment: Not usable outside of PowerShell
[1.811s] DEBUG:colcon.colcon_core.shell:Skip shell extension 'dsv' for command environment
[1.818s] INFO:colcon.colcon_ros.task.ament_python.build:Building ROS package in '/home/marko/Desktop/Semester_2/Semester-2/src/ROS_ROBOT_RPI/vision_rpi_bot' with build type 'ament_python'
[1.818s] Level 1:colcon.colcon_core.shell:create_environment_hook('vision_rpi_bot', 'ament_prefix_path')
[1.818s] INFO:colcon.colcon_core.shell:Creating environment hook '/home/marko/Desktop/Semester_2/Semester-2/install/vision_rpi_bot/share/vision_rpi_bot/hook/ament_prefix_path.ps1'
[1.825s] INFO:colcon.colcon_core.shell:Creating environment descriptor '/home/marko/Desktop/Semester_2/Semester-2/install/vision_rpi_bot/share/vision_rpi_bot/hook/ament_prefix_path.dsv'
[1.827s] INFO:colcon.colcon_core.shell:Creating environment hook '/home/marko/Desktop/Semester_2/Semester-2/install/vision_rpi_bot/share/vision_rpi_bot/hook/ament_prefix_path.sh'
[1.830s] INFO:colcon.colcon_core.shell:Skip shell extension 'powershell' for command environment: Not usable outside of PowerShell
[1.830s] DEBUG:colcon.colcon_core.shell:Skip shell extension 'dsv' for command environment
[1.840s] DEBUG:colcon.colcon_core.event_handler.log_command:Invoking command in '/home/marko/Desktop/Semester_2/Semester-2/build/my_robot_description': CMAKE_PREFIX_PATH=/opt/ros/humble /usr/bin/cmake --build /home/marko/Desktop/Semester_2/Semester-2/build/my_robot_description -- -j3 -l3
[2.055s] INFO:colcon.colcon_core.task.python.build:Building Python package in '/home/marko/Desktop/Semester_2/Semester-2/src/ROS_ROBOT_RPI/vision_rpi_bot'
[2.055s] INFO:colcon.colcon_core.shell:Skip shell extension 'powershell' for command environment: Not usable outside of PowerShell
[2.056s] DEBUG:colcon.colcon_core.shell:Skip shell extension 'dsv' for command environment
[2.075s] DEBUG:colcon.colcon_core.event_handler.log_command:Invoked command in '/home/marko/Desktop/Semester_2/Semester-2/build/my_robot_description' returned '0': CMAKE_PREFIX_PATH=/opt/ros/humble /usr/bin/cmake --build /home/marko/Desktop/Semester_2/Semester-2/build/my_robot_description -- -j3 -l3
[2.129s] DEBUG:colcon.colcon_core.event_handler.log_command:Invoking command in '/home/marko/Desktop/Semester_2/Semester-2/build/my_robot_description': CMAKE_PREFIX_PATH=/opt/ros/humble /usr/bin/cmake --install /home/marko/Desktop/Semester_2/Semester-2/build/my_robot_description
[2.156s] Level 1:colcon.colcon_core.environment:create_environment_scripts_only(my_robot_description)
[2.157s] DEBUG:colcon.colcon_core.event_handler.log_command:Invoked command in '/home/marko/Desktop/Semester_2/Semester-2/build/my_robot_description' returned '0': CMAKE_PREFIX_PATH=/opt/ros/humble /usr/bin/cmake --install /home/marko/Desktop/Semester_2/Semester-2/build/my_robot_description
[2.177s] Level 1:colcon.colcon_core.environment:checking '/home/marko/Desktop/Semester_2/Semester-2/install/my_robot_description' for CMake module files
[2.178s] Level 1:colcon.colcon_core.environment:checking '/home/marko/Desktop/Semester_2/Semester-2/install/my_robot_description' for CMake config files
[2.181s] Level 1:colcon.colcon_core.shell:create_environment_hook('my_robot_description', 'cmake_prefix_path')
[2.181s] INFO:colcon.colcon_core.shell:Creating environment hook '/home/marko/Desktop/Semester_2/Semester-2/install/my_robot_description/share/my_robot_description/hook/cmake_prefix_path.ps1'
[2.182s] INFO:colcon.colcon_core.shell:Creating environment descriptor '/home/marko/Desktop/Semester_2/Semester-2/install/my_robot_description/share/my_robot_description/hook/cmake_prefix_path.dsv'
[2.184s] INFO:colcon.colcon_core.shell:Creating environment hook '/home/marko/Desktop/Semester_2/Semester-2/install/my_robot_description/share/my_robot_description/hook/cmake_prefix_path.sh'
[2.185s] Level 1:colcon.colcon_core.environment:checking '/home/marko/Desktop/Semester_2/Semester-2/install/my_robot_description/bin'
[2.185s] Level 1:colcon.colcon_core.environment:checking '/home/marko/Desktop/Semester_2/Semester-2/install/my_robot_description/lib/pkgconfig/my_robot_description.pc'
[2.186s] Level 1:colcon.colcon_core.environment:checking '/home/marko/Desktop/Semester_2/Semester-2/install/my_robot_description/lib/python3.10/site-packages'
[2.186s] Level 1:colcon.colcon_core.environment:checking '/home/marko/Desktop/Semester_2/Semester-2/install/my_robot_description/bin'
[2.186s] INFO:colcon.colcon_core.shell:Creating package script '/home/marko/Desktop/Semester_2/Semester-2/install/my_robot_description/share/my_robot_description/package.ps1'
[2.189s] INFO:colcon.colcon_core.shell:Creating package descriptor '/home/marko/Desktop/Semester_2/Semester-2/install/my_robot_description/share/my_robot_description/package.dsv'
[2.191s] INFO:colcon.colcon_core.shell:Creating package script '/home/marko/Desktop/Semester_2/Semester-2/install/my_robot_description/share/my_robot_description/package.sh'
[2.196s] INFO:colcon.colcon_core.shell:Creating package script '/home/marko/Desktop/Semester_2/Semester-2/install/my_robot_description/share/my_robot_description/package.bash'
[2.198s] INFO:colcon.colcon_core.shell:Creating package script '/home/marko/Desktop/Semester_2/Semester-2/install/my_robot_description/share/my_robot_description/package.zsh'
[2.201s] Level 1:colcon.colcon_core.environment:create_file_with_runtime_dependencies(/home/marko/Desktop/Semester_2/Semester-2/install/my_robot_description/share/colcon-core/packages/my_robot_description)
[2.240s] Level 1:colcon.colcon_core.environment:create_environment_scripts_only(my_robot_description)
[2.240s] Level 1:colcon.colcon_core.environment:checking '/home/marko/Desktop/Semester_2/Semester-2/install/my_robot_description' for CMake module files
[2.242s] Level 1:colcon.colcon_core.environment:checking '/home/marko/Desktop/Semester_2/Semester-2/install/my_robot_description' for CMake config files
[2.242s] Level 1:colcon.colcon_core.shell:create_environment_hook('my_robot_description', 'cmake_prefix_path')
[2.242s] INFO:colcon.colcon_core.shell:Creating environment hook '/home/marko/Desktop/Semester_2/Semester-2/install/my_robot_description/share/my_robot_description/hook/cmake_prefix_path.ps1'
[2.243s] INFO:colcon.colcon_core.shell:Creating environment descriptor '/home/marko/Desktop/Semester_2/Semester-2/install/my_robot_description/share/my_robot_description/hook/cmake_prefix_path.dsv'
[2.243s] INFO:colcon.colcon_core.shell:Creating environment hook '/home/marko/Desktop/Semester_2/Semester-2/install/my_robot_description/share/my_robot_description/hook/cmake_prefix_path.sh'
[2.244s] Level 1:colcon.colcon_core.environment:checking '/home/marko/Desktop/Semester_2/Semester-2/install/my_robot_description/bin'
[2.244s] Level 1:colcon.colcon_core.environment:checking '/home/marko/Desktop/Semester_2/Semester-2/install/my_robot_description/lib/pkgconfig/my_robot_description.pc'
[2.245s] Level 1:colcon.colcon_core.environment:checking '/home/marko/Desktop/Semester_2/Semester-2/install/my_robot_description/lib/python3.10/site-packages'
[2.245s] Level 1:colcon.colcon_core.environment:checking '/home/marko/Desktop/Semester_2/Semester-2/install/my_robot_description/bin'
[2.245s] INFO:colcon.colcon_core.shell:Creating package script '/home/marko/Desktop/Semester_2/Semester-2/install/my_robot_description/share/my_robot_description/package.ps1'
[2.246s] INFO:colcon.colcon_core.shell:Creating package descriptor '/home/marko/Desktop/Semester_2/Semester-2/install/my_robot_description/share/my_robot_description/package.dsv'
[2.247s] INFO:colcon.colcon_core.shell:Creating package script '/home/marko/Desktop/Semester_2/Semester-2/install/my_robot_description/share/my_robot_description/package.sh'
[2.247s] INFO:colcon.colcon_core.shell:Creating package script '/home/marko/Desktop/Semester_2/Semester-2/install/my_robot_description/share/my_robot_description/package.bash'
[2.248s] INFO:colcon.colcon_core.shell:Creating package script '/home/marko/Desktop/Semester_2/Semester-2/install/my_robot_description/share/my_robot_description/package.zsh'
[2.248s] Level 1:colcon.colcon_core.environment:create_file_with_runtime_dependencies(/home/marko/Desktop/Semester_2/Semester-2/install/my_robot_description/share/colcon-core/packages/my_robot_description)
[2.249s] INFO:colcon.colcon_ros.task.ament_cmake.build:Building ROS package in '/home/marko/Desktop/Semester_2/Semester-2/src/Ros_Robot_simulation/src/my_robot_bringup' with build type 'ament_cmake'
[2.249s] INFO:colcon.colcon_cmake.task.cmake.build:Building CMake package in '/home/marko/Desktop/Semester_2/Semester-2/src/Ros_Robot_simulation/src/my_robot_bringup'
[2.250s] INFO:colcon.colcon_core.shell:Skip shell extension 'powershell' for command environment: Not usable outside of PowerShell
[2.250s] DEBUG:colcon.colcon_core.shell:Skip shell extension 'dsv' for command environment
[2.272s] DEBUG:colcon.colcon_core.event_handler.log_command:Invoking command in '/home/marko/Desktop/Semester_2/Semester-2/build/my_robot_bringup': AMENT_PREFIX_PATH=/home/marko/Desktop/Semester_2/Semester-2/install/my_robot_description:${AMENT_PREFIX_PATH} CMAKE_PREFIX_PATH=/home/marko/Desktop/Semester_2/Semester-2/install/my_robot_description:/opt/ros/humble /usr/bin/cmake --build /home/marko/Desktop/Semester_2/Semester-2/build/my_robot_bringup -- -j3 -l3
[2.355s] DEBUG:colcon.colcon_core.event_handler.log_command:Invoked command in '/home/marko/Desktop/Semester_2/Semester-2/build/my_robot_bringup' returned '0': AMENT_PREFIX_PATH=/home/marko/Desktop/Semester_2/Semester-2/install/my_robot_description:${AMENT_PREFIX_PATH} CMAKE_PREFIX_PATH=/home/marko/Desktop/Semester_2/Semester-2/install/my_robot_description:/opt/ros/humble /usr/bin/cmake --build /home/marko/Desktop/Semester_2/Semester-2/build/my_robot_bringup -- -j3 -l3
[2.426s] DEBUG:colcon.colcon_core.event_handler.log_command:Invoking command in '/home/marko/Desktop/Semester_2/Semester-2/build/my_robot_bringup': AMENT_PREFIX_PATH=/home/marko/Desktop/Semester_2/Semester-2/install/my_robot_description:${AMENT_PREFIX_PATH} CMAKE_PREFIX_PATH=/home/marko/Desktop/Semester_2/Semester-2/install/my_robot_description:/opt/ros/humble /usr/bin/cmake --install /home/marko/Desktop/Semester_2/Semester-2/build/my_robot_bringup
[2.451s] Level 1:colcon.colcon_core.environment:create_environment_scripts_only(my_robot_bringup)
[2.451s] Level 1:colcon.colcon_core.environment:checking '/home/marko/Desktop/Semester_2/Semester-2/install/my_robot_bringup' for CMake module files
[2.452s] DEBUG:colcon.colcon_core.event_handler.log_command:Invoked command in '/home/marko/Desktop/Semester_2/Semester-2/build/my_robot_bringup' returned '0': AMENT_PREFIX_PATH=/home/marko/Desktop/Semester_2/Semester-2/install/my_robot_description:${AMENT_PREFIX_PATH} CMAKE_PREFIX_PATH=/home/marko/Desktop/Semester_2/Semester-2/install/my_robot_description:/opt/ros/humble /usr/bin/cmake --install /home/marko/Desktop/Semester_2/Semester-2/build/my_robot_bringup
[2.452s] Level 1:colcon.colcon_core.environment:checking '/home/marko/Desktop/Semester_2/Semester-2/install/my_robot_bringup' for CMake config files
[2.452s] Level 1:colcon.colcon_core.shell:create_environment_hook('my_robot_bringup', 'cmake_prefix_path')
[2.452s] INFO:colcon.colcon_core.shell:Creating environment hook '/home/marko/Desktop/Semester_2/Semester-2/install/my_robot_bringup/share/my_robot_bringup/hook/cmake_prefix_path.ps1'
[2.454s] INFO:colcon.colcon_core.shell:Creating environment descriptor '/home/marko/Desktop/Semester_2/Semester-2/install/my_robot_bringup/share/my_robot_bringup/hook/cmake_prefix_path.dsv'
[2.454s] INFO:colcon.colcon_core.shell:Creating environment hook '/home/marko/Desktop/Semester_2/Semester-2/install/my_robot_bringup/share/my_robot_bringup/hook/cmake_prefix_path.sh'
[2.455s] Level 1:colcon.colcon_core.environment:checking '/home/marko/Desktop/Semester_2/Semester-2/install/my_robot_bringup/bin'
[2.455s] Level 1:colcon.colcon_core.environment:checking '/home/marko/Desktop/Semester_2/Semester-2/install/my_robot_bringup/lib/pkgconfig/my_robot_bringup.pc'
[2.455s] Level 1:colcon.colcon_core.environment:checking '/home/marko/Desktop/Semester_2/Semester-2/install/my_robot_bringup/lib/python3.10/site-packages'
[2.455s] Level 1:colcon.colcon_core.environment:checking '/home/marko/Desktop/Semester_2/Semester-2/install/my_robot_bringup/bin'
[2.456s] INFO:colcon.colcon_core.shell:Creating package script '/home/marko/Desktop/Semester_2/Semester-2/install/my_robot_bringup/share/my_robot_bringup/package.ps1'
[2.456s] INFO:colcon.colcon_core.shell:Creating package descriptor '/home/marko/Desktop/Semester_2/Semester-2/install/my_robot_bringup/share/my_robot_bringup/package.dsv'
[2.457s] INFO:colcon.colcon_core.shell:Creating package script '/home/marko/Desktop/Semester_2/Semester-2/install/my_robot_bringup/share/my_robot_bringup/package.sh'
[2.457s] INFO:colcon.colcon_core.shell:Creating package script '/home/marko/Desktop/Semester_2/Semester-2/install/my_robot_bringup/share/my_robot_bringup/package.bash'
[2.458s] INFO:colcon.colcon_core.shell:Creating package script '/home/marko/Desktop/Semester_2/Semester-2/install/my_robot_bringup/share/my_robot_bringup/package.zsh'
[2.458s] Level 1:colcon.colcon_core.environment:create_file_with_runtime_dependencies(/home/marko/Desktop/Semester_2/Semester-2/install/my_robot_bringup/share/colcon-core/packages/my_robot_bringup)
[2.523s] Level 1:colcon.colcon_core.environment:create_environment_scripts_only(my_robot_bringup)
[2.523s] Level 1:colcon.colcon_core.environment:checking '/home/marko/Desktop/Semester_2/Semester-2/install/my_robot_bringup' for CMake module files
[2.523s] Level 1:colcon.colcon_core.environment:checking '/home/marko/Desktop/Semester_2/Semester-2/install/my_robot_bringup' for CMake config files
[2.523s] Level 1:colcon.colcon_core.shell:create_environment_hook('my_robot_bringup', 'cmake_prefix_path')
[2.524s] INFO:colcon.colcon_core.shell:Creating environment hook '/home/marko/Desktop/Semester_2/Semester-2/install/my_robot_bringup/share/my_robot_bringup/hook/cmake_prefix_path.ps1'
[2.524s] INFO:colcon.colcon_core.shell:Creating environment descriptor '/home/marko/Desktop/Semester_2/Semester-2/install/my_robot_bringup/share/my_robot_bringup/hook/cmake_prefix_path.dsv'
[2.525s] INFO:colcon.colcon_core.shell:Creating environment hook '/home/marko/Desktop/Semester_2/Semester-2/install/my_robot_bringup/share/my_robot_bringup/hook/cmake_prefix_path.sh'
[2.526s] Level 1:colcon.colcon_core.environment:checking '/home/marko/Desktop/Semester_2/Semester-2/install/my_robot_bringup/bin'
[2.526s] Level 1:colcon.colcon_core.environment:checking '/home/marko/Desktop/Semester_2/Semester-2/install/my_robot_bringup/lib/pkgconfig/my_robot_bringup.pc'
[2.526s] Level 1:colcon.colcon_core.environment:checking '/home/marko/Desktop/Semester_2/Semester-2/install/my_robot_bringup/lib/python3.10/site-packages'
[2.526s] Level 1:colcon.colcon_core.environment:checking '/home/marko/Desktop/Semester_2/Semester-2/install/my_robot_bringup/bin'
[2.526s] INFO:colcon.colcon_core.shell:Creating package script '/home/marko/Desktop/Semester_2/Semester-2/install/my_robot_bringup/share/my_robot_bringup/package.ps1'
[2.527s] INFO:colcon.colcon_core.shell:Creating package descriptor '/home/marko/Desktop/Semester_2/Semester-2/install/my_robot_bringup/share/my_robot_bringup/package.dsv'
[2.528s] INFO:colcon.colcon_core.shell:Creating package script '/home/marko/Desktop/Semester_2/Semester-2/install/my_robot_bringup/share/my_robot_bringup/package.sh'
[2.531s] INFO:colcon.colcon_core.shell:Creating package script '/home/marko/Desktop/Semester_2/Semester-2/install/my_robot_bringup/share/my_robot_bringup/package.bash'
[2.533s] INFO:colcon.colcon_core.shell:Creating package script '/home/marko/Desktop/Semester_2/Semester-2/install/my_robot_bringup/share/my_robot_bringup/package.zsh'
[2.533s] Level 1:colcon.colcon_core.environment:create_file_with_runtime_dependencies(/home/marko/Desktop/Semester_2/Semester-2/install/my_robot_bringup/share/colcon-core/packages/my_robot_bringup)
[2.558s] DEBUG:colcon.colcon_core.event_handler.log_command:Invoking command in '/home/marko/Desktop/Semester_2/Semester-2/src/ROS_ROBOT_RPI/vision_rpi_bot': PYTHONPATH=/home/marko/Desktop/Semester_2/Semester-2/build/vision_rpi_bot/prefix_override:/usr/lib/python3/dist-packages/colcon_core/task/python/colcon_distutils_commands:/home/marko/Desktop/Semester_2/Semester-2/install/vision_rpi_bot/lib/python3.10/site-packages:${PYTHONPATH} /usr/bin/python3 -W ignore:setup.py install is deprecated setup.py egg_info --egg-base ../../../build/vision_rpi_bot build --build-base /home/marko/Desktop/Semester_2/Semester-2/build/vision_rpi_bot/build install --record /home/marko/Desktop/Semester_2/Semester-2/build/vision_rpi_bot/install.log --single-version-externally-managed install_data
[2.833s] Level 1:colcon.colcon_core.environment:checking '/home/marko/Desktop/Semester_2/Semester-2/install/vision_rpi_bot' for CMake module files
[2.835s] Level 1:colcon.colcon_core.environment:checking '/home/marko/Desktop/Semester_2/Semester-2/install/vision_rpi_bot' for CMake config files
[2.835s] DEBUG:colcon.colcon_core.event_handler.log_command:Invoked command in '/home/marko/Desktop/Semester_2/Semester-2/src/ROS_ROBOT_RPI/vision_rpi_bot' returned '0': PYTHONPATH=/home/marko/Desktop/Semester_2/Semester-2/build/vision_rpi_bot/prefix_override:/usr/lib/python3/dist-packages/colcon_core/task/python/colcon_distutils_commands:/home/marko/Desktop/Semester_2/Semester-2/install/vision_rpi_bot/lib/python3.10/site-packages:${PYTHONPATH} /usr/bin/python3 -W ignore:setup.py install is deprecated setup.py egg_info --egg-base ../../../build/vision_rpi_bot build --build-base /home/marko/Desktop/Semester_2/Semester-2/build/vision_rpi_bot/build install --record /home/marko/Desktop/Semester_2/Semester-2/build/vision_rpi_bot/install.log --single-version-externally-managed install_data
[2.838s] Level 1:colcon.colcon_core.environment:checking '/home/marko/Desktop/Semester_2/Semester-2/install/vision_rpi_bot/lib'
[2.838s] Level 1:colcon.colcon_core.environment:checking '/home/marko/Desktop/Semester_2/Semester-2/install/vision_rpi_bot/bin'
[2.838s] Level 1:colcon.colcon_core.environment:checking '/home/marko/Desktop/Semester_2/Semester-2/install/vision_rpi_bot/lib/pkgconfig/vision_rpi_bot.pc'
[2.839s] Level 1:colcon.colcon_core.environment:checking '/home/marko/Desktop/Semester_2/Semester-2/install/vision_rpi_bot/lib/python3.10/site-packages'
[2.839s] Level 1:colcon.colcon_core.shell:create_environment_hook('vision_rpi_bot', 'pythonpath')
[2.839s] INFO:colcon.colcon_core.shell:Creating environment hook '/home/marko/Desktop/Semester_2/Semester-2/install/vision_rpi_bot/share/vision_rpi_bot/hook/pythonpath.ps1'
[2.839s] INFO:colcon.colcon_core.shell:Creating environment descriptor '/home/marko/Desktop/Semester_2/Semester-2/install/vision_rpi_bot/share/vision_rpi_bot/hook/pythonpath.dsv'
[2.840s] INFO:colcon.colcon_core.shell:Creating environment hook '/home/marko/Desktop/Semester_2/Semester-2/install/vision_rpi_bot/share/vision_rpi_bot/hook/pythonpath.sh'
[2.841s] Level 1:colcon.colcon_core.environment:checking '/home/marko/Desktop/Semester_2/Semester-2/install/vision_rpi_bot/bin'
[2.841s] Level 1:colcon.colcon_core.environment:create_environment_scripts_only(vision_rpi_bot)
[2.841s] INFO:colcon.colcon_core.shell:Creating package script '/home/marko/Desktop/Semester_2/Semester-2/install/vision_rpi_bot/share/vision_rpi_bot/package.ps1'
[2.842s] INFO:colcon.colcon_core.shell:Creating package descriptor '/home/marko/Desktop/Semester_2/Semester-2/install/vision_rpi_bot/share/vision_rpi_bot/package.dsv'
[2.843s] INFO:colcon.colcon_core.shell:Creating package script '/home/marko/Desktop/Semester_2/Semester-2/install/vision_rpi_bot/share/vision_rpi_bot/package.sh'
[2.843s] INFO:colcon.colcon_core.shell:Creating package script '/home/marko/Desktop/Semester_2/Semester-2/install/vision_rpi_bot/share/vision_rpi_bot/package.bash'
[2.844s] INFO:colcon.colcon_core.shell:Creating package script '/home/marko/Desktop/Semester_2/Semester-2/install/vision_rpi_bot/share/vision_rpi_bot/package.zsh'
[2.844s] Level 1:colcon.colcon_core.environment:create_file_with_runtime_dependencies(/home/marko/Desktop/Semester_2/Semester-2/install/vision_rpi_bot/share/colcon-core/packages/vision_rpi_bot)
[2.845s] DEBUG:colcon.colcon_parallel_executor.executor.parallel:closing loop
[2.845s] DEBUG:colcon.colcon_parallel_executor.executor.parallel:loop closed
[2.845s] DEBUG:colcon.colcon_parallel_executor.executor.parallel:run_until_complete finished with '0'
[2.845s] DEBUG:colcon.colcon_core.event_reactor:joining thread
[2.855s] INFO:colcon.colcon_core.plugin_system:Skipping extension 'colcon_notification.desktop_notification.terminal_notifier': Not used on non-Darwin systems
[2.855s] INFO:colcon.colcon_core.plugin_system:Skipping extension 'colcon_notification.desktop_notification.win32': Not used on non-Windows systems
[2.855s] INFO:colcon.colcon_notification.desktop_notification:Sending desktop notification using 'notify2'
[2.902s] DEBUG:colcon.colcon_core.event_reactor:joined thread
[2.903s] INFO:colcon.colcon_core.shell:Creating prefix script '/home/marko/Desktop/Semester_2/Semester-2/install/local_setup.ps1'
[2.905s] INFO:colcon.colcon_core.shell:Creating prefix util module '/home/marko/Desktop/Semester_2/Semester-2/install/_local_setup_util_ps1.py'
[2.908s] INFO:colcon.colcon_core.shell:Creating prefix chain script '/home/marko/Desktop/Semester_2/Semester-2/install/setup.ps1'
[2.916s] INFO:colcon.colcon_core.shell:Creating prefix script '/home/marko/Desktop/Semester_2/Semester-2/install/local_setup.sh'
[2.918s] INFO:colcon.colcon_core.shell:Creating prefix util module '/home/marko/Desktop/Semester_2/Semester-2/install/_local_setup_util_sh.py'
[2.919s] INFO:colcon.colcon_core.shell:Creating prefix chain script '/home/marko/Desktop/Semester_2/Semester-2/install/setup.sh'
[2.921s] INFO:colcon.colcon_core.shell:Creating prefix script '/home/marko/Desktop/Semester_2/Semester-2/install/local_setup.bash'
[2.922s] INFO:colcon.colcon_core.shell:Creating prefix chain script '/home/marko/Desktop/Semester_2/Semester-2/install/setup.bash'
[2.925s] INFO:colcon.colcon_core.shell:Creating prefix script '/home/marko/Desktop/Semester_2/Semester-2/install/local_setup.zsh'
[2.926s] INFO:colcon.colcon_core.shell:Creating prefix chain script '/home/marko/Desktop/Semester_2/Semester-2/install/setup.zsh'
