running egg_info
creating ../../../build/vision_rpi_bot/vision_rpi_bot.egg-info
writing ../../../build/vision_rpi_bot/vision_rpi_bot.egg-info/PKG-INFO
writing dependency_links to ../../../build/vision_rpi_bot/vision_rpi_bot.egg-info/dependency_links.txt
writing entry points to ../../../build/vision_rpi_bot/vision_rpi_bot.egg-info/entry_points.txt
writing requirements to ../../../build/vision_rpi_bot/vision_rpi_bot.egg-info/requires.txt
writing top-level names to ../../../build/vision_rpi_bot/vision_rpi_bot.egg-info/top_level.txt
writing manifest file '../../../build/vision_rpi_bot/vision_rpi_bot.egg-info/SOURCES.txt'
reading manifest file '../../../build/vision_rpi_bot/vision_rpi_bot.egg-info/SOURCES.txt'
writing manifest file '../../../build/vision_rpi_bot/vision_rpi_bot.egg-info/SOURCES.txt'
running build
running build_py
creating /home/marko/Desktop/Semester_2/Semester-2/build/vision_rpi_bot/build
creating /home/marko/Desktop/Semester_2/Semester-2/build/vision_rpi_bot/build/lib
creating /home/marko/Desktop/Semester_2/Semester-2/build/vision_rpi_bot/build/lib/vision_rpi_bot
copying vision_rpi_bot/cmd_to_pwm_driver.py -> /home/marko/Desktop/Semester_2/Semester-2/build/vision_rpi_bot/build/lib/vision_rpi_bot
copying vision_rpi_bot/publisher.py -> /home/marko/Desktop/Semester_2/Semester-2/build/vision_rpi_bot/build/lib/vision_rpi_bot
copying vision_rpi_bot/__init__.py -> /home/marko/Desktop/Semester_2/Semester-2/build/vision_rpi_bot/build/lib/vision_rpi_bot
copying vision_rpi_bot/subscriber.py -> /home/marko/Desktop/Semester_2/Semester-2/build/vision_rpi_bot/build/lib/vision_rpi_bot
running install
running install_lib
creating /home/marko/Desktop/Semester_2/Semester-2/install/vision_rpi_bot/lib/python3.10/site-packages/vision_rpi_bot
copying /home/marko/Desktop/Semester_2/Semester-2/build/vision_rpi_bot/build/lib/vision_rpi_bot/cmd_to_pwm_driver.py -> /home/marko/Desktop/Semester_2/Semester-2/install/vision_rpi_bot/lib/python3.10/site-packages/vision_rpi_bot
copying /home/marko/Desktop/Semester_2/Semester-2/build/vision_rpi_bot/build/lib/vision_rpi_bot/publisher.py -> /home/marko/Desktop/Semester_2/Semester-2/install/vision_rpi_bot/lib/python3.10/site-packages/vision_rpi_bot
copying /home/marko/Desktop/Semester_2/Semester-2/build/vision_rpi_bot/build/lib/vision_rpi_bot/__init__.py -> /home/marko/Desktop/Semester_2/Semester-2/install/vision_rpi_bot/lib/python3.10/site-packages/vision_rpi_bot
copying /home/marko/Desktop/Semester_2/Semester-2/build/vision_rpi_bot/build/lib/vision_rpi_bot/subscriber.py -> /home/marko/Desktop/Semester_2/Semester-2/install/vision_rpi_bot/lib/python3.10/site-packages/vision_rpi_bot
byte-compiling /home/marko/Desktop/Semester_2/Semester-2/install/vision_rpi_bot/lib/python3.10/site-packages/vision_rpi_bot/cmd_to_pwm_driver.py to cmd_to_pwm_driver.cpython-310.pyc
byte-compiling /home/marko/Desktop/Semester_2/Semester-2/install/vision_rpi_bot/lib/python3.10/site-packages/vision_rpi_bot/publisher.py to publisher.cpython-310.pyc
byte-compiling /home/marko/Desktop/Semester_2/Semester-2/install/vision_rpi_bot/lib/python3.10/site-packages/vision_rpi_bot/__init__.py to __init__.cpython-310.pyc
byte-compiling /home/marko/Desktop/Semester_2/Semester-2/install/vision_rpi_bot/lib/python3.10/site-packages/vision_rpi_bot/subscriber.py to subscriber.cpython-310.pyc
running install_data
creating /home/marko/Desktop/Semester_2/Semester-2/install/vision_rpi_bot/share/ament_index
creating /home/marko/Desktop/Semester_2/Semester-2/install/vision_rpi_bot/share/ament_index/resource_index
creating /home/marko/Desktop/Semester_2/Semester-2/install/vision_rpi_bot/share/ament_index/resource_index/packages
copying resource/vision_rpi_bot -> /home/marko/Desktop/Semester_2/Semester-2/install/vision_rpi_bot/share/ament_index/resource_index/packages
copying package.xml -> /home/marko/Desktop/Semester_2/Semester-2/install/vision_rpi_bot/share/vision_rpi_bot
running install_egg_info
Copying ../../../build/vision_rpi_bot/vision_rpi_bot.egg-info to /home/marko/Desktop/Semester_2/Semester-2/install/vision_rpi_bot/lib/python3.10/site-packages/vision_rpi_bot-0.0.0-py3.10.egg-info
running install_scripts
Installing cmdVel_to_pwm_node script to /home/marko/Desktop/Semester_2/Semester-2/install/vision_rpi_bot/lib/vision_rpi_bot
Installing publisher_rpi_node script to /home/marko/Desktop/Semester_2/Semester-2/install/vision_rpi_bot/lib/vision_rpi_bot
Installing subscriber_rpi_node script to /home/marko/Desktop/Semester_2/Semester-2/install/vision_rpi_bot/lib/vision_rpi_bot
writing list of installed files to '/home/marko/Desktop/Semester_2/Semester-2/build/vision_rpi_bot/install.log'
