[0.866s] Invoking command in '/home/marko/Desktop/Semester_2/Semester-2/src/ROS_ROBOT_RPI/vision_rpi_bot': PYTHONPATH=/home/marko/Desktop/Semester_2/Semester-2/build/vision_rpi_bot/prefix_override:/usr/lib/python3/dist-packages/colcon_core/task/python/colcon_distutils_commands:/home/marko/Desktop/Semester_2/Semester-2/install/vision_rpi_bot/lib/python3.10/site-packages:${PYTHONPATH} /usr/bin/python3 -W ignore:setup.py install is deprecated setup.py egg_info --egg-base ../../../build/vision_rpi_bot build --build-base /home/marko/Desktop/Semester_2/Semester-2/build/vision_rpi_bot/build install --record /home/marko/Desktop/Semester_2/Semester-2/build/vision_rpi_bot/install.log --single-version-externally-managed install_data
[1.113s] running egg_info
[1.113s] creating ../../../build/vision_rpi_bot/vision_rpi_bot.egg-info
[1.113s] writing ../../../build/vision_rpi_bot/vision_rpi_bot.egg-info/PKG-INFO
[1.113s] writing dependency_links to ../../../build/vision_rpi_bot/vision_rpi_bot.egg-info/dependency_links.txt
[1.114s] writing entry points to ../../../build/vision_rpi_bot/vision_rpi_bot.egg-info/entry_points.txt
[1.114s] writing requirements to ../../../build/vision_rpi_bot/vision_rpi_bot.egg-info/requires.txt
[1.114s] writing top-level names to ../../../build/vision_rpi_bot/vision_rpi_bot.egg-info/top_level.txt
[1.114s] writing manifest file '../../../build/vision_rpi_bot/vision_rpi_bot.egg-info/SOURCES.txt'
[1.117s] reading manifest file '../../../build/vision_rpi_bot/vision_rpi_bot.egg-info/SOURCES.txt'
[1.117s] writing manifest file '../../../build/vision_rpi_bot/vision_rpi_bot.egg-info/SOURCES.txt'
[1.117s] running build
[1.117s] running build_py
[1.120s] creating /home/marko/Desktop/Semester_2/Semester-2/build/vision_rpi_bot/build
[1.120s] creating /home/marko/Desktop/Semester_2/Semester-2/build/vision_rpi_bot/build/lib
[1.120s] creating /home/marko/Desktop/Semester_2/Semester-2/build/vision_rpi_bot/build/lib/vision_rpi_bot
[1.120s] copying vision_rpi_bot/cmd_to_pwm_driver.py -> /home/marko/Desktop/Semester_2/Semester-2/build/vision_rpi_bot/build/lib/vision_rpi_bot
[1.120s] copying vision_rpi_bot/publisher.py -> /home/marko/Desktop/Semester_2/Semester-2/build/vision_rpi_bot/build/lib/vision_rpi_bot
[1.120s] copying vision_rpi_bot/__init__.py -> /home/marko/Desktop/Semester_2/Semester-2/build/vision_rpi_bot/build/lib/vision_rpi_bot
[1.120s] copying vision_rpi_bot/subscriber.py -> /home/marko/Desktop/Semester_2/Semester-2/build/vision_rpi_bot/build/lib/vision_rpi_bot
[1.120s] running install
[1.120s] running install_lib
[1.121s] creating /home/marko/Desktop/Semester_2/Semester-2/install/vision_rpi_bot/lib/python3.10/site-packages/vision_rpi_bot
[1.121s] copying /home/marko/Desktop/Semester_2/Semester-2/build/vision_rpi_bot/build/lib/vision_rpi_bot/cmd_to_pwm_driver.py -> /home/marko/Desktop/Semester_2/Semester-2/install/vision_rpi_bot/lib/python3.10/site-packages/vision_rpi_bot
[1.121s] copying /home/marko/Desktop/Semester_2/Semester-2/build/vision_rpi_bot/build/lib/vision_rpi_bot/publisher.py -> /home/marko/Desktop/Semester_2/Semester-2/install/vision_rpi_bot/lib/python3.10/site-packages/vision_rpi_bot
[1.121s] copying /home/marko/Desktop/Semester_2/Semester-2/build/vision_rpi_bot/build/lib/vision_rpi_bot/__init__.py -> /home/marko/Desktop/Semester_2/Semester-2/install/vision_rpi_bot/lib/python3.10/site-packages/vision_rpi_bot
[1.121s] copying /home/marko/Desktop/Semester_2/Semester-2/build/vision_rpi_bot/build/lib/vision_rpi_bot/subscriber.py -> /home/marko/Desktop/Semester_2/Semester-2/install/vision_rpi_bot/lib/python3.10/site-packages/vision_rpi_bot
[1.126s] byte-compiling /home/marko/Desktop/Semester_2/Semester-2/install/vision_rpi_bot/lib/python3.10/site-packages/vision_rpi_bot/cmd_to_pwm_driver.py to cmd_to_pwm_driver.cpython-310.pyc
[1.127s] byte-compiling /home/marko/Desktop/Semester_2/Semester-2/install/vision_rpi_bot/lib/python3.10/site-packages/vision_rpi_bot/publisher.py to publisher.cpython-310.pyc
[1.127s] byte-compiling /home/marko/Desktop/Semester_2/Semester-2/install/vision_rpi_bot/lib/python3.10/site-packages/vision_rpi_bot/__init__.py to __init__.cpython-310.pyc
[1.127s] byte-compiling /home/marko/Desktop/Semester_2/Semester-2/install/vision_rpi_bot/lib/python3.10/site-packages/vision_rpi_bot/subscriber.py to subscriber.cpython-310.pyc
[1.127s] running install_data
[1.127s] creating /home/marko/Desktop/Semester_2/Semester-2/install/vision_rpi_bot/share/ament_index
[1.127s] creating /home/marko/Desktop/Semester_2/Semester-2/install/vision_rpi_bot/share/ament_index/resource_index
[1.127s] creating /home/marko/Desktop/Semester_2/Semester-2/install/vision_rpi_bot/share/ament_index/resource_index/packages
[1.127s] copying resource/vision_rpi_bot -> /home/marko/Desktop/Semester_2/Semester-2/install/vision_rpi_bot/share/ament_index/resource_index/packages
[1.127s] copying package.xml -> /home/marko/Desktop/Semester_2/Semester-2/install/vision_rpi_bot/share/vision_rpi_bot
[1.127s] running install_egg_info
[1.127s] Copying ../../../build/vision_rpi_bot/vision_rpi_bot.egg-info to /home/marko/Desktop/Semester_2/Semester-2/install/vision_rpi_bot/lib/python3.10/site-packages/vision_rpi_bot-0.0.0-py3.10.egg-info
[1.127s] running install_scripts
[1.152s] Installing cmdVel_to_pwm_node script to /home/marko/Desktop/Semester_2/Semester-2/install/vision_rpi_bot/lib/vision_rpi_bot
[1.152s] Installing publisher_rpi_node script to /home/marko/Desktop/Semester_2/Semester-2/install/vision_rpi_bot/lib/vision_rpi_bot
[1.152s] Installing subscriber_rpi_node script to /home/marko/Desktop/Semester_2/Semester-2/install/vision_rpi_bot/lib/vision_rpi_bot
[1.153s] writing list of installed files to '/home/marko/Desktop/Semester_2/Semester-2/build/vision_rpi_bot/install.log'
[1.184s] Invoked command in '/home/marko/Desktop/Semester_2/Semester-2/src/ROS_ROBOT_RPI/vision_rpi_bot' returned '0': PYTHONPATH=/home/marko/Desktop/Semester_2/Semester-2/build/vision_rpi_bot/prefix_override:/usr/lib/python3/dist-packages/colcon_core/task/python/colcon_distutils_commands:/home/marko/Desktop/Semester_2/Semester-2/install/vision_rpi_bot/lib/python3.10/site-packages:${PYTHONPATH} /usr/bin/python3 -W ignore:setup.py install is deprecated setup.py egg_info --egg-base ../../../build/vision_rpi_bot build --build-base /home/marko/Desktop/Semester_2/Semester-2/build/vision_rpi_bot/build install --record /home/marko/Desktop/Semester_2/Semester-2/build/vision_rpi_bot/install.log --single-version-externally-managed install_data
