[0.032s] Invoking command in '/home/marko/Desktop/Semester_2/build/my_robot_description': CMAKE_PREFIX_PATH=${CMAKE_PREFIX_PATH}:/home/marko/Desktop/Semester_2/install/vision_rpi_bot:/opt/ros/humble /usr/bin/cmake /home/marko/Desktop/Semester_2/src/my_robot_description -DAMENT_CMAKE_SYMLINK_INSTALL=1 -DCMAKE_INSTALL_PREFIX=/home/marko/Desktop/Semester_2/install/my_robot_description
[0.072s] -- Found ament_cmake: 1.3.10 (/opt/ros/humble/share/ament_cmake/cmake)
[0.255s] -- Override CMake install command with custom implementation using symlinks instead of copying resources
[0.414s] -- Configuring done
[0.428s] -- Generating done
[0.428s] -- Build files have been written to: /home/marko/Desktop/Semester_2/build/my_robot_description
[0.432s] Invoked command in '/home/marko/Desktop/Semester_2/build/my_robot_description' returned '0': CMAKE_PREFIX_PATH=${CMAKE_PREFIX_PATH}:/home/marko/Desktop/Semester_2/install/vision_rpi_bot:/opt/ros/humble /usr/bin/cmake /home/marko/Desktop/Semester_2/src/my_robot_description -DAMENT_CMAKE_SYMLINK_INSTALL=1 -DCMAKE_INSTALL_PREFIX=/home/marko/Desktop/Semester_2/install/my_robot_description
[0.443s] Invoking command in '/home/marko/Desktop/Semester_2/build/my_robot_description': CMAKE_PREFIX_PATH=${CMAKE_PREFIX_PATH}:/home/marko/Desktop/Semester_2/install/vision_rpi_bot:/opt/ros/humble /usr/bin/cmake --build /home/marko/Desktop/Semester_2/build/my_robot_description -- -j3 -l3
[0.474s] Invoked command in '/home/marko/Desktop/Semester_2/build/my_robot_description' returned '0': CMAKE_PREFIX_PATH=${CMAKE_PREFIX_PATH}:/home/marko/Desktop/Semester_2/install/vision_rpi_bot:/opt/ros/humble /usr/bin/cmake --build /home/marko/Desktop/Semester_2/build/my_robot_description -- -j3 -l3
[0.485s] Invoking command in '/home/marko/Desktop/Semester_2/build/my_robot_description': CMAKE_PREFIX_PATH=${CMAKE_PREFIX_PATH}:/home/marko/Desktop/Semester_2/install/vision_rpi_bot:/opt/ros/humble /usr/bin/cmake --install /home/marko/Desktop/Semester_2/build/my_robot_description
[0.495s] -- Install configuration: ""
[0.495s] -- Execute custom install script
[0.495s] -- Symlinking: /home/marko/Desktop/Semester_2/install/my_robot_description/share/my_robot_description//urdf/camera.xacro
[0.505s] -- Symlinking: /home/marko/Desktop/Semester_2/install/my_robot_description/share/my_robot_description//urdf/common_properties.xacro
[0.521s] -- Symlinking: /home/marko/Desktop/Semester_2/install/my_robot_description/share/my_robot_description//urdf/lidar.xacro
[0.531s] -- Symlinking: /home/marko/Desktop/Semester_2/install/my_robot_description/share/my_robot_description//urdf/mobile_base.xacro
[0.549s] -- Symlinking: /home/marko/Desktop/Semester_2/install/my_robot_description/share/my_robot_description//urdf/mobile_base_gazebo.xacro
[0.566s] -- Symlinking: /home/marko/Desktop/Semester_2/install/my_robot_description/share/my_robot_description//urdf/my_robot.urdf.xacro
[0.578s] -- Symlinking: /home/marko/Desktop/Semester_2/install/my_robot_description/share/my_robot_description//launch/display.launch.py
[0.604s] -- Symlinking: /home/marko/Desktop/Semester_2/install/my_robot_description/share/my_robot_description//launch/display.launch.xml
[0.617s] -- Symlinking: /home/marko/Desktop/Semester_2/install/my_robot_description/share/my_robot_description//rviz/urdf_config.rviz
[0.631s] -- Symlinking: /home/marko/Desktop/Semester_2/install/my_robot_description/share/ament_index/resource_index/package_run_dependencies/my_robot_description
[0.645s] -- Symlinking: /home/marko/Desktop/Semester_2/install/my_robot_description/share/ament_index/resource_index/parent_prefix_path/my_robot_description
[0.659s] -- Symlinking: /home/marko/Desktop/Semester_2/install/my_robot_description/share/my_robot_description/environment/ament_prefix_path.sh
[0.675s] -- Symlinking: /home/marko/Desktop/Semester_2/install/my_robot_description/share/my_robot_description/environment/ament_prefix_path.dsv
[0.691s] -- Symlinking: /home/marko/Desktop/Semester_2/install/my_robot_description/share/my_robot_description/environment/path.sh
[0.705s] -- Symlinking: /home/marko/Desktop/Semester_2/install/my_robot_description/share/my_robot_description/environment/path.dsv
[0.716s] -- Symlinking: /home/marko/Desktop/Semester_2/install/my_robot_description/share/my_robot_description/local_setup.bash
[0.731s] -- Symlinking: /home/marko/Desktop/Semester_2/install/my_robot_description/share/my_robot_description/local_setup.sh
[0.746s] -- Symlinking: /home/marko/Desktop/Semester_2/install/my_robot_description/share/my_robot_description/local_setup.zsh
[0.758s] -- Symlinking: /home/marko/Desktop/Semester_2/install/my_robot_description/share/my_robot_description/local_setup.dsv
[0.781s] -- Symlinking: /home/marko/Desktop/Semester_2/install/my_robot_description/share/my_robot_description/package.dsv
[0.796s] -- Symlinking: /home/marko/Desktop/Semester_2/install/my_robot_description/share/ament_index/resource_index/packages/my_robot_description
[0.808s] -- Symlinking: /home/marko/Desktop/Semester_2/install/my_robot_description/share/my_robot_description/cmake/my_robot_descriptionConfig.cmake
[0.820s] -- Symlinking: /home/marko/Desktop/Semester_2/install/my_robot_description/share/my_robot_description/cmake/my_robot_descriptionConfig-version.cmake
[0.830s] -- Symlinking: /home/marko/Desktop/Semester_2/install/my_robot_description/share/my_robot_description/package.xml
[0.850s] Invoked command in '/home/marko/Desktop/Semester_2/build/my_robot_description' returned '0': CMAKE_PREFIX_PATH=${CMAKE_PREFIX_PATH}:/home/marko/Desktop/Semester_2/install/vision_rpi_bot:/opt/ros/humble /usr/bin/cmake --install /home/marko/Desktop/Semester_2/build/my_robot_description
