[0.740s] Invoking command in '/home/marko/Desktop/Semester_2/Semester-2/src/ROS_ROBOT_RPI/vision_rpi_bot': PYTHONPATH=/home/marko/Desktop/Semester_2/Semester-2/build/vision_rpi_bot/prefix_override:/usr/lib/python3/dist-packages/colcon_core/task/python/colcon_distutils_commands:/home/marko/Desktop/Semester_2/Semester-2/install/vision_rpi_bot/lib/python3.10/site-packages:${PYTHONPATH} /usr/bin/python3 -W ignore:setup.py install is deprecated setup.py egg_info --egg-base ../../../build/vision_rpi_bot build --build-base /home/marko/Desktop/Semester_2/Semester-2/build/vision_rpi_bot/build install --record /home/marko/Desktop/Semester_2/Semester-2/build/vision_rpi_bot/install.log --single-version-externally-managed install_data
[0.943s] running egg_info
[0.944s] writing ../../../build/vision_rpi_bot/vision_rpi_bot.egg-info/PKG-INFO
[0.947s] writing dependency_links to ../../../build/vision_rpi_bot/vision_rpi_bot.egg-info/dependency_links.txt
[0.948s] writing entry points to ../../../build/vision_rpi_bot/vision_rpi_bot.egg-info/entry_points.txt
[0.949s] writing requirements to ../../../build/vision_rpi_bot/vision_rpi_bot.egg-info/requires.txt
[0.949s] writing top-level names to ../../../build/vision_rpi_bot/vision_rpi_bot.egg-info/top_level.txt
[0.952s] reading manifest file '../../../build/vision_rpi_bot/vision_rpi_bot.egg-info/SOURCES.txt'
[0.953s] writing manifest file '../../../build/vision_rpi_bot/vision_rpi_bot.egg-info/SOURCES.txt'
[0.953s] running build
[0.953s] running build_py
[0.958s] running install
[0.960s] running install_lib
[0.963s] running install_data
[0.966s] running install_egg_info
[0.969s] removing '/home/marko/Desktop/Semester_2/Semester-2/install/vision_rpi_bot/lib/python3.10/site-packages/vision_rpi_bot-0.0.0-py3.10.egg-info' (and everything under it)
[0.969s] Copying ../../../build/vision_rpi_bot/vision_rpi_bot.egg-info to /home/marko/Desktop/Semester_2/Semester-2/install/vision_rpi_bot/lib/python3.10/site-packages/vision_rpi_bot-0.0.0-py3.10.egg-info
[0.971s] running install_scripts
[0.992s] Installing cmdVel_to_pwm_node script to /home/marko/Desktop/Semester_2/Semester-2/install/vision_rpi_bot/lib/vision_rpi_bot
[0.994s] Installing publisher_rpi_node script to /home/marko/Desktop/Semester_2/Semester-2/install/vision_rpi_bot/lib/vision_rpi_bot
[0.994s] Installing subscriber_rpi_node script to /home/marko/Desktop/Semester_2/Semester-2/install/vision_rpi_bot/lib/vision_rpi_bot
[0.995s] writing list of installed files to '/home/marko/Desktop/Semester_2/Semester-2/build/vision_rpi_bot/install.log'
[1.017s] Invoked command in '/home/marko/Desktop/Semester_2/Semester-2/src/ROS_ROBOT_RPI/vision_rpi_bot' returned '0': PYTHONPATH=/home/marko/Desktop/Semester_2/Semester-2/build/vision_rpi_bot/prefix_override:/usr/lib/python3/dist-packages/colcon_core/task/python/colcon_distutils_commands:/home/marko/Desktop/Semester_2/Semester-2/install/vision_rpi_bot/lib/python3.10/site-packages:${PYTHONPATH} /usr/bin/python3 -W ignore:setup.py install is deprecated setup.py egg_info --egg-base ../../../build/vision_rpi_bot build --build-base /home/marko/Desktop/Semester_2/Semester-2/build/vision_rpi_bot/build install --record /home/marko/Desktop/Semester_2/Semester-2/build/vision_rpi_bot/install.log --single-version-externally-managed install_data
