[0.014s] Invoking command in '/home/marko/Desktop/Semester_2/build/my_robot_bringup': AMENT_PREFIX_PATH=/home/marko/Desktop/Semester_2/install/my_robot_description:${AMENT_PREFIX_PATH} CMAKE_PREFIX_PATH=/home/marko/Desktop/Semester_2/install/my_robot_description:/opt/ros/humble /usr/bin/cmake /home/marko/Desktop/Semester_2/src/my_robot_bringup -DCMAKE_INSTALL_PREFIX=/home/marko/Desktop/Semester_2/install/my_robot_bringup
[0.095s] -- The C compiler identification is GNU 11.4.0
[0.161s] -- The CXX compiler identification is GNU 11.4.0
[0.172s] -- Detecting C compiler ABI info
[0.265s] -- Detecting C compiler ABI info - done
[0.273s] -- Check for working C compiler: /usr/bin/cc - skipped
[0.273s] -- Detecting C compile features
[0.273s] -- Detecting C compile features - done
[0.274s] -- Detecting CXX compiler ABI info
[0.373s] -- Detecting CXX compiler ABI info - done
[0.378s] -- Check for working CXX compiler: /usr/bin/c++ - skipped
[0.379s] -- Detecting CXX compile features
[0.379s] -- Detecting CXX compile features - done
[0.381s] -- Found ament_cmake: 1.3.10 (/opt/ros/humble/share/ament_cmake/cmake)
[0.543s] -- Found Python3: /usr/bin/python3 (found version "3.10.12") found components: Interpreter 
[0.682s] -- Configuring done
[0.687s] -- Generating done
[0.687s] -- Build files have been written to: /home/marko/Desktop/Semester_2/build/my_robot_bringup
[0.704s] Invoked command in '/home/marko/Desktop/Semester_2/build/my_robot_bringup' returned '0': AMENT_PREFIX_PATH=/home/marko/Desktop/Semester_2/install/my_robot_description:${AMENT_PREFIX_PATH} CMAKE_PREFIX_PATH=/home/marko/Desktop/Semester_2/install/my_robot_description:/opt/ros/humble /usr/bin/cmake /home/marko/Desktop/Semester_2/src/my_robot_bringup -DCMAKE_INSTALL_PREFIX=/home/marko/Desktop/Semester_2/install/my_robot_bringup
[0.705s] Invoking command in '/home/marko/Desktop/Semester_2/build/my_robot_bringup': AMENT_PREFIX_PATH=/home/marko/Desktop/Semester_2/install/my_robot_description:${AMENT_PREFIX_PATH} CMAKE_PREFIX_PATH=/home/marko/Desktop/Semester_2/install/my_robot_description:/opt/ros/humble /usr/bin/cmake --build /home/marko/Desktop/Semester_2/build/my_robot_bringup -- -j3 -l3
[0.760s] Invoked command in '/home/marko/Desktop/Semester_2/build/my_robot_bringup' returned '0': AMENT_PREFIX_PATH=/home/marko/Desktop/Semester_2/install/my_robot_description:${AMENT_PREFIX_PATH} CMAKE_PREFIX_PATH=/home/marko/Desktop/Semester_2/install/my_robot_description:/opt/ros/humble /usr/bin/cmake --build /home/marko/Desktop/Semester_2/build/my_robot_bringup -- -j3 -l3
[0.825s] Invoking command in '/home/marko/Desktop/Semester_2/build/my_robot_bringup': AMENT_PREFIX_PATH=/home/marko/Desktop/Semester_2/install/my_robot_description:${AMENT_PREFIX_PATH} CMAKE_PREFIX_PATH=/home/marko/Desktop/Semester_2/install/my_robot_description:/opt/ros/humble /usr/bin/cmake --install /home/marko/Desktop/Semester_2/build/my_robot_bringup
[0.834s] -- Install configuration: ""
[0.834s] -- Installing: /home/marko/Desktop/Semester_2/install/my_robot_bringup/share/my_robot_bringup//launch
[0.834s] -- Installing: /home/marko/Desktop/Semester_2/install/my_robot_bringup/share/my_robot_bringup//launch/my_robot_gazebo.launch.xml
[0.835s] -- Installing: /home/marko/Desktop/Semester_2/install/my_robot_bringup/share/my_robot_bringup//rviz
[0.835s] -- Installing: /home/marko/Desktop/Semester_2/install/my_robot_bringup/share/my_robot_bringup//rviz/urdf_config.rviz
[0.835s] -- Installing: /home/marko/Desktop/Semester_2/install/my_robot_bringup/share/my_robot_bringup//worlds
[0.836s] -- Installing: /home/marko/Desktop/Semester_2/install/my_robot_bringup/share/my_robot_bringup//worlds/test_world.world
[0.836s] -- Installing: /home/marko/Desktop/Semester_2/install/my_robot_bringup/share/ament_index/resource_index/package_run_dependencies/my_robot_bringup
[0.837s] -- Installing: /home/marko/Desktop/Semester_2/install/my_robot_bringup/share/ament_index/resource_index/parent_prefix_path/my_robot_bringup
[0.837s] -- Installing: /home/marko/Desktop/Semester_2/install/my_robot_bringup/share/my_robot_bringup/environment/ament_prefix_path.sh
[0.837s] -- Installing: /home/marko/Desktop/Semester_2/install/my_robot_bringup/share/my_robot_bringup/environment/ament_prefix_path.dsv
[0.837s] -- Installing: /home/marko/Desktop/Semester_2/install/my_robot_bringup/share/my_robot_bringup/environment/path.sh
[0.838s] -- Installing: /home/marko/Desktop/Semester_2/install/my_robot_bringup/share/my_robot_bringup/environment/path.dsv
[0.839s] -- Installing: /home/marko/Desktop/Semester_2/install/my_robot_bringup/share/my_robot_bringup/local_setup.bash
[0.839s] -- Installing: /home/marko/Desktop/Semester_2/install/my_robot_bringup/share/my_robot_bringup/local_setup.sh
[0.839s] -- Installing: /home/marko/Desktop/Semester_2/install/my_robot_bringup/share/my_robot_bringup/local_setup.zsh
[0.839s] -- Installing: /home/marko/Desktop/Semester_2/install/my_robot_bringup/share/my_robot_bringup/local_setup.dsv
[0.839s] -- Installing: /home/marko/Desktop/Semester_2/install/my_robot_bringup/share/my_robot_bringup/package.dsv
[0.839s] -- Installing: /home/marko/Desktop/Semester_2/install/my_robot_bringup/share/ament_index/resource_index/packages/my_robot_bringup
[0.840s] -- Installing: /home/marko/Desktop/Semester_2/install/my_robot_bringup/share/my_robot_bringup/cmake/my_robot_bringupConfig.cmake
[0.840s] -- Installing: /home/marko/Desktop/Semester_2/install/my_robot_bringup/share/my_robot_bringup/cmake/my_robot_bringupConfig-version.cmake
[0.840s] -- Installing: /home/marko/Desktop/Semester_2/install/my_robot_bringup/share/my_robot_bringup/package.xml
[0.844s] Invoked command in '/home/marko/Desktop/Semester_2/build/my_robot_bringup' returned '0': AMENT_PREFIX_PATH=/home/marko/Desktop/Semester_2/install/my_robot_description:${AMENT_PREFIX_PATH} CMAKE_PREFIX_PATH=/home/marko/Desktop/Semester_2/install/my_robot_description:/opt/ros/humble /usr/bin/cmake --install /home/marko/Desktop/Semester_2/build/my_robot_bringup
